Restoring modules from user's fosscuda111, for system: "farnam-rhel7"
/home/vs428/project/MedMentions/full/pretraining2/entity_vocab.jsonl
Some weights of the model checkpoint at microsoft/BiomedNLP-PubMedBERT-base-uncased-abstract were not used when initializing BertModel: ['cls.predictions.bias', 'cls.predictions.transform.dense.weight', 'cls.seq_relationship.bias', 'cls.seq_relationship.weight', 'cls.predictions.decoder.bias', 'cls.predictions.transform.LayerNorm.weight', 'cls.predictions.transform.dense.bias', 'cls.predictions.transform.LayerNorm.bias', 'cls.predictions.decoder.weight']
- This IS expected if you are initializing BertModel from the checkpoint of a model trained on another task or with another architecture (e.g. initializing a BertForSequenceClassification model from a BertForPreTraining model).
- This IS NOT expected if you are initializing BertModel from the checkpoint of a model that you expect to be exactly identical (initializing a BertForSequenceClassification model from a BertForSequenceClassification model).
0
<torch.cuda.device object at 0x2ae051deddc0>
1
GeForce GTX 1080 Ti
[1,     5] train loss: 1.008
[1,    10] train loss: 1.007
[1,    15] train loss: 1.005
[1,    20] train loss: 1.000
[1,    25] train loss: 1.000
[1,    30] train loss: 0.997
[1,    35] train loss: 0.988
[1,    40] train loss: 0.990
[1,    45] train loss: 0.988
[1,    50] train loss: 0.978
[1,    55] train loss: 0.982
[1,    60] train loss: 0.970
[1,    65] train loss: 0.973
[1,    70] train loss: 0.962
[1,    75] train loss: 0.954
[1,    80] train loss: 0.953
[1,    85] train loss: 0.954
[1,    90] train loss: 0.945
[1,    95] train loss: 0.941
[1,   100] train loss: 0.936
[1,   105] train loss: 0.940
[1,   110] train loss: 0.929
[1,   115] train loss: 0.936
[1,   120] train loss: 0.920
[1,   125] train loss: 0.927
[1,   130] train loss: 0.918
[1,   135] train loss: 0.923
[1,   140] train loss: 0.915
[1,   145] train loss: 0.908
[1,   150] train loss: 0.905
[1,   155] train loss: 0.909
[1,   160] train loss: 0.903
[1,   165] train loss: 0.906
[1,   170] train loss: 0.901
[1,   175] train loss: 0.898
[1,   180] train loss: 0.897
[1,   185] train loss: 0.895
[1,   190] train loss: 0.898
[1,   195] train loss: 0.888
[1,   200] train loss: 0.887
[1,   205] train loss: 0.881
[1,   210] train loss: 0.892
[1,   215] train loss: 0.886
[1,   220] train loss: 0.888
[1,   225] train loss: 0.886
[1,   230] train loss: 0.882
[1,   235] train loss: 0.883
[1,   240] train loss: 0.886
[1,   245] train loss: 0.879
[1,   250] train loss: 0.871
[1,   255] train loss: 0.873
[1,   260] train loss: 0.883
[1,   265] train loss: 0.864
[1,   270] train loss: 0.874
[1,   275] train loss: 0.869
[1,   280] train loss: 0.867
[1,   285] train loss: 0.865
[1,   290] train loss: 0.869
[1,   295] train loss: 0.859
[1,   300] train loss: 0.856
[1,   305] train loss: 0.853
[1,   310] train loss: 0.863
[1,   315] train loss: 0.863
[1,   320] train loss: 0.855
[1,   325] train loss: 0.860
[1,   330] train loss: 0.858
Finished Training
[1,     5] test loss: 0.839
[1,    10] test loss: 0.832
[1,    15] test loss: 0.828
[1,    20] test loss: 0.846
[1,    25] test loss: 0.843
[1,    30] test loss: 0.837
[1,    35] test loss: 0.841
[1,    40] test loss: 0.844
[1,    45] test loss: 0.832
[1,    50] test loss: 0.834
[1,    55] test loss: 0.847
[1,    60] test loss: 0.846
[1,    65] test loss: 0.834
[1,    70] test loss: 0.843
[1,    75] test loss: 0.831
[1,    80] test loss: 0.850
[1,    85] test loss: 0.834
[1,    90] test loss: 0.842
[1,    95] test loss: 0.824
[1,   100] test loss: 0.837
[1,   105] test loss: 0.836
[1,   110] test loss: 0.839
-----------------------------------------------------------------------------------------
Micro-Precision: 0.09383753687143326, Macro-Precision: nan

Micro-Recall: 0.0892091616988182, Macro-Recall: nan

Micro-F1: 0.09146483242511749, Macro-F1: nan

-----------------------------------------------------------------------------------------
-----------------------------------------------------------------------------------------
| end of epoch   0 | time: 140.56s | valid loss  0.85 | valid ppl     2.33
-----------------------------------------------------------------------------------------
[2,     5] train loss: 0.844
[2,    10] train loss: 0.844
[2,    15] train loss: 0.843
[2,    20] train loss: 0.843
[2,    25] train loss: 0.861
[2,    30] train loss: 0.844
[2,    35] train loss: 0.842
[2,    40] train loss: 0.851
[2,    45] train loss: 0.831
[2,    50] train loss: 0.838
[2,    55] train loss: 0.833
[2,    60] train loss: 0.849
[2,    65] train loss: 0.843
[2,    70] train loss: 0.822
[2,    75] train loss: 0.832
[2,    80] train loss: 0.836
[2,    85] train loss: 0.828
[2,    90] train loss: 0.825
[2,    95] train loss: 0.836
[2,   100] train loss: 0.830
[2,   105] train loss: 0.831
[2,   110] train loss: 0.817
[2,   115] train loss: 0.837
[2,   120] train loss: 0.823
[2,   125] train loss: 0.824
[2,   130] train loss: 0.835
[2,   135] train loss: 0.825
[2,   140] train loss: 0.819
[2,   145] train loss: 0.824
[2,   150] train loss: 0.829
[2,   155] train loss: 0.828
[2,   160] train loss: 0.820
[2,   165] train loss: 0.831
[2,   170] train loss: 0.810
[2,   175] train loss: 0.821
[2,   180] train loss: 0.809
[2,   185] train loss: 0.809
[2,   190] train loss: 0.820
[2,   195] train loss: 0.811
[2,   200] train loss: 0.808
[2,   205] train loss: 0.821
[2,   210] train loss: 0.817
[2,   215] train loss: 0.804
[2,   220] train loss: 0.805
[2,   225] train loss: 0.812
[2,   230] train loss: 0.812
[2,   235] train loss: 0.805
[2,   240] train loss: 0.816
[2,   245] train loss: 0.807
[2,   250] train loss: 0.810
[2,   255] train loss: 0.814
[2,   260] train loss: 0.800
[2,   265] train loss: 0.791
[2,   270] train loss: 0.796
[2,   275] train loss: 0.828
[2,   280] train loss: 0.800
[2,   285] train loss: 0.789
[2,   290] train loss: 0.813
[2,   295] train loss: 0.805
[2,   300] train loss: 0.807
[2,   305] train loss: 0.795
[2,   310] train loss: 0.805
[2,   315] train loss: 0.797
[2,   320] train loss: 0.803
[2,   325] train loss: 0.803
[2,   330] train loss: 0.802
Finished Training
[2,     5] test loss: 0.770
[2,    10] test loss: 0.783
[2,    15] test loss: 0.782
[2,    20] test loss: 0.777
[2,    25] test loss: 0.775
[2,    30] test loss: 0.773
[2,    35] test loss: 0.778
[2,    40] test loss: 0.780
[2,    45] test loss: 0.768
[2,    50] test loss: 0.781
[2,    55] test loss: 0.770
[2,    60] test loss: 0.761
[2,    65] test loss: 0.763
[2,    70] test loss: 0.774
[2,    75] test loss: 0.779
[2,    80] test loss: 0.759
[2,    85] test loss: 0.774
[2,    90] test loss: 0.763
[2,    95] test loss: 0.762
[2,   100] test loss: 0.782
[2,   105] test loss: 0.781
[2,   110] test loss: 0.768
-----------------------------------------------------------------------------------------
Micro-Precision: 0.19357538223266602, Macro-Precision: nan

Micro-Recall: 0.19625744223594666, Macro-Recall: nan

Micro-F1: 0.19490718841552734, Macro-F1: nan

-----------------------------------------------------------------------------------------
-----------------------------------------------------------------------------------------
| end of epoch   1 | time: 144.17s | valid loss  0.78 | valid ppl     2.18
-----------------------------------------------------------------------------------------
[3,     5] train loss: 0.798
[3,    10] train loss: 0.791
[3,    15] train loss: 0.794
[3,    20] train loss: 0.786
[3,    25] train loss: 0.788
[3,    30] train loss: 0.772
[3,    35] train loss: 0.782
[3,    40] train loss: 0.788
[3,    45] train loss: 0.763
[3,    50] train loss: 0.786
[3,    55] train loss: 0.770
[3,    60] train loss: 0.778
[3,    65] train loss: 0.788
[3,    70] train loss: 0.782
[3,    75] train loss: 0.781
[3,    80] train loss: 0.785
[3,    85] train loss: 0.770
[3,    90] train loss: 0.786
[3,    95] train loss: 0.779
[3,   100] train loss: 0.773
[3,   105] train loss: 0.776
[3,   110] train loss: 0.769
[3,   115] train loss: 0.766
[3,   120] train loss: 0.780
[3,   125] train loss: 0.766
[3,   130] train loss: 0.775
[3,   135] train loss: 0.779
[3,   140] train loss: 0.776
[3,   145] train loss: 0.779
[3,   150] train loss: 0.768
[3,   155] train loss: 0.766
[3,   160] train loss: 0.786
[3,   165] train loss: 0.781
[3,   170] train loss: 0.766
[3,   175] train loss: 0.785
[3,   180] train loss: 0.771
[3,   185] train loss: 0.760
[3,   190] train loss: 0.774
[3,   195] train loss: 0.784
[3,   200] train loss: 0.775
[3,   205] train loss: 0.776
[3,   210] train loss: 0.763
[3,   215] train loss: 0.761
[3,   220] train loss: 0.768
[3,   225] train loss: 0.779
[3,   230] train loss: 0.780
[3,   235] train loss: 0.779
[3,   240] train loss: 0.773
[3,   245] train loss: 0.768
[3,   250] train loss: 0.775
[3,   255] train loss: 0.767
[3,   260] train loss: 0.784
[3,   265] train loss: 0.773
[3,   270] train loss: 0.772
[3,   275] train loss: 0.762
[3,   280] train loss: 0.769
[3,   285] train loss: 0.740
[3,   290] train loss: 0.758
[3,   295] train loss: 0.746
[3,   300] train loss: 0.758
[3,   305] train loss: 0.766
[3,   310] train loss: 0.770
[3,   315] train loss: 0.756
[3,   320] train loss: 0.752
[3,   325] train loss: 0.752
[3,   330] train loss: 0.762
Finished Training
[3,     5] test loss: 0.742
[3,    10] test loss: 0.749
[3,    15] test loss: 0.725
[3,    20] test loss: 0.727
[3,    25] test loss: 0.728
[3,    30] test loss: 0.742
[3,    35] test loss: 0.746
[3,    40] test loss: 0.736
[3,    45] test loss: 0.725
[3,    50] test loss: 0.724
[3,    55] test loss: 0.751
[3,    60] test loss: 0.728
[3,    65] test loss: 0.724
[3,    70] test loss: 0.747
[3,    75] test loss: 0.739
[3,    80] test loss: 0.749
[3,    85] test loss: 0.743
[3,    90] test loss: 0.732
[3,    95] test loss: 0.742
[3,   100] test loss: 0.728
[3,   105] test loss: 0.739
[3,   110] test loss: 0.735
-----------------------------------------------------------------------------------------
Micro-Precision: 0.24131068587303162, Macro-Precision: nan

Micro-Recall: 0.2590462863445282, Macro-Recall: nan

Micro-F1: 0.24986416101455688, Macro-F1: nan

-----------------------------------------------------------------------------------------
-----------------------------------------------------------------------------------------
| end of epoch   2 | time: 145.93s | valid loss  0.74 | valid ppl     2.10
-----------------------------------------------------------------------------------------
[4,     5] train loss: 0.751
[4,    10] train loss: 0.746
[4,    15] train loss: 0.744
[4,    20] train loss: 0.758
[4,    25] train loss: 0.743
[4,    30] train loss: 0.757
[4,    35] train loss: 0.749
[4,    40] train loss: 0.743
[4,    45] train loss: 0.745
[4,    50] train loss: 0.743
[4,    55] train loss: 0.755
[4,    60] train loss: 0.745
[4,    65] train loss: 0.743
[4,    70] train loss: 0.764
[4,    75] train loss: 0.751
[4,    80] train loss: 0.753
[4,    85] train loss: 0.740
[4,    90] train loss: 0.748
[4,    95] train loss: 0.760
[4,   100] train loss: 0.739
[4,   105] train loss: 0.737
[4,   110] train loss: 0.751
[4,   115] train loss: 0.734
[4,   120] train loss: 0.729
[4,   125] train loss: 0.738
[4,   130] train loss: 0.714
[4,   135] train loss: 0.740
[4,   140] train loss: 0.754
[4,   145] train loss: 0.735
[4,   150] train loss: 0.739
[4,   155] train loss: 0.729
[4,   160] train loss: 0.737
[4,   165] train loss: 0.745
[4,   170] train loss: 0.759
[4,   175] train loss: 0.733
[4,   180] train loss: 0.743
[4,   185] train loss: 0.736
[4,   190] train loss: 0.736
[4,   195] train loss: 0.747
[4,   200] train loss: 0.731
[4,   205] train loss: 0.735
[4,   210] train loss: 0.755
[4,   215] train loss: 0.747
[4,   220] train loss: 0.754
[4,   225] train loss: 0.744
[4,   230] train loss: 0.718
[4,   235] train loss: 0.759
[4,   240] train loss: 0.720
[4,   245] train loss: 0.738
[4,   250] train loss: 0.747
[4,   255] train loss: 0.733
[4,   260] train loss: 0.728
[4,   265] train loss: 0.732
[4,   270] train loss: 0.753
[4,   275] train loss: 0.748
[4,   280] train loss: 0.737
[4,   285] train loss: 0.733
[4,   290] train loss: 0.727
[4,   295] train loss: 0.721
[4,   300] train loss: 0.720
[4,   305] train loss: 0.742
[4,   310] train loss: 0.742
[4,   315] train loss: 0.754
[4,   320] train loss: 0.723
[4,   325] train loss: 0.738
[4,   330] train loss: 0.731
Finished Training
[4,     5] test loss: 0.721
[4,    10] test loss: 0.705
[4,    15] test loss: 0.717
[4,    20] test loss: 0.722
[4,    25] test loss: 0.703
[4,    30] test loss: 0.715
[4,    35] test loss: 0.711
[4,    40] test loss: 0.711
[4,    45] test loss: 0.732
[4,    50] test loss: 0.713
[4,    55] test loss: 0.708
[4,    60] test loss: 0.720
[4,    65] test loss: 0.707
[4,    70] test loss: 0.709
[4,    75] test loss: 0.705
[4,    80] test loss: 0.720
[4,    85] test loss: 0.715
[4,    90] test loss: 0.700
[4,    95] test loss: 0.715
[4,   100] test loss: 0.717
[4,   105] test loss: 0.711
[4,   110] test loss: 0.695
-----------------------------------------------------------------------------------------
Micro-Precision: 0.260206401348114, Macro-Precision: nan

Micro-Recall: 0.29257941246032715, Macro-Recall: nan

Micro-F1: 0.27544498443603516, Macro-F1: nan

-----------------------------------------------------------------------------------------
-----------------------------------------------------------------------------------------
| end of epoch   3 | time: 147.62s | valid loss  0.72 | valid ppl     2.05
-----------------------------------------------------------------------------------------
[5,     5] train loss: 0.717
[5,    10] train loss: 0.721
[5,    15] train loss: 0.720
[5,    20] train loss: 0.714
[5,    25] train loss: 0.733
[5,    30] train loss: 0.726
[5,    35] train loss: 0.734
[5,    40] train loss: 0.705
[5,    45] train loss: 0.717
[5,    50] train loss: 0.726
[5,    55] train loss: 0.723
[5,    60] train loss: 0.703
[5,    65] train loss: 0.726
[5,    70] train loss: 0.723
[5,    75] train loss: 0.733
[5,    80] train loss: 0.726
[5,    85] train loss: 0.737
[5,    90] train loss: 0.716
[5,    95] train loss: 0.707
[5,   100] train loss: 0.705
[5,   105] train loss: 0.730
[5,   110] train loss: 0.727
[5,   115] train loss: 0.714
[5,   120] train loss: 0.711
[5,   125] train loss: 0.703
[5,   130] train loss: 0.713
[5,   135] train loss: 0.716
[5,   140] train loss: 0.724
[5,   145] train loss: 0.713
[5,   150] train loss: 0.711
[5,   155] train loss: 0.722
[5,   160] train loss: 0.719
[5,   165] train loss: 0.733
[5,   170] train loss: 0.699
[5,   175] train loss: 0.720
[5,   180] train loss: 0.721
[5,   185] train loss: 0.715
[5,   190] train loss: 0.720
[5,   195] train loss: 0.724
[5,   200] train loss: 0.706
[5,   205] train loss: 0.708
[5,   210] train loss: 0.716
[5,   215] train loss: 0.727
[5,   220] train loss: 0.725
[5,   225] train loss: 0.703
[5,   230] train loss: 0.709
[5,   235] train loss: 0.718
[5,   240] train loss: 0.712
[5,   245] train loss: 0.710
[5,   250] train loss: 0.695
[5,   255] train loss: 0.709
[5,   260] train loss: 0.729
[5,   265] train loss: 0.690
[5,   270] train loss: 0.728
[5,   275] train loss: 0.719
[5,   280] train loss: 0.703
[5,   285] train loss: 0.712
[5,   290] train loss: 0.709
[5,   295] train loss: 0.717
[5,   300] train loss: 0.716
[5,   305] train loss: 0.715
[5,   310] train loss: 0.706
[5,   315] train loss: 0.722
[5,   320] train loss: 0.716
[5,   325] train loss: 0.723
[5,   330] train loss: 0.708
Finished Training
[5,     5] test loss: 0.695
[5,    10] test loss: 0.687
[5,    15] test loss: 0.689
[5,    20] test loss: 0.714
[5,    25] test loss: 0.707
[5,    30] test loss: 0.702
[5,    35] test loss: 0.692
[5,    40] test loss: 0.689
[5,    45] test loss: 0.687
[5,    50] test loss: 0.697
[5,    55] test loss: 0.694
[5,    60] test loss: 0.687
[5,    65] test loss: 0.681
[5,    70] test loss: 0.702
[5,    75] test loss: 0.714
[5,    80] test loss: 0.678
[5,    85] test loss: 0.700
[5,    90] test loss: 0.696
[5,    95] test loss: 0.695
[5,   100] test loss: 0.694
[5,   105] test loss: 0.690
[5,   110] test loss: 0.693
-----------------------------------------------------------------------------------------
Micro-Precision: 0.27989453077316284, Macro-Precision: nan

Micro-Recall: 0.3091318905353546, Macro-Recall: nan

Micro-F1: 0.2937875986099243, Macro-F1: nan

-----------------------------------------------------------------------------------------
-----------------------------------------------------------------------------------------
| end of epoch   4 | time: 145.16s | valid loss  0.70 | valid ppl     2.02
-----------------------------------------------------------------------------------------
[6,     5] train loss: 0.692
[6,    10] train loss: 0.708
[6,    15] train loss: 0.711
[6,    20] train loss: 0.699
[6,    25] train loss: 0.703
[6,    30] train loss: 0.686
[6,    35] train loss: 0.699
[6,    40] train loss: 0.712
[6,    45] train loss: 0.693
[6,    50] train loss: 0.696
[6,    55] train loss: 0.673
[6,    60] train loss: 0.708
[6,    65] train loss: 0.706
[6,    70] train loss: 0.697
[6,    75] train loss: 0.702
[6,    80] train loss: 0.682
[6,    85] train loss: 0.702
[6,    90] train loss: 0.670
[6,    95] train loss: 0.698
[6,   100] train loss: 0.698
[6,   105] train loss: 0.718
[6,   110] train loss: 0.689
[6,   115] train loss: 0.691
[6,   120] train loss: 0.712
[6,   125] train loss: 0.711
[6,   130] train loss: 0.687
[6,   135] train loss: 0.693
[6,   140] train loss: 0.692
[6,   145] train loss: 0.696
[6,   150] train loss: 0.704
[6,   155] train loss: 0.695
[6,   160] train loss: 0.716
[6,   165] train loss: 0.692
[6,   170] train loss: 0.700
[6,   175] train loss: 0.680
[6,   180] train loss: 0.691
[6,   185] train loss: 0.696
[6,   190] train loss: 0.682
[6,   195] train loss: 0.692
[6,   200] train loss: 0.699
[6,   205] train loss: 0.699
[6,   210] train loss: 0.680
[6,   215] train loss: 0.696
[6,   220] train loss: 0.715
[6,   225] train loss: 0.693
[6,   230] train loss: 0.694
[6,   235] train loss: 0.716
[6,   240] train loss: 0.704
[6,   245] train loss: 0.702
[6,   250] train loss: 0.690
[6,   255] train loss: 0.708
[6,   260] train loss: 0.701
[6,   265] train loss: 0.697
[6,   270] train loss: 0.695
[6,   275] train loss: 0.695
[6,   280] train loss: 0.685
[6,   285] train loss: 0.706
[6,   290] train loss: 0.682
[6,   295] train loss: 0.686
[6,   300] train loss: 0.675
[6,   305] train loss: 0.701
[6,   310] train loss: 0.690
[6,   315] train loss: 0.703
[6,   320] train loss: 0.701
[6,   325] train loss: 0.678
[6,   330] train loss: 0.666
Finished Training
[6,     5] test loss: 0.672
[6,    10] test loss: 0.662
[6,    15] test loss: 0.700
[6,    20] test loss: 0.691
[6,    25] test loss: 0.680
[6,    30] test loss: 0.704
[6,    35] test loss: 0.681
[6,    40] test loss: 0.677
[6,    45] test loss: 0.672
[6,    50] test loss: 0.682
[6,    55] test loss: 0.680
[6,    60] test loss: 0.676
[6,    65] test loss: 0.676
[6,    70] test loss: 0.661
[6,    75] test loss: 0.692
[6,    80] test loss: 0.675
[6,    85] test loss: 0.669
[6,    90] test loss: 0.689
[6,    95] test loss: 0.680
[6,   100] test loss: 0.682
[6,   105] test loss: 0.685
[6,   110] test loss: 0.672
-----------------------------------------------------------------------------------------
Micro-Precision: 0.29114341735839844, Macro-Precision: nan

Micro-Recall: 0.3236176371574402, Macro-Recall: nan

Micro-F1: 0.30652281641960144, Macro-F1: nan

-----------------------------------------------------------------------------------------
-----------------------------------------------------------------------------------------
| end of epoch   5 | time: 145.20s | valid loss  0.69 | valid ppl     1.99
-----------------------------------------------------------------------------------------
[7,     5] train loss: 0.677
[7,    10] train loss: 0.694
[7,    15] train loss: 0.685
[7,    20] train loss: 0.690
[7,    25] train loss: 0.694
[7,    30] train loss: 0.667
[7,    35] train loss: 0.684
[7,    40] train loss: 0.705
[7,    45] train loss: 0.663
[7,    50] train loss: 0.694
[7,    55] train loss: 0.696
[7,    60] train loss: 0.681
[7,    65] train loss: 0.684
[7,    70] train loss: 0.701
[7,    75] train loss: 0.681
[7,    80] train loss: 0.695
[7,    85] train loss: 0.685
[7,    90] train loss: 0.694
[7,    95] train loss: 0.669
[7,   100] train loss: 0.677
[7,   105] train loss: 0.663
[7,   110] train loss: 0.676
[7,   115] train loss: 0.694
[7,   120] train loss: 0.666
[7,   125] train loss: 0.673
[7,   130] train loss: 0.674
[7,   135] train loss: 0.680
[7,   140] train loss: 0.685
[7,   145] train loss: 0.663
[7,   150] train loss: 0.666
[7,   155] train loss: 0.684
[7,   160] train loss: 0.677
[7,   165] train loss: 0.680
[7,   170] train loss: 0.686
[7,   175] train loss: 0.684
[7,   180] train loss: 0.658
[7,   185] train loss: 0.676
[7,   190] train loss: 0.673
[7,   195] train loss: 0.663
[7,   200] train loss: 0.677
[7,   205] train loss: 0.677
[7,   210] train loss: 0.677
[7,   215] train loss: 0.676
[7,   220] train loss: 0.677
[7,   225] train loss: 0.687
[7,   230] train loss: 0.681
[7,   235] train loss: 0.686
[7,   240] train loss: 0.690
[7,   245] train loss: 0.666
[7,   250] train loss: 0.675
[7,   255] train loss: 0.677
[7,   260] train loss: 0.685
[7,   265] train loss: 0.674
[7,   270] train loss: 0.670
[7,   275] train loss: 0.668
[7,   280] train loss: 0.683
[7,   285] train loss: 0.677
[7,   290] train loss: 0.666
[7,   295] train loss: 0.702
[7,   300] train loss: 0.682
[7,   305] train loss: 0.664
[7,   310] train loss: 0.690
[7,   315] train loss: 0.662
[7,   320] train loss: 0.674
[7,   325] train loss: 0.675
[7,   330] train loss: 0.661
Finished Training
[7,     5] test loss: 0.665
[7,    10] test loss: 0.682
[7,    15] test loss: 0.670
[7,    20] test loss: 0.651
[7,    25] test loss: 0.678
[7,    30] test loss: 0.678
[7,    35] test loss: 0.658
[7,    40] test loss: 0.662
[7,    45] test loss: 0.673
[7,    50] test loss: 0.649
[7,    55] test loss: 0.673
[7,    60] test loss: 0.671
[7,    65] test loss: 0.671
[7,    70] test loss: 0.675
[7,    75] test loss: 0.673
[7,    80] test loss: 0.671
[7,    85] test loss: 0.660
[7,    90] test loss: 0.652
[7,    95] test loss: 0.671
[7,   100] test loss: 0.685
[7,   105] test loss: 0.674
[7,   110] test loss: 0.648
-----------------------------------------------------------------------------------------
Micro-Precision: 0.30616486072540283, Macro-Precision: nan

Micro-Recall: 0.336376816034317, Macro-Recall: nan

Micro-F1: 0.3205605447292328, Macro-F1: nan

-----------------------------------------------------------------------------------------
-----------------------------------------------------------------------------------------
| end of epoch   6 | time: 145.53s | valid loss  0.67 | valid ppl     1.96
-----------------------------------------------------------------------------------------
[8,     5] train loss: 0.680
[8,    10] train loss: 0.675
[8,    15] train loss: 0.665
[8,    20] train loss: 0.679
[8,    25] train loss: 0.655
[8,    30] train loss: 0.674
[8,    35] train loss: 0.658
[8,    40] train loss: 0.651
[8,    45] train loss: 0.685
[8,    50] train loss: 0.664
[8,    55] train loss: 0.658
[8,    60] train loss: 0.664
[8,    65] train loss: 0.656
[8,    70] train loss: 0.669
[8,    75] train loss: 0.666
[8,    80] train loss: 0.675
[8,    85] train loss: 0.658
[8,    90] train loss: 0.686
[8,    95] train loss: 0.643
[8,   100] train loss: 0.681
[8,   105] train loss: 0.656
[8,   110] train loss: 0.678
[8,   115] train loss: 0.663
[8,   120] train loss: 0.671
[8,   125] train loss: 0.663
[8,   130] train loss: 0.668
[8,   135] train loss: 0.679
[8,   140] train loss: 0.667
[8,   145] train loss: 0.673
[8,   150] train loss: 0.647
[8,   155] train loss: 0.663
[8,   160] train loss: 0.667
[8,   165] train loss: 0.646
[8,   170] train loss: 0.670
[8,   175] train loss: 0.676
[8,   180] train loss: 0.655
[8,   185] train loss: 0.645
[8,   190] train loss: 0.658
[8,   195] train loss: 0.657
[8,   200] train loss: 0.677
[8,   205] train loss: 0.654
[8,   210] train loss: 0.666
[8,   215] train loss: 0.671
[8,   220] train loss: 0.664
[8,   225] train loss: 0.651
[8,   230] train loss: 0.659
[8,   235] train loss: 0.676
[8,   240] train loss: 0.652
[8,   245] train loss: 0.650
[8,   250] train loss: 0.661
[8,   255] train loss: 0.666
[8,   260] train loss: 0.657
[8,   265] train loss: 0.664
[8,   270] train loss: 0.669
[8,   275] train loss: 0.661
[8,   280] train loss: 0.665
[8,   285] train loss: 0.652
[8,   290] train loss: 0.674
[8,   295] train loss: 0.659
[8,   300] train loss: 0.656
[8,   305] train loss: 0.665
[8,   310] train loss: 0.633
[8,   315] train loss: 0.669
[8,   320] train loss: 0.664
[8,   325] train loss: 0.675
[8,   330] train loss: 0.659
Finished Training
[8,     5] test loss: 0.667
[8,    10] test loss: 0.641
[8,    15] test loss: 0.657
[8,    20] test loss: 0.649
[8,    25] test loss: 0.677
[8,    30] test loss: 0.672
[8,    35] test loss: 0.645
[8,    40] test loss: 0.638
[8,    45] test loss: 0.662
[8,    50] test loss: 0.653
[8,    55] test loss: 0.663
[8,    60] test loss: 0.668
[8,    65] test loss: 0.641
[8,    70] test loss: 0.680
[8,    75] test loss: 0.643
[8,    80] test loss: 0.646
[8,    85] test loss: 0.651
[8,    90] test loss: 0.662
[8,    95] test loss: 0.650
[8,   100] test loss: 0.647
[8,   105] test loss: 0.678
[8,   110] test loss: 0.686
-----------------------------------------------------------------------------------------
Micro-Precision: 0.3147502839565277, Macro-Precision: nan

Micro-Recall: 0.3396104872226715, Macro-Recall: nan

Micro-F1: 0.3267081379890442, Macro-F1: nan

-----------------------------------------------------------------------------------------
-----------------------------------------------------------------------------------------
| end of epoch   7 | time: 144.77s | valid loss  0.66 | valid ppl     1.94
-----------------------------------------------------------------------------------------
[9,     5] train loss: 0.655
[9,    10] train loss: 0.666
[9,    15] train loss: 0.651
[9,    20] train loss: 0.659
[9,    25] train loss: 0.640
[9,    30] train loss: 0.653
[9,    35] train loss: 0.658
[9,    40] train loss: 0.637
[9,    45] train loss: 0.654
[9,    50] train loss: 0.647
[9,    55] train loss: 0.654
[9,    60] train loss: 0.658
[9,    65] train loss: 0.646
[9,    70] train loss: 0.649
[9,    75] train loss: 0.657
[9,    80] train loss: 0.653
[9,    85] train loss: 0.639
[9,    90] train loss: 0.644
[9,    95] train loss: 0.652
[9,   100] train loss: 0.655
[9,   105] train loss: 0.659
[9,   110] train loss: 0.659
[9,   115] train loss: 0.651
[9,   120] train loss: 0.645
[9,   125] train loss: 0.629
[9,   130] train loss: 0.650
[9,   135] train loss: 0.658
[9,   140] train loss: 0.666
[9,   145] train loss: 0.663
[9,   150] train loss: 0.644
[9,   155] train loss: 0.660
[9,   160] train loss: 0.652
[9,   165] train loss: 0.663
[9,   170] train loss: 0.648
[9,   175] train loss: 0.661
[9,   180] train loss: 0.669
[9,   185] train loss: 0.650
[9,   190] train loss: 0.664
[9,   195] train loss: 0.658
[9,   200] train loss: 0.645
[9,   205] train loss: 0.641
[9,   210] train loss: 0.663
[9,   215] train loss: 0.649
[9,   220] train loss: 0.649
[9,   225] train loss: 0.632
[9,   230] train loss: 0.632
[9,   235] train loss: 0.643
[9,   240] train loss: 0.657
[9,   245] train loss: 0.662
[9,   250] train loss: 0.644
[9,   255] train loss: 0.629
[9,   260] train loss: 0.642
[9,   265] train loss: 0.645
[9,   270] train loss: 0.668
[9,   275] train loss: 0.633
[9,   280] train loss: 0.631
[9,   285] train loss: 0.640
[9,   290] train loss: 0.652
[9,   295] train loss: 0.634
[9,   300] train loss: 0.644
[9,   305] train loss: 0.648
[9,   310] train loss: 0.646
[9,   315] train loss: 0.637
[9,   320] train loss: 0.654
[9,   325] train loss: 0.648
[9,   330] train loss: 0.655
Finished Training
[9,     5] test loss: 0.650
[9,    10] test loss: 0.645
[9,    15] test loss: 0.662
[9,    20] test loss: 0.654
[9,    25] test loss: 0.652
[9,    30] test loss: 0.654
[9,    35] test loss: 0.656
[9,    40] test loss: 0.658
[9,    45] test loss: 0.646
[9,    50] test loss: 0.647
[9,    55] test loss: 0.655
[9,    60] test loss: 0.633
[9,    65] test loss: 0.646
[9,    70] test loss: 0.642
[9,    75] test loss: 0.643
[9,    80] test loss: 0.663
[9,    85] test loss: 0.638
[9,    90] test loss: 0.641
[9,    95] test loss: 0.673
[9,   100] test loss: 0.653
[9,   105] test loss: 0.658
[9,   110] test loss: 0.638
-----------------------------------------------------------------------------------------
Micro-Precision: 0.3253309428691864, Macro-Precision: nan

Micro-Recall: 0.3182476758956909, Macro-Recall: nan

Micro-F1: 0.32175031304359436, Macro-F1: nan

-----------------------------------------------------------------------------------------
-----------------------------------------------------------------------------------------
| end of epoch   8 | time: 141.94s | valid loss  0.66 | valid ppl     1.93
-----------------------------------------------------------------------------------------
[10,     5] train loss: 0.642
[10,    10] train loss: 0.653
[10,    15] train loss: 0.641
[10,    20] train loss: 0.633
[10,    25] train loss: 0.634
[10,    30] train loss: 0.630
[10,    35] train loss: 0.643
[10,    40] train loss: 0.645
[10,    45] train loss: 0.638
[10,    50] train loss: 0.638
[10,    55] train loss: 0.637
[10,    60] train loss: 0.658
[10,    65] train loss: 0.628
[10,    70] train loss: 0.624
[10,    75] train loss: 0.644
[10,    80] train loss: 0.642
[10,    85] train loss: 0.624
[10,    90] train loss: 0.626
[10,    95] train loss: 0.638
[10,   100] train loss: 0.642
[10,   105] train loss: 0.628
[10,   110] train loss: 0.631
[10,   115] train loss: 0.653
[10,   120] train loss: 0.630
[10,   125] train loss: 0.633
[10,   130] train loss: 0.644
[10,   135] train loss: 0.646
[10,   140] train loss: 0.633
[10,   145] train loss: 0.627
[10,   150] train loss: 0.653
[10,   155] train loss: 0.638
[10,   160] train loss: 0.638
[10,   165] train loss: 0.630
[10,   170] train loss: 0.635
[10,   175] train loss: 0.660
[10,   180] train loss: 0.645
[10,   185] train loss: 0.662
[10,   190] train loss: 0.622
[10,   195] train loss: 0.631
[10,   200] train loss: 0.634
[10,   205] train loss: 0.646
[10,   210] train loss: 0.653
[10,   215] train loss: 0.650
[10,   220] train loss: 0.636
[10,   225] train loss: 0.632
[10,   230] train loss: 0.621
[10,   235] train loss: 0.645
[10,   240] train loss: 0.645
[10,   245] train loss: 0.644
[10,   250] train loss: 0.626
[10,   255] train loss: 0.651
[10,   260] train loss: 0.637
[10,   265] train loss: 0.629
[10,   270] train loss: 0.632
[10,   275] train loss: 0.620
[10,   280] train loss: 0.631
[10,   285] train loss: 0.620
[10,   290] train loss: 0.635
[10,   295] train loss: 0.636
[10,   300] train loss: 0.645
[10,   305] train loss: 0.631
[10,   310] train loss: 0.627
[10,   315] train loss: 0.629
[10,   320] train loss: 0.632
[10,   325] train loss: 0.650
[10,   330] train loss: 0.648
Finished Training
[10,     5] test loss: 0.646
[10,    10] test loss: 0.644
[10,    15] test loss: 0.642
[10,    20] test loss: 0.603
[10,    25] test loss: 0.622
[10,    30] test loss: 0.671
[10,    35] test loss: 0.623
[10,    40] test loss: 0.660
[10,    45] test loss: 0.650
[10,    50] test loss: 0.652
[10,    55] test loss: 0.645
[10,    60] test loss: 0.640
[10,    65] test loss: 0.630
[10,    70] test loss: 0.646
[10,    75] test loss: 0.654
[10,    80] test loss: 0.625
[10,    85] test loss: 0.656
[10,    90] test loss: 0.641
[10,    95] test loss: 0.644
[10,   100] test loss: 0.678
[10,   105] test loss: 0.647
[10,   110] test loss: 0.637
-----------------------------------------------------------------------------------------
Micro-Precision: 0.3255740702152252, Macro-Precision: nan

Micro-Recall: 0.3479068875312805, Macro-Recall: nan

Micro-F1: 0.33637019991874695, Macro-F1: nan

-----------------------------------------------------------------------------------------
-----------------------------------------------------------------------------------------
| end of epoch   9 | time: 145.62s | valid loss  0.65 | valid ppl     1.91
-----------------------------------------------------------------------------------------
[11,     5] train loss: 0.625
[11,    10] train loss: 0.625
[11,    15] train loss: 0.622
[11,    20] train loss: 0.637
[11,    25] train loss: 0.627
[11,    30] train loss: 0.616
[11,    35] train loss: 0.611
[11,    40] train loss: 0.621
[11,    45] train loss: 0.638
[11,    50] train loss: 0.643
[11,    55] train loss: 0.616
[11,    60] train loss: 0.631
[11,    65] train loss: 0.633
[11,    70] train loss: 0.620
[11,    75] train loss: 0.617
[11,    80] train loss: 0.620
[11,    85] train loss: 0.640
[11,    90] train loss: 0.610
[11,    95] train loss: 0.624
[11,   100] train loss: 0.618
[11,   105] train loss: 0.624
[11,   110] train loss: 0.619
[11,   115] train loss: 0.624
[11,   120] train loss: 0.626
[11,   125] train loss: 0.619
[11,   130] train loss: 0.617
[11,   135] train loss: 0.604
[11,   140] train loss: 0.633
[11,   145] train loss: 0.647
[11,   150] train loss: 0.634
[11,   155] train loss: 0.626
[11,   160] train loss: 0.637
[11,   165] train loss: 0.624
[11,   170] train loss: 0.639
[11,   175] train loss: 0.629
[11,   180] train loss: 0.632
[11,   185] train loss: 0.615
[11,   190] train loss: 0.658
[11,   195] train loss: 0.634
[11,   200] train loss: 0.624
[11,   205] train loss: 0.602
[11,   210] train loss: 0.628
[11,   215] train loss: 0.627
[11,   220] train loss: 0.633
[11,   225] train loss: 0.645
[11,   230] train loss: 0.644
[11,   235] train loss: 0.606
[11,   240] train loss: 0.638
[11,   245] train loss: 0.614
[11,   250] train loss: 0.630
[11,   255] train loss: 0.622
[11,   260] train loss: 0.621
[11,   265] train loss: 0.650
[11,   270] train loss: 0.618
[11,   275] train loss: 0.623
[11,   280] train loss: 0.620
[11,   285] train loss: 0.620
[11,   290] train loss: 0.636
[11,   295] train loss: 0.630
[11,   300] train loss: 0.618
[11,   305] train loss: 0.626
[11,   310] train loss: 0.637
[11,   315] train loss: 0.620
[11,   320] train loss: 0.609
[11,   325] train loss: 0.619
[11,   330] train loss: 0.633
Finished Training
[11,     5] test loss: 0.634
[11,    10] test loss: 0.622
[11,    15] test loss: 0.639
[11,    20] test loss: 0.648
[11,    25] test loss: 0.630
[11,    30] test loss: 0.650
[11,    35] test loss: 0.635
[11,    40] test loss: 0.635
[11,    45] test loss: 0.662
[11,    50] test loss: 0.624
[11,    55] test loss: 0.643
[11,    60] test loss: 0.653
[11,    65] test loss: 0.622
[11,    70] test loss: 0.636
[11,    75] test loss: 0.618
[11,    80] test loss: 0.624
[11,    85] test loss: 0.634
[11,    90] test loss: 0.641
[11,    95] test loss: 0.634
[11,   100] test loss: 0.640
[11,   105] test loss: 0.649
[11,   110] test loss: 0.619
-----------------------------------------------------------------------------------------
Micro-Precision: 0.33726826310157776, Macro-Precision: nan

Micro-Recall: 0.3407078981399536, Macro-Recall: nan

Micro-F1: 0.3389793634414673, Macro-F1: nan

-----------------------------------------------------------------------------------------
-----------------------------------------------------------------------------------------
| end of epoch  10 | time: 142.77s | valid loss  0.64 | valid ppl     1.90
-----------------------------------------------------------------------------------------
[12,     5] train loss: 0.610
[12,    10] train loss: 0.615
[12,    15] train loss: 0.622
[12,    20] train loss: 0.594
[12,    25] train loss: 0.610
[12,    30] train loss: 0.604
[12,    35] train loss: 0.620
[12,    40] train loss: 0.605
[12,    45] train loss: 0.627
[12,    50] train loss: 0.628
[12,    55] train loss: 0.605
[12,    60] train loss: 0.629
[12,    65] train loss: 0.596
[12,    70] train loss: 0.600
[12,    75] train loss: 0.618
[12,    80] train loss: 0.616
[12,    85] train loss: 0.620
[12,    90] train loss: 0.609
[12,    95] train loss: 0.632
[12,   100] train loss: 0.605
[12,   105] train loss: 0.608
[12,   110] train loss: 0.614
[12,   115] train loss: 0.624
[12,   120] train loss: 0.603
[12,   125] train loss: 0.615
[12,   130] train loss: 0.597
[12,   135] train loss: 0.612
[12,   140] train loss: 0.629
[12,   145] train loss: 0.611
[12,   150] train loss: 0.619
[12,   155] train loss: 0.617
[12,   160] train loss: 0.624
[12,   165] train loss: 0.614
[12,   170] train loss: 0.605
[12,   175] train loss: 0.606
[12,   180] train loss: 0.619
[12,   185] train loss: 0.609
[12,   190] train loss: 0.609
[12,   195] train loss: 0.609
[12,   200] train loss: 0.612
[12,   205] train loss: 0.616
[12,   210] train loss: 0.620
[12,   215] train loss: 0.613
[12,   220] train loss: 0.612
[12,   225] train loss: 0.627
[12,   230] train loss: 0.612
[12,   235] train loss: 0.628
[12,   240] train loss: 0.603
[12,   245] train loss: 0.634
[12,   250] train loss: 0.614
[12,   255] train loss: 0.603
[12,   260] train loss: 0.623
[12,   265] train loss: 0.584
[12,   270] train loss: 0.627
[12,   275] train loss: 0.620
[12,   280] train loss: 0.607
[12,   285] train loss: 0.642
[12,   290] train loss: 0.620
[12,   295] train loss: 0.643
[12,   300] train loss: 0.617
[12,   305] train loss: 0.618
[12,   310] train loss: 0.633
[12,   315] train loss: 0.614
[12,   320] train loss: 0.609
[12,   325] train loss: 0.627
[12,   330] train loss: 0.642
Finished Training
[12,     5] test loss: 0.641
[12,    10] test loss: 0.633
[12,    15] test loss: 0.645
[12,    20] test loss: 0.616
[12,    25] test loss: 0.619
[12,    30] test loss: 0.596
[12,    35] test loss: 0.634
[12,    40] test loss: 0.635
[12,    45] test loss: 0.620
[12,    50] test loss: 0.638
[12,    55] test loss: 0.631
[12,    60] test loss: 0.638
[12,    65] test loss: 0.641
[12,    70] test loss: 0.637
[12,    75] test loss: 0.639
[12,    80] test loss: 0.625
[12,    85] test loss: 0.626
[12,    90] test loss: 0.620
[12,    95] test loss: 0.637
[12,   100] test loss: 0.644
[12,   105] test loss: 0.626
[12,   110] test loss: 0.621
-----------------------------------------------------------------------------------------
Micro-Precision: 0.3392568826675415, Macro-Precision: nan

Micro-Recall: 0.3474920988082886, Macro-Recall: nan

Micro-F1: 0.34332510828971863, Macro-F1: nan

-----------------------------------------------------------------------------------------
-----------------------------------------------------------------------------------------
| end of epoch  11 | time: 144.71s | valid loss  0.64 | valid ppl     1.89
-----------------------------------------------------------------------------------------
[13,     5] train loss: 0.594
[13,    10] train loss: 0.608
[13,    15] train loss: 0.629
[13,    20] train loss: 0.614
[13,    25] train loss: 0.604
[13,    30] train loss: 0.599
[13,    35] train loss: 0.610
[13,    40] train loss: 0.596
[13,    45] train loss: 0.601
[13,    50] train loss: 0.605
[13,    55] train loss: 0.610
[13,    60] train loss: 0.590
[13,    65] train loss: 0.595
[13,    70] train loss: 0.596
[13,    75] train loss: 0.619
[13,    80] train loss: 0.597
[13,    85] train loss: 0.597
[13,    90] train loss: 0.618
[13,    95] train loss: 0.605
[13,   100] train loss: 0.601
[13,   105] train loss: 0.613
[13,   110] train loss: 0.596
[13,   115] train loss: 0.606
[13,   120] train loss: 0.596
[13,   125] train loss: 0.625
[13,   130] train loss: 0.612
[13,   135] train loss: 0.605
[13,   140] train loss: 0.610
[13,   145] train loss: 0.631
[13,   150] train loss: 0.610
[13,   155] train loss: 0.594
[13,   160] train loss: 0.614
[13,   165] train loss: 0.614
[13,   170] train loss: 0.599
[13,   175] train loss: 0.620
[13,   180] train loss: 0.612
[13,   185] train loss: 0.609
[13,   190] train loss: 0.601
[13,   195] train loss: 0.609
[13,   200] train loss: 0.612
[13,   205] train loss: 0.604
[13,   210] train loss: 0.608
[13,   215] train loss: 0.598
[13,   220] train loss: 0.605
[13,   225] train loss: 0.609
[13,   230] train loss: 0.620
[13,   235] train loss: 0.608
[13,   240] train loss: 0.607
[13,   245] train loss: 0.604
[13,   250] train loss: 0.616
[13,   255] train loss: 0.606
[13,   260] train loss: 0.593
[13,   265] train loss: 0.594
[13,   270] train loss: 0.604
[13,   275] train loss: 0.586
[13,   280] train loss: 0.615
[13,   285] train loss: 0.616
[13,   290] train loss: 0.594
[13,   295] train loss: 0.604
[13,   300] train loss: 0.630
[13,   305] train loss: 0.608
[13,   310] train loss: 0.618
[13,   315] train loss: 0.615
[13,   320] train loss: 0.592
[13,   325] train loss: 0.611
[13,   330] train loss: 0.569
Finished Training
[13,     5] test loss: 0.638
[13,    10] test loss: 0.621
[13,    15] test loss: 0.647
[13,    20] test loss: 0.624
[13,    25] test loss: 0.653
[13,    30] test loss: 0.619
[13,    35] test loss: 0.616
[13,    40] test loss: 0.629
[13,    45] test loss: 0.616
[13,    50] test loss: 0.609
[13,    55] test loss: 0.618
[13,    60] test loss: 0.649
[13,    65] test loss: 0.613
[13,    70] test loss: 0.632
[13,    75] test loss: 0.618
[13,    80] test loss: 0.625
[13,    85] test loss: 0.633
[13,    90] test loss: 0.627
[13,    95] test loss: 0.652
[13,   100] test loss: 0.593
[13,   105] test loss: 0.629
[13,   110] test loss: 0.643
-----------------------------------------------------------------------------------------
Micro-Precision: 0.3402422070503235, Macro-Precision: nan

Micro-Recall: 0.3819118142127991, Macro-Recall: nan

Micro-F1: 0.35987481474876404, Macro-F1: nan

-----------------------------------------------------------------------------------------
-----------------------------------------------------------------------------------------
| end of epoch  12 | time: 144.77s | valid loss  0.63 | valid ppl     1.88
-----------------------------------------------------------------------------------------
[14,     5] train loss: 0.614
[14,    10] train loss: 0.606
[14,    15] train loss: 0.598
[14,    20] train loss: 0.584
[14,    25] train loss: 0.599
[14,    30] train loss: 0.599
[14,    35] train loss: 0.590
[14,    40] train loss: 0.599
[14,    45] train loss: 0.606
[14,    50] train loss: 0.601
[14,    55] train loss: 0.603
[14,    60] train loss: 0.590
[14,    65] train loss: 0.578
[14,    70] train loss: 0.584
[14,    75] train loss: 0.587
[14,    80] train loss: 0.604
[14,    85] train loss: 0.595
[14,    90] train loss: 0.600
[14,    95] train loss: 0.612
[14,   100] train loss: 0.603
[14,   105] train loss: 0.604
[14,   110] train loss: 0.606
[14,   115] train loss: 0.615
[14,   120] train loss: 0.596
[14,   125] train loss: 0.597
[14,   130] train loss: 0.595
[14,   135] train loss: 0.590
[14,   140] train loss: 0.590
[14,   145] train loss: 0.600
[14,   150] train loss: 0.596
[14,   155] train loss: 0.595
[14,   160] train loss: 0.609
[14,   165] train loss: 0.589
[14,   170] train loss: 0.596
[14,   175] train loss: 0.594
[14,   180] train loss: 0.612
[14,   185] train loss: 0.585
[14,   190] train loss: 0.614
[14,   195] train loss: 0.604
[14,   200] train loss: 0.601
[14,   205] train loss: 0.589
[14,   210] train loss: 0.582
[14,   215] train loss: 0.598
[14,   220] train loss: 0.581
[14,   225] train loss: 0.608
[14,   230] train loss: 0.579
[14,   235] train loss: 0.600
[14,   240] train loss: 0.599
[14,   245] train loss: 0.589
[14,   250] train loss: 0.592
[14,   255] train loss: 0.590
[14,   260] train loss: 0.594
[14,   265] train loss: 0.589
[14,   270] train loss: 0.596
[14,   275] train loss: 0.600
[14,   280] train loss: 0.600
[14,   285] train loss: 0.606
[14,   290] train loss: 0.576
[14,   295] train loss: 0.596
[14,   300] train loss: 0.596
[14,   305] train loss: 0.587
[14,   310] train loss: 0.595
[14,   315] train loss: 0.605
[14,   320] train loss: 0.612
[14,   325] train loss: 0.585
[14,   330] train loss: 0.584
Finished Training
[14,     5] test loss: 0.612
[14,    10] test loss: 0.621
[14,    15] test loss: 0.609
[14,    20] test loss: 0.648
[14,    25] test loss: 0.626
[14,    30] test loss: 0.603
[14,    35] test loss: 0.622
[14,    40] test loss: 0.631
[14,    45] test loss: 0.634
[14,    50] test loss: 0.609
[14,    55] test loss: 0.638
[14,    60] test loss: 0.626
[14,    65] test loss: 0.622
[14,    70] test loss: 0.631
[14,    75] test loss: 0.618
[14,    80] test loss: 0.601
[14,    85] test loss: 0.630
[14,    90] test loss: 0.600
[14,    95] test loss: 0.606
[14,   100] test loss: 0.628
[14,   105] test loss: 0.619
[14,   110] test loss: 0.626
-----------------------------------------------------------------------------------------
Micro-Precision: 0.34666162729263306, Macro-Precision: nan

Micro-Recall: 0.3753712773323059, Macro-Recall: nan

Micro-F1: 0.36044567823410034, Macro-F1: nan

-----------------------------------------------------------------------------------------
-----------------------------------------------------------------------------------------
| end of epoch  13 | time: 146.06s | valid loss  0.63 | valid ppl     1.87
-----------------------------------------------------------------------------------------
[15,     5] train loss: 0.605
[15,    10] train loss: 0.589
[15,    15] train loss: 0.581
[15,    20] train loss: 0.586
[15,    25] train loss: 0.609
[15,    30] train loss: 0.583
[15,    35] train loss: 0.572
[15,    40] train loss: 0.598
[15,    45] train loss: 0.584
[15,    50] train loss: 0.596
[15,    55] train loss: 0.576
[15,    60] train loss: 0.603
[15,    65] train loss: 0.586
[15,    70] train loss: 0.595
[15,    75] train loss: 0.599
[15,    80] train loss: 0.591
[15,    85] train loss: 0.577
[15,    90] train loss: 0.590
[15,    95] train loss: 0.580
[15,   100] train loss: 0.603
[15,   105] train loss: 0.580
[15,   110] train loss: 0.589
[15,   115] train loss: 0.582
[15,   120] train loss: 0.583
[15,   125] train loss: 0.571
[15,   130] train loss: 0.605
[15,   135] train loss: 0.595
[15,   140] train loss: 0.602
[15,   145] train loss: 0.588
[15,   150] train loss: 0.603
[15,   155] train loss: 0.582
[15,   160] train loss: 0.585
[15,   165] train loss: 0.573
[15,   170] train loss: 0.566
[15,   175] train loss: 0.573
[15,   180] train loss: 0.603
[15,   185] train loss: 0.585
[15,   190] train loss: 0.604
[15,   195] train loss: 0.594
[15,   200] train loss: 0.586
[15,   205] train loss: 0.587
[15,   210] train loss: 0.598
[15,   215] train loss: 0.581
[15,   220] train loss: 0.591
[15,   225] train loss: 0.600
[15,   230] train loss: 0.589
[15,   235] train loss: 0.588
[15,   240] train loss: 0.580
[15,   245] train loss: 0.601
[15,   250] train loss: 0.581
[15,   255] train loss: 0.588
[15,   260] train loss: 0.581
[15,   265] train loss: 0.601
[15,   270] train loss: 0.606
[15,   275] train loss: 0.588
[15,   280] train loss: 0.590
[15,   285] train loss: 0.573
[15,   290] train loss: 0.586
[15,   295] train loss: 0.590
[15,   300] train loss: 0.572
[15,   305] train loss: 0.574
[15,   310] train loss: 0.583
[15,   315] train loss: 0.582
[15,   320] train loss: 0.596
[15,   325] train loss: 0.586
[15,   330] train loss: 0.591
Finished Training
[15,     5] test loss: 0.600
[15,    10] test loss: 0.614
[15,    15] test loss: 0.622
[15,    20] test loss: 0.622
[15,    25] test loss: 0.603
[15,    30] test loss: 0.598
[15,    35] test loss: 0.642
[15,    40] test loss: 0.608
[15,    45] test loss: 0.623
[15,    50] test loss: 0.620
[15,    55] test loss: 0.607
[15,    60] test loss: 0.607
[15,    65] test loss: 0.594
[15,    70] test loss: 0.614
[15,    75] test loss: 0.622
[15,    80] test loss: 0.632
[15,    85] test loss: 0.620
[15,    90] test loss: 0.617
[15,    95] test loss: 0.616
[15,   100] test loss: 0.636
[15,   105] test loss: 0.621
[15,   110] test loss: 0.648
-----------------------------------------------------------------------------------------
Micro-Precision: 0.35258835554122925, Macro-Precision: nan

Micro-Recall: 0.3724193572998047, Macro-Recall: nan

Micro-F1: 0.36223262548446655, Macro-F1: nan

-----------------------------------------------------------------------------------------
-----------------------------------------------------------------------------------------
| end of epoch  14 | time: 144.05s | valid loss  0.62 | valid ppl     1.86
-----------------------------------------------------------------------------------------
[16,     5] train loss: 0.577
[16,    10] train loss: 0.576
[16,    15] train loss: 0.578
[16,    20] train loss: 0.594
[16,    25] train loss: 0.573
[16,    30] train loss: 0.591
[16,    35] train loss: 0.573
[16,    40] train loss: 0.574
[16,    45] train loss: 0.570
[16,    50] train loss: 0.577
[16,    55] train loss: 0.564
[16,    60] train loss: 0.577
[16,    65] train loss: 0.568
[16,    70] train loss: 0.570
[16,    75] train loss: 0.591
[16,    80] train loss: 0.592
[16,    85] train loss: 0.583
[16,    90] train loss: 0.582
[16,    95] train loss: 0.597
[16,   100] train loss: 0.583
[16,   105] train loss: 0.574
[16,   110] train loss: 0.594
[16,   115] train loss: 0.576
[16,   120] train loss: 0.590
[16,   125] train loss: 0.578
[16,   130] train loss: 0.579
[16,   135] train loss: 0.579
[16,   140] train loss: 0.587
[16,   145] train loss: 0.589
[16,   150] train loss: 0.591
[16,   155] train loss: 0.586
[16,   160] train loss: 0.589
[16,   165] train loss: 0.599
[16,   170] train loss: 0.582
[16,   175] train loss: 0.581
[16,   180] train loss: 0.568
[16,   185] train loss: 0.567
[16,   190] train loss: 0.563
[16,   195] train loss: 0.581
[16,   200] train loss: 0.569
[16,   205] train loss: 0.581
[16,   210] train loss: 0.579
[16,   215] train loss: 0.554
[16,   220] train loss: 0.586
[16,   225] train loss: 0.578
[16,   230] train loss: 0.573
[16,   235] train loss: 0.579
[16,   240] train loss: 0.583
[16,   245] train loss: 0.584
[16,   250] train loss: 0.558
[16,   255] train loss: 0.582
[16,   260] train loss: 0.583
[16,   265] train loss: 0.586
[16,   270] train loss: 0.569
[16,   275] train loss: 0.585
[16,   280] train loss: 0.583
[16,   285] train loss: 0.588
[16,   290] train loss: 0.584
[16,   295] train loss: 0.588
[16,   300] train loss: 0.581
[16,   305] train loss: 0.579
[16,   310] train loss: 0.577
[16,   315] train loss: 0.583
[16,   320] train loss: 0.565
[16,   325] train loss: 0.586
[16,   330] train loss: 0.582
Finished Training
[16,     5] test loss: 0.576
[16,    10] test loss: 0.618
[16,    15] test loss: 0.630
[16,    20] test loss: 0.630
[16,    25] test loss: 0.579
[16,    30] test loss: 0.596
[16,    35] test loss: 0.650
[16,    40] test loss: 0.630
[16,    45] test loss: 0.635
[16,    50] test loss: 0.603
[16,    55] test loss: 0.608
[16,    60] test loss: 0.631
[16,    65] test loss: 0.605
[16,    70] test loss: 0.627
[16,    75] test loss: 0.598
[16,    80] test loss: 0.614
[16,    85] test loss: 0.633
[16,    90] test loss: 0.594
[16,    95] test loss: 0.617
[16,   100] test loss: 0.619
[16,   105] test loss: 0.606
[16,   110] test loss: 0.602
-----------------------------------------------------------------------------------------
Micro-Precision: 0.35413751006126404, Macro-Precision: nan

Micro-Recall: 0.3850127160549164, Macro-Recall: nan

Micro-F1: 0.36893028020858765, Macro-F1: nan

-----------------------------------------------------------------------------------------
-----------------------------------------------------------------------------------------
| end of epoch  15 | time: 144.13s | valid loss  0.62 | valid ppl     1.86
-----------------------------------------------------------------------------------------
[17,     5] train loss: 0.575
[17,    10] train loss: 0.575
[17,    15] train loss: 0.572
[17,    20] train loss: 0.577
[17,    25] train loss: 0.582
[17,    30] train loss: 0.576
[17,    35] train loss: 0.570
[17,    40] train loss: 0.553
[17,    45] train loss: 0.573
[17,    50] train loss: 0.555
[17,    55] train loss: 0.575
[17,    60] train loss: 0.569
[17,    65] train loss: 0.574
[17,    70] train loss: 0.568
[17,    75] train loss: 0.572
[17,    80] train loss: 0.585
[17,    85] train loss: 0.569
[17,    90] train loss: 0.552
[17,    95] train loss: 0.570
[17,   100] train loss: 0.572
[17,   105] train loss: 0.569
[17,   110] train loss: 0.588
[17,   115] train loss: 0.565
[17,   120] train loss: 0.576
[17,   125] train loss: 0.562
[17,   130] train loss: 0.582
[17,   135] train loss: 0.561
[17,   140] train loss: 0.577
[17,   145] train loss: 0.558
[17,   150] train loss: 0.575
[17,   155] train loss: 0.570
[17,   160] train loss: 0.570
[17,   165] train loss: 0.580
[17,   170] train loss: 0.558
[17,   175] train loss: 0.579
[17,   180] train loss: 0.581
[17,   185] train loss: 0.583
[17,   190] train loss: 0.591
[17,   195] train loss: 0.579
[17,   200] train loss: 0.554
[17,   205] train loss: 0.600
[17,   210] train loss: 0.571
[17,   215] train loss: 0.570
[17,   220] train loss: 0.569
[17,   225] train loss: 0.553
[17,   230] train loss: 0.570
[17,   235] train loss: 0.585
[17,   240] train loss: 0.583
[17,   245] train loss: 0.569
[17,   250] train loss: 0.582
[17,   255] train loss: 0.580
[17,   260] train loss: 0.565
[17,   265] train loss: 0.577
[17,   270] train loss: 0.558
[17,   275] train loss: 0.576
[17,   280] train loss: 0.558
[17,   285] train loss: 0.582
[17,   290] train loss: 0.584
[17,   295] train loss: 0.561
[17,   300] train loss: 0.570
[17,   305] train loss: 0.573
[17,   310] train loss: 0.578
[17,   315] train loss: 0.565
[17,   320] train loss: 0.583
[17,   325] train loss: 0.574
[17,   330] train loss: 0.575
Finished Training
[17,     5] test loss: 0.602
[17,    10] test loss: 0.613
[17,    15] test loss: 0.600
[17,    20] test loss: 0.623
[17,    25] test loss: 0.617
[17,    30] test loss: 0.614
[17,    35] test loss: 0.603
[17,    40] test loss: 0.629
[17,    45] test loss: 0.615
[17,    50] test loss: 0.592
[17,    55] test loss: 0.628
[17,    60] test loss: 0.591
[17,    65] test loss: 0.592
[17,    70] test loss: 0.623
[17,    75] test loss: 0.621
[17,    80] test loss: 0.619
[17,    85] test loss: 0.615
[17,    90] test loss: 0.624
[17,    95] test loss: 0.618
[17,   100] test loss: 0.610
[17,   105] test loss: 0.596
[17,   110] test loss: 0.620
-----------------------------------------------------------------------------------------
Micro-Precision: 0.35432639718055725, Macro-Precision: nan

Micro-Recall: 0.36852577328681946, Macro-Recall: nan

Micro-F1: 0.36128661036491394, Macro-F1: nan

-----------------------------------------------------------------------------------------
-----------------------------------------------------------------------------------------
| end of epoch  16 | time: 143.14s | valid loss  0.62 | valid ppl     1.85
-----------------------------------------------------------------------------------------
[18,     5] train loss: 0.571
[18,    10] train loss: 0.584
[18,    15] train loss: 0.552
[18,    20] train loss: 0.556
[18,    25] train loss: 0.575
[18,    30] train loss: 0.567
[18,    35] train loss: 0.548
[18,    40] train loss: 0.566
[18,    45] train loss: 0.547
[18,    50] train loss: 0.575
[18,    55] train loss: 0.562
[18,    60] train loss: 0.562
[18,    65] train loss: 0.541
[18,    70] train loss: 0.583
[18,    75] train loss: 0.566
[18,    80] train loss: 0.559
[18,    85] train loss: 0.577
[18,    90] train loss: 0.567
[18,    95] train loss: 0.551
[18,   100] train loss: 0.570
[18,   105] train loss: 0.584
[18,   110] train loss: 0.559
[18,   115] train loss: 0.573
[18,   120] train loss: 0.559
[18,   125] train loss: 0.562
[18,   130] train loss: 0.557
[18,   135] train loss: 0.573
[18,   140] train loss: 0.566
[18,   145] train loss: 0.565
[18,   150] train loss: 0.557
[18,   155] train loss: 0.556
[18,   160] train loss: 0.568
[18,   165] train loss: 0.560
[18,   170] train loss: 0.555
[18,   175] train loss: 0.567
[18,   180] train loss: 0.562
[18,   185] train loss: 0.570
[18,   190] train loss: 0.560
[18,   195] train loss: 0.559
[18,   200] train loss: 0.569
[18,   205] train loss: 0.552
[18,   210] train loss: 0.564
[18,   215] train loss: 0.566
[18,   220] train loss: 0.575
[18,   225] train loss: 0.562
[18,   230] train loss: 0.572
[18,   235] train loss: 0.570
[18,   240] train loss: 0.552
[18,   245] train loss: 0.581
[18,   250] train loss: 0.560
[18,   255] train loss: 0.575
[18,   260] train loss: 0.568
[18,   265] train loss: 0.582
[18,   270] train loss: 0.563
[18,   275] train loss: 0.551
[18,   280] train loss: 0.566
[18,   285] train loss: 0.560
[18,   290] train loss: 0.570
[18,   295] train loss: 0.568
[18,   300] train loss: 0.560
[18,   305] train loss: 0.550
[18,   310] train loss: 0.582
[18,   315] train loss: 0.595
[18,   320] train loss: 0.557
[18,   325] train loss: 0.566
[18,   330] train loss: 0.556
Finished Training
[18,     5] test loss: 0.612
[18,    10] test loss: 0.602
[18,    15] test loss: 0.611
[18,    20] test loss: 0.613
[18,    25] test loss: 0.592
[18,    30] test loss: 0.585
[18,    35] test loss: 0.606
[18,    40] test loss: 0.610
[18,    45] test loss: 0.627
[18,    50] test loss: 0.643
[18,    55] test loss: 0.614
[18,    60] test loss: 0.622
[18,    65] test loss: 0.608
[18,    70] test loss: 0.577
[18,    75] test loss: 0.621
[18,    80] test loss: 0.608
[18,    85] test loss: 0.618
[18,    90] test loss: 0.599
[18,    95] test loss: 0.591
[18,   100] test loss: 0.609
[18,   105] test loss: 0.613
[18,   110] test loss: 0.598
-----------------------------------------------------------------------------------------
Micro-Precision: 0.3610571026802063, Macro-Precision: nan

Micro-Recall: 0.37485557794570923, Macro-Recall: nan

Micro-F1: 0.3678269684314728, Macro-F1: nan

-----------------------------------------------------------------------------------------
-----------------------------------------------------------------------------------------
| end of epoch  17 | time: 144.32s | valid loss  0.61 | valid ppl     1.85
-----------------------------------------------------------------------------------------
[19,     5] train loss: 0.560
[19,    10] train loss: 0.547
[19,    15] train loss: 0.577
[19,    20] train loss: 0.562
[19,    25] train loss: 0.550
[19,    30] train loss: 0.560
[19,    35] train loss: 0.540
[19,    40] train loss: 0.563
[19,    45] train loss: 0.546
[19,    50] train loss: 0.543
[19,    55] train loss: 0.552
[19,    60] train loss: 0.569
[19,    65] train loss: 0.561
[19,    70] train loss: 0.549
[19,    75] train loss: 0.543
[19,    80] train loss: 0.556
[19,    85] train loss: 0.550
[19,    90] train loss: 0.560
[19,    95] train loss: 0.569
[19,   100] train loss: 0.565
[19,   105] train loss: 0.556
[19,   110] train loss: 0.548
[19,   115] train loss: 0.550
[19,   120] train loss: 0.547
[19,   125] train loss: 0.539
[19,   130] train loss: 0.561
[19,   135] train loss: 0.552
[19,   140] train loss: 0.567
[19,   145] train loss: 0.552
[19,   150] train loss: 0.561
[19,   155] train loss: 0.560
[19,   160] train loss: 0.542
[19,   165] train loss: 0.571
[19,   170] train loss: 0.556
[19,   175] train loss: 0.554
[19,   180] train loss: 0.554
[19,   185] train loss: 0.556
[19,   190] train loss: 0.556
[19,   195] train loss: 0.558
[19,   200] train loss: 0.573
[19,   205] train loss: 0.553
[19,   210] train loss: 0.555
[19,   215] train loss: 0.558
[19,   220] train loss: 0.569
[19,   225] train loss: 0.563
[19,   230] train loss: 0.550
[19,   235] train loss: 0.547
[19,   240] train loss: 0.557
[19,   245] train loss: 0.556
[19,   250] train loss: 0.540
[19,   255] train loss: 0.569
[19,   260] train loss: 0.565
[19,   265] train loss: 0.549
[19,   270] train loss: 0.561
[19,   275] train loss: 0.546
[19,   280] train loss: 0.550
[19,   285] train loss: 0.564
[19,   290] train loss: 0.578
[19,   295] train loss: 0.565
[19,   300] train loss: 0.557
[19,   305] train loss: 0.543
[19,   310] train loss: 0.585
[19,   315] train loss: 0.585
[19,   320] train loss: 0.584
[19,   325] train loss: 0.570
[19,   330] train loss: 0.562
Finished Training
[19,     5] test loss: 0.584
[19,    10] test loss: 0.640
[19,    15] test loss: 0.600
[19,    20] test loss: 0.601
[19,    25] test loss: 0.598
[19,    30] test loss: 0.598
[19,    35] test loss: 0.599
[19,    40] test loss: 0.596
[19,    45] test loss: 0.598
[19,    50] test loss: 0.618
[19,    55] test loss: 0.610
[19,    60] test loss: 0.578
[19,    65] test loss: 0.612
[19,    70] test loss: 0.629
[19,    75] test loss: 0.580
[19,    80] test loss: 0.613
[19,    85] test loss: 0.609
[19,    90] test loss: 0.604
[19,    95] test loss: 0.625
[19,   100] test loss: 0.610
[19,   105] test loss: 0.608
[19,   110] test loss: 0.620
-----------------------------------------------------------------------------------------
Micro-Precision: 0.36099961400032043, Macro-Precision: nan

Micro-Recall: 0.37241390347480774, Macro-Recall: nan

Micro-F1: 0.36661794781684875, Macro-F1: nan

-----------------------------------------------------------------------------------------
-----------------------------------------------------------------------------------------
| end of epoch  18 | time: 145.41s | valid loss  0.61 | valid ppl     1.84
-----------------------------------------------------------------------------------------
[20,     5] train loss: 0.540
[20,    10] train loss: 0.568
[20,    15] train loss: 0.559
[20,    20] train loss: 0.556
[20,    25] train loss: 0.566
[20,    30] train loss: 0.552
[20,    35] train loss: 0.552
[20,    40] train loss: 0.551
[20,    45] train loss: 0.560
[20,    50] train loss: 0.534
[20,    55] train loss: 0.546
[20,    60] train loss: 0.546
[20,    65] train loss: 0.557
[20,    70] train loss: 0.558
[20,    75] train loss: 0.563
[20,    80] train loss: 0.556
[20,    85] train loss: 0.561
[20,    90] train loss: 0.556
[20,    95] train loss: 0.548
[20,   100] train loss: 0.544
[20,   105] train loss: 0.547
[20,   110] train loss: 0.547
[20,   115] train loss: 0.567
[20,   120] train loss: 0.550
[20,   125] train loss: 0.562
[20,   130] train loss: 0.556
[20,   135] train loss: 0.536
[20,   140] train loss: 0.534
[20,   145] train loss: 0.541
[20,   150] train loss: 0.554
[20,   155] train loss: 0.532
[20,   160] train loss: 0.540
[20,   165] train loss: 0.543
[20,   170] train loss: 0.534
[20,   175] train loss: 0.542
[20,   180] train loss: 0.554
[20,   185] train loss: 0.564
[20,   190] train loss: 0.556
[20,   195] train loss: 0.560
[20,   200] train loss: 0.555
[20,   205] train loss: 0.562
[20,   210] train loss: 0.536
[20,   215] train loss: 0.555
[20,   220] train loss: 0.545
[20,   225] train loss: 0.534
[20,   230] train loss: 0.551
[20,   235] train loss: 0.555
[20,   240] train loss: 0.546
[20,   245] train loss: 0.545
[20,   250] train loss: 0.546
[20,   255] train loss: 0.562
[20,   260] train loss: 0.562
[20,   265] train loss: 0.560
[20,   270] train loss: 0.542
[20,   275] train loss: 0.548
[20,   280] train loss: 0.554
[20,   285] train loss: 0.556
[20,   290] train loss: 0.561
[20,   295] train loss: 0.559
[20,   300] train loss: 0.561
[20,   305] train loss: 0.538
[20,   310] train loss: 0.572
[20,   315] train loss: 0.544
[20,   320] train loss: 0.562
[20,   325] train loss: 0.532
[20,   330] train loss: 0.559
Finished Training
[20,     5] test loss: 0.602
[20,    10] test loss: 0.590
[20,    15] test loss: 0.601
[20,    20] test loss: 0.622
[20,    25] test loss: 0.622
[20,    30] test loss: 0.620
[20,    35] test loss: 0.599
[20,    40] test loss: 0.584
[20,    45] test loss: 0.591
[20,    50] test loss: 0.602
[20,    55] test loss: 0.613
[20,    60] test loss: 0.582
[20,    65] test loss: 0.603
[20,    70] test loss: 0.626
[20,    75] test loss: 0.591
[20,    80] test loss: 0.597
[20,    85] test loss: 0.598
[20,    90] test loss: 0.637
[20,    95] test loss: 0.585
[20,   100] test loss: 0.601
[20,   105] test loss: 0.602
[20,   110] test loss: 0.628
-----------------------------------------------------------------------------------------
Micro-Precision: 0.3632988929748535, Macro-Precision: nan

Micro-Recall: 0.3780398666858673, Macro-Recall: nan

Micro-F1: 0.3705228269100189, Macro-F1: nan

-----------------------------------------------------------------------------------------
-----------------------------------------------------------------------------------------
| end of epoch  19 | time: 143.48s | valid loss  0.61 | valid ppl     1.84
-----------------------------------------------------------------------------------------
[21,     5] train loss: 0.533
[21,    10] train loss: 0.540
[21,    15] train loss: 0.562
[21,    20] train loss: 0.559
[21,    25] train loss: 0.527
[21,    30] train loss: 0.539
[21,    35] train loss: 0.541
[21,    40] train loss: 0.552
[21,    45] train loss: 0.532
[21,    50] train loss: 0.540
[21,    55] train loss: 0.558
[21,    60] train loss: 0.539
[21,    65] train loss: 0.554
[21,    70] train loss: 0.545
[21,    75] train loss: 0.548
[21,    80] train loss: 0.541
[21,    85] train loss: 0.530
[21,    90] train loss: 0.544
[21,    95] train loss: 0.539
[21,   100] train loss: 0.548
[21,   105] train loss: 0.548
[21,   110] train loss: 0.553
[21,   115] train loss: 0.524
[21,   120] train loss: 0.541
[21,   125] train loss: 0.539
[21,   130] train loss: 0.564
[21,   135] train loss: 0.543
[21,   140] train loss: 0.546
[21,   145] train loss: 0.548
[21,   150] train loss: 0.544
[21,   155] train loss: 0.544
[21,   160] train loss: 0.539
[21,   165] train loss: 0.544
[21,   170] train loss: 0.553
[21,   175] train loss: 0.561
[21,   180] train loss: 0.545
[21,   185] train loss: 0.544
[21,   190] train loss: 0.535
[21,   195] train loss: 0.546
[21,   200] train loss: 0.555
[21,   205] train loss: 0.544
[21,   210] train loss: 0.552
[21,   215] train loss: 0.550
[21,   220] train loss: 0.545
[21,   225] train loss: 0.542
[21,   230] train loss: 0.550
[21,   235] train loss: 0.539
[21,   240] train loss: 0.545
[21,   245] train loss: 0.532
[21,   250] train loss: 0.545
[21,   255] train loss: 0.552
[21,   260] train loss: 0.561
[21,   265] train loss: 0.538
[21,   270] train loss: 0.535
[21,   275] train loss: 0.555
[21,   280] train loss: 0.553
[21,   285] train loss: 0.536
[21,   290] train loss: 0.544
[21,   295] train loss: 0.550
[21,   300] train loss: 0.529
[21,   305] train loss: 0.539
[21,   310] train loss: 0.535
[21,   315] train loss: 0.551
[21,   320] train loss: 0.568
[21,   325] train loss: 0.543
[21,   330] train loss: 0.552
Finished Training
[21,     5] test loss: 0.592
[21,    10] test loss: 0.616
[21,    15] test loss: 0.596
[21,    20] test loss: 0.612
[21,    25] test loss: 0.599
[21,    30] test loss: 0.598
[21,    35] test loss: 0.585
[21,    40] test loss: 0.610
[21,    45] test loss: 0.603
[21,    50] test loss: 0.605
[21,    55] test loss: 0.592
[21,    60] test loss: 0.602
[21,    65] test loss: 0.602
[21,    70] test loss: 0.601
[21,    75] test loss: 0.603
[21,    80] test loss: 0.591
[21,    85] test loss: 0.606
[21,    90] test loss: 0.606
[21,    95] test loss: 0.591
[21,   100] test loss: 0.612
[21,   105] test loss: 0.592
[21,   110] test loss: 0.615
-----------------------------------------------------------------------------------------
Micro-Precision: 0.3681986629962921, Macro-Precision: nan

Micro-Recall: 0.3825027048587799, Macro-Recall: nan

Micro-F1: 0.3752143979072571, Macro-F1: nan

-----------------------------------------------------------------------------------------
-----------------------------------------------------------------------------------------
| end of epoch  20 | time: 143.58s | valid loss  0.61 | valid ppl     1.83
-----------------------------------------------------------------------------------------
[22,     5] train loss: 0.539
[22,    10] train loss: 0.544
[22,    15] train loss: 0.522
[22,    20] train loss: 0.549
[22,    25] train loss: 0.546
[22,    30] train loss: 0.524
[22,    35] train loss: 0.538
[22,    40] train loss: 0.532
[22,    45] train loss: 0.545
[22,    50] train loss: 0.526
[22,    55] train loss: 0.552
[22,    60] train loss: 0.552
[22,    65] train loss: 0.525
[22,    70] train loss: 0.548
[22,    75] train loss: 0.528
[22,    80] train loss: 0.549
[22,    85] train loss: 0.553
[22,    90] train loss: 0.525
[22,    95] train loss: 0.554
[22,   100] train loss: 0.526
[22,   105] train loss: 0.540
[22,   110] train loss: 0.548
[22,   115] train loss: 0.544
[22,   120] train loss: 0.536
[22,   125] train loss: 0.537
[22,   130] train loss: 0.540
[22,   135] train loss: 0.538
[22,   140] train loss: 0.539
[22,   145] train loss: 0.537
[22,   150] train loss: 0.518
[22,   155] train loss: 0.555
[22,   160] train loss: 0.535
[22,   165] train loss: 0.539
[22,   170] train loss: 0.542
[22,   175] train loss: 0.539
[22,   180] train loss: 0.549
[22,   185] train loss: 0.534
[22,   190] train loss: 0.528
[22,   195] train loss: 0.544
[22,   200] train loss: 0.558
[22,   205] train loss: 0.528
[22,   210] train loss: 0.534
[22,   215] train loss: 0.542
[22,   220] train loss: 0.542
[22,   225] train loss: 0.521
[22,   230] train loss: 0.530
[22,   235] train loss: 0.531
[22,   240] train loss: 0.538
[22,   245] train loss: 0.553
[22,   250] train loss: 0.524
[22,   255] train loss: 0.539
[22,   260] train loss: 0.530
[22,   265] train loss: 0.528
[22,   270] train loss: 0.552
[22,   275] train loss: 0.528
[22,   280] train loss: 0.540
[22,   285] train loss: 0.526
[22,   290] train loss: 0.535
[22,   295] train loss: 0.539
[22,   300] train loss: 0.548
[22,   305] train loss: 0.543
[22,   310] train loss: 0.560
[22,   315] train loss: 0.537
[22,   320] train loss: 0.534
[22,   325] train loss: 0.543
[22,   330] train loss: 0.546
Finished Training
[22,     5] test loss: 0.596
[22,    10] test loss: 0.619
[22,    15] test loss: 0.570
[22,    20] test loss: 0.616
[22,    25] test loss: 0.629
[22,    30] test loss: 0.580
[22,    35] test loss: 0.616
[22,    40] test loss: 0.592
[22,    45] test loss: 0.602
[22,    50] test loss: 0.607
[22,    55] test loss: 0.591
[22,    60] test loss: 0.576
[22,    65] test loss: 0.610
[22,    70] test loss: 0.579
[22,    75] test loss: 0.588
[22,    80] test loss: 0.620
[22,    85] test loss: 0.609
[22,    90] test loss: 0.606
[22,    95] test loss: 0.596
[22,   100] test loss: 0.587
[22,   105] test loss: 0.625
[22,   110] test loss: 0.589
-----------------------------------------------------------------------------------------
Micro-Precision: 0.36241891980171204, Macro-Precision: nan

Micro-Recall: 0.3906944692134857, Macro-Recall: nan

Micro-F1: 0.376025915145874, Macro-F1: nan

-----------------------------------------------------------------------------------------
-----------------------------------------------------------------------------------------
| end of epoch  21 | time: 144.05s | valid loss  0.61 | valid ppl     1.83
-----------------------------------------------------------------------------------------
[23,     5] train loss: 0.526
[23,    10] train loss: 0.537
[23,    15] train loss: 0.508
[23,    20] train loss: 0.532
[23,    25] train loss: 0.541
[23,    30] train loss: 0.546
[23,    35] train loss: 0.542
[23,    40] train loss: 0.545
[23,    45] train loss: 0.511
[23,    50] train loss: 0.524
[23,    55] train loss: 0.525
[23,    60] train loss: 0.534
[23,    65] train loss: 0.548
[23,    70] train loss: 0.521
[23,    75] train loss: 0.556
[23,    80] train loss: 0.534
[23,    85] train loss: 0.521
[23,    90] train loss: 0.546
[23,    95] train loss: 0.537
[23,   100] train loss: 0.542
[23,   105] train loss: 0.525
[23,   110] train loss: 0.549
[23,   115] train loss: 0.532
[23,   120] train loss: 0.533
[23,   125] train loss: 0.525
[23,   130] train loss: 0.536
[23,   135] train loss: 0.527
[23,   140] train loss: 0.546
[23,   145] train loss: 0.540
[23,   150] train loss: 0.527
[23,   155] train loss: 0.523
[23,   160] train loss: 0.527
[23,   165] train loss: 0.530
[23,   170] train loss: 0.525
[23,   175] train loss: 0.530
[23,   180] train loss: 0.540
[23,   185] train loss: 0.542
[23,   190] train loss: 0.512
[23,   195] train loss: 0.529
[23,   200] train loss: 0.534
[23,   205] train loss: 0.537
[23,   210] train loss: 0.536
[23,   215] train loss: 0.540
[23,   220] train loss: 0.536
[23,   225] train loss: 0.521
[23,   230] train loss: 0.547
[23,   235] train loss: 0.536
[23,   240] train loss: 0.534
[23,   245] train loss: 0.518
[23,   250] train loss: 0.529
[23,   255] train loss: 0.538
[23,   260] train loss: 0.550
[23,   265] train loss: 0.537
[23,   270] train loss: 0.526
[23,   275] train loss: 0.537
[23,   280] train loss: 0.539
[23,   285] train loss: 0.536
[23,   290] train loss: 0.511
[23,   295] train loss: 0.542
[23,   300] train loss: 0.532
[23,   305] train loss: 0.536
[23,   310] train loss: 0.538
[23,   315] train loss: 0.531
[23,   320] train loss: 0.531
[23,   325] train loss: 0.539
[23,   330] train loss: 0.536
Finished Training
[23,     5] test loss: 0.606
[23,    10] test loss: 0.577
[23,    15] test loss: 0.588
[23,    20] test loss: 0.620
[23,    25] test loss: 0.591
[23,    30] test loss: 0.598
[23,    35] test loss: 0.599
[23,    40] test loss: 0.611
[23,    45] test loss: 0.608
[23,    50] test loss: 0.586
[23,    55] test loss: 0.605
[23,    60] test loss: 0.595
[23,    65] test loss: 0.629
[23,    70] test loss: 0.566
[23,    75] test loss: 0.593
[23,    80] test loss: 0.628
[23,    85] test loss: 0.574
[23,    90] test loss: 0.624
[23,    95] test loss: 0.602
[23,   100] test loss: 0.589
[23,   105] test loss: 0.608
[23,   110] test loss: 0.587
-----------------------------------------------------------------------------------------
Micro-Precision: 0.35975393652915955, Macro-Precision: nan

Micro-Recall: 0.3987503945827484, Macro-Recall: nan

Micro-F1: 0.3782497048377991, Macro-F1: nan

-----------------------------------------------------------------------------------------
-----------------------------------------------------------------------------------------
| end of epoch  22 | time: 144.81s | valid loss  0.60 | valid ppl     1.83
-----------------------------------------------------------------------------------------
[24,     5] train loss: 0.533
[24,    10] train loss: 0.533
[24,    15] train loss: 0.513
[24,    20] train loss: 0.536
[24,    25] train loss: 0.536
[24,    30] train loss: 0.536
[24,    35] train loss: 0.542
[24,    40] train loss: 0.518
[24,    45] train loss: 0.542
[24,    50] train loss: 0.530
[24,    55] train loss: 0.519
[24,    60] train loss: 0.546
[24,    65] train loss: 0.526
[24,    70] train loss: 0.524
[24,    75] train loss: 0.529
[24,    80] train loss: 0.515
[24,    85] train loss: 0.527
[24,    90] train loss: 0.530
[24,    95] train loss: 0.521
[24,   100] train loss: 0.523
[24,   105] train loss: 0.528
[24,   110] train loss: 0.525
[24,   115] train loss: 0.520
[24,   120] train loss: 0.523
[24,   125] train loss: 0.525
[24,   130] train loss: 0.534
[24,   135] train loss: 0.524
[24,   140] train loss: 0.511
[24,   145] train loss: 0.524
[24,   150] train loss: 0.545
[24,   155] train loss: 0.552
[24,   160] train loss: 0.520
[24,   165] train loss: 0.528
[24,   170] train loss: 0.528
[24,   175] train loss: 0.517
[24,   180] train loss: 0.520
[24,   185] train loss: 0.508
[24,   190] train loss: 0.526
[24,   195] train loss: 0.550
[24,   200] train loss: 0.521
[24,   205] train loss: 0.531
[24,   210] train loss: 0.528
[24,   215] train loss: 0.531
[24,   220] train loss: 0.529
[24,   225] train loss: 0.543
[24,   230] train loss: 0.521
[24,   235] train loss: 0.528
[24,   240] train loss: 0.537
[24,   245] train loss: 0.528
[24,   250] train loss: 0.523
[24,   255] train loss: 0.553
[24,   260] train loss: 0.530
[24,   265] train loss: 0.521
[24,   270] train loss: 0.511
[24,   275] train loss: 0.525
[24,   280] train loss: 0.535
[24,   285] train loss: 0.525
[24,   290] train loss: 0.517
[24,   295] train loss: 0.532
[24,   300] train loss: 0.517
[24,   305] train loss: 0.517
[24,   310] train loss: 0.500
[24,   315] train loss: 0.527
[24,   320] train loss: 0.543
[24,   325] train loss: 0.522
[24,   330] train loss: 0.543
Finished Training
[24,     5] test loss: 0.612
[24,    10] test loss: 0.589
[24,    15] test loss: 0.600
[24,    20] test loss: 0.566
[24,    25] test loss: 0.588
[24,    30] test loss: 0.600
[24,    35] test loss: 0.627
[24,    40] test loss: 0.584
[24,    45] test loss: 0.586
[24,    50] test loss: 0.615
[24,    55] test loss: 0.584
[24,    60] test loss: 0.599
[24,    65] test loss: 0.606
[24,    70] test loss: 0.581
[24,    75] test loss: 0.597
[24,    80] test loss: 0.572
[24,    85] test loss: 0.615
[24,    90] test loss: 0.574
[24,    95] test loss: 0.580
[24,   100] test loss: 0.621
[24,   105] test loss: 0.596
[24,   110] test loss: 0.589
-----------------------------------------------------------------------------------------
Micro-Precision: 0.3745822608470917, Macro-Precision: nan

Micro-Recall: 0.3820061981678009, Macro-Recall: nan

Micro-F1: 0.3782578110694885, Macro-F1: nan

-----------------------------------------------------------------------------------------
-----------------------------------------------------------------------------------------
| end of epoch  23 | time: 143.28s | valid loss  0.60 | valid ppl     1.82
-----------------------------------------------------------------------------------------
[25,     5] train loss: 0.513
[25,    10] train loss: 0.539
[25,    15] train loss: 0.520
[25,    20] train loss: 0.525
[25,    25] train loss: 0.509
[25,    30] train loss: 0.519
[25,    35] train loss: 0.527
[25,    40] train loss: 0.509
[25,    45] train loss: 0.505
[25,    50] train loss: 0.516
[25,    55] train loss: 0.534
[25,    60] train loss: 0.542
[25,    65] train loss: 0.537
[25,    70] train loss: 0.545
[25,    75] train loss: 0.517
[25,    80] train loss: 0.526
[25,    85] train loss: 0.519
[25,    90] train loss: 0.517
[25,    95] train loss: 0.518
[25,   100] train loss: 0.525
[25,   105] train loss: 0.533
[25,   110] train loss: 0.519
[25,   115] train loss: 0.512
[25,   120] train loss: 0.514
[25,   125] train loss: 0.532
[25,   130] train loss: 0.531
[25,   135] train loss: 0.530
[25,   140] train loss: 0.521
[25,   145] train loss: 0.514
[25,   150] train loss: 0.499
[25,   155] train loss: 0.514
[25,   160] train loss: 0.532
[25,   165] train loss: 0.525
[25,   170] train loss: 0.509
[25,   175] train loss: 0.512
[25,   180] train loss: 0.520
[25,   185] train loss: 0.512
[25,   190] train loss: 0.526
[25,   195] train loss: 0.517
[25,   200] train loss: 0.522
[25,   205] train loss: 0.513
[25,   210] train loss: 0.525
[25,   215] train loss: 0.525
[25,   220] train loss: 0.528
[25,   225] train loss: 0.520
[25,   230] train loss: 0.527
[25,   235] train loss: 0.499
[25,   240] train loss: 0.532
[25,   245] train loss: 0.529
[25,   250] train loss: 0.537
[25,   255] train loss: 0.523
[25,   260] train loss: 0.534
[25,   265] train loss: 0.522
[25,   270] train loss: 0.500
[25,   275] train loss: 0.529
[25,   280] train loss: 0.537
[25,   285] train loss: 0.525
[25,   290] train loss: 0.536
[25,   295] train loss: 0.519
[25,   300] train loss: 0.527
[25,   305] train loss: 0.515
[25,   310] train loss: 0.504
[25,   315] train loss: 0.523
[25,   320] train loss: 0.536
[25,   325] train loss: 0.526
[25,   330] train loss: 0.501
Finished Training
[25,     5] test loss: 0.586
[25,    10] test loss: 0.586
[25,    15] test loss: 0.579
[25,    20] test loss: 0.608
[25,    25] test loss: 0.579
[25,    30] test loss: 0.607
[25,    35] test loss: 0.578
[25,    40] test loss: 0.548
[25,    45] test loss: 0.580
[25,    50] test loss: 0.621
[25,    55] test loss: 0.597
[25,    60] test loss: 0.600
[25,    65] test loss: 0.603
[25,    70] test loss: 0.608
[25,    75] test loss: 0.584
[25,    80] test loss: 0.619
[25,    85] test loss: 0.619
[25,    90] test loss: 0.607
[25,    95] test loss: 0.620
[25,   100] test loss: 0.594
[25,   105] test loss: 0.572
[25,   110] test loss: 0.580
-----------------------------------------------------------------------------------------
Micro-Precision: 0.3729895353317261, Macro-Precision: nan

Micro-Recall: 0.4128040373325348, Macro-Recall: nan

Micro-F1: 0.3918881416320801, Macro-F1: nan

-----------------------------------------------------------------------------------------
-----------------------------------------------------------------------------------------
| end of epoch  24 | time: 144.78s | valid loss  0.60 | valid ppl     1.82
-----------------------------------------------------------------------------------------
