Restoring modules from user's fosscuda111, for system: "farnam-rhel7"
/home/vs428/project/MedMentions/full/pretraining4/entity_vocab.jsonl
Some weights of the model checkpoint at microsoft/BiomedNLP-PubMedBERT-base-uncased-abstract were not used when initializing BertModel: ['cls.seq_relationship.weight', 'cls.predictions.transform.dense.weight', 'cls.predictions.decoder.weight', 'cls.predictions.transform.dense.bias', 'cls.predictions.transform.LayerNorm.weight', 'cls.predictions.decoder.bias', 'cls.predictions.transform.LayerNorm.bias', 'cls.seq_relationship.bias', 'cls.predictions.bias']
- This IS expected if you are initializing BertModel from the checkpoint of a model trained on another task or with another architecture (e.g. initializing a BertForSequenceClassification model from a BertForPreTraining model).
- This IS NOT expected if you are initializing BertModel from the checkpoint of a model that you expect to be exactly identical (initializing a BertForSequenceClassification model from a BertForSequenceClassification model).
0
<torch.cuda.device object at 0x2af444953dc0>
1
Tesla K80
[1,     5] train loss: 0.997
[1,    10] train loss: 0.972
[1,    15] train loss: 0.940
[1,    20] train loss: 0.925
[1,    25] train loss: 0.912
[1,    30] train loss: 0.903
[1,    35] train loss: 0.897
[1,    40] train loss: 0.883
[1,    45] train loss: 0.865
[1,    50] train loss: 0.857
[1,    55] train loss: 0.828
[1,    60] train loss: 0.838
[1,    65] train loss: 0.825
[1,    70] train loss: 0.810
[1,    75] train loss: 0.802
[1,    80] train loss: 0.803
[1,    85] train loss: 0.773
[1,    90] train loss: 0.786
[1,    95] train loss: 0.782
[1,   100] train loss: 0.777
[1,   105] train loss: 0.781
[1,   110] train loss: 0.771
[1,   115] train loss: 0.759
[1,   120] train loss: 0.752
[1,   125] train loss: 0.761
[1,   130] train loss: 0.756
[1,   135] train loss: 0.766
[1,   140] train loss: 0.738
[1,   145] train loss: 0.747
[1,   150] train loss: 0.728
[1,   155] train loss: 0.724
[1,   160] train loss: 0.715
[1,   165] train loss: 0.726
Finished Training
[1,     5] test loss: 0.685
[1,    10] test loss: 0.690
[1,    15] test loss: 0.675
[1,    20] test loss: 0.667
[1,    25] test loss: 0.689
[1,    30] test loss: 0.692
[1,    35] test loss: 0.698
[1,    40] test loss: 0.685
[1,    45] test loss: 0.679
[1,    50] test loss: 0.689
[1,    55] test loss: 0.687
-----------------------------------------------------------------------------------------
Micro-Precision: 0.2282920777797699, Macro-Precision: nan

Micro-Recall: 0.22684907913208008, Macro-Recall: nan

Micro-F1: 0.22756828367710114, Macro-F1: nan

-----------------------------------------------------------------------------------------
-----------------------------------------------------------------------------------------
| end of epoch   0 | time: 385.44s | valid loss  0.70 | valid ppl     2.01
-----------------------------------------------------------------------------------------
[2,     5] train loss: 0.690
[2,    10] train loss: 0.679
[2,    15] train loss: 0.678
[2,    20] train loss: 0.681
[2,    25] train loss: 0.677
[2,    30] train loss: 0.684
[2,    35] train loss: 0.659
[2,    40] train loss: 0.681
[2,    45] train loss: 0.683
[2,    50] train loss: 0.671
[2,    55] train loss: 0.674
[2,    60] train loss: 0.665
[2,    65] train loss: 0.662
[2,    70] train loss: 0.686
[2,    75] train loss: 0.664
[2,    80] train loss: 0.656
[2,    85] train loss: 0.634
[2,    90] train loss: 0.657
[2,    95] train loss: 0.641
[2,   100] train loss: 0.665
[2,   105] train loss: 0.648
[2,   110] train loss: 0.651
[2,   115] train loss: 0.666
[2,   120] train loss: 0.629
[2,   125] train loss: 0.635
[2,   130] train loss: 0.656
[2,   135] train loss: 0.650
[2,   140] train loss: 0.654
[2,   145] train loss: 0.640
[2,   150] train loss: 0.640
[2,   155] train loss: 0.660
[2,   160] train loss: 0.630
[2,   165] train loss: 0.639
Finished Training
[2,     5] test loss: 0.629
[2,    10] test loss: 0.627
[2,    15] test loss: 0.622
[2,    20] test loss: 0.620
[2,    25] test loss: 0.629
[2,    30] test loss: 0.605
[2,    35] test loss: 0.617
[2,    40] test loss: 0.601
[2,    45] test loss: 0.615
[2,    50] test loss: 0.615
[2,    55] test loss: 0.604
-----------------------------------------------------------------------------------------
Micro-Precision: 0.2876899838447571, Macro-Precision: nan

Micro-Recall: 0.27700141072273254, Macro-Recall: nan

Micro-F1: 0.2822445333003998, Macro-F1: nan

-----------------------------------------------------------------------------------------
-----------------------------------------------------------------------------------------
| end of epoch   1 | time: 385.41s | valid loss  0.63 | valid ppl     1.87
-----------------------------------------------------------------------------------------
[3,     5] train loss: 0.601
[3,    10] train loss: 0.590
[3,    15] train loss: 0.598
[3,    20] train loss: 0.619
[3,    25] train loss: 0.596
[3,    30] train loss: 0.612
[3,    35] train loss: 0.590
[3,    40] train loss: 0.597
[3,    45] train loss: 0.610
[3,    50] train loss: 0.599
[3,    55] train loss: 0.606
[3,    60] train loss: 0.595
[3,    65] train loss: 0.602
[3,    70] train loss: 0.594
[3,    75] train loss: 0.597
[3,    80] train loss: 0.606
[3,    85] train loss: 0.602
[3,    90] train loss: 0.589
[3,    95] train loss: 0.597
[3,   100] train loss: 0.590
[3,   105] train loss: 0.599
[3,   110] train loss: 0.599
[3,   115] train loss: 0.598
[3,   120] train loss: 0.593
[3,   125] train loss: 0.590
[3,   130] train loss: 0.590
[3,   135] train loss: 0.593
[3,   140] train loss: 0.585
[3,   145] train loss: 0.579
[3,   150] train loss: 0.588
[3,   155] train loss: 0.578
[3,   160] train loss: 0.576
[3,   165] train loss: 0.568
Finished Training
[3,     5] test loss: 0.585
[3,    10] test loss: 0.582
[3,    15] test loss: 0.584
[3,    20] test loss: 0.574
[3,    25] test loss: 0.578
[3,    30] test loss: 0.581
[3,    35] test loss: 0.585
[3,    40] test loss: 0.595
[3,    45] test loss: 0.570
[3,    50] test loss: 0.573
[3,    55] test loss: 0.589
-----------------------------------------------------------------------------------------
Micro-Precision: 0.31800127029418945, Macro-Precision: nan

Micro-Recall: 0.35144349932670593, Macro-Recall: nan

Micro-F1: 0.3338870704174042, Macro-F1: nan

-----------------------------------------------------------------------------------------
-----------------------------------------------------------------------------------------
| end of epoch   2 | time: 392.16s | valid loss  0.59 | valid ppl     1.81
-----------------------------------------------------------------------------------------
[4,     5] train loss: 0.549
[4,    10] train loss: 0.556
[4,    15] train loss: 0.538
[4,    20] train loss: 0.552
[4,    25] train loss: 0.537
[4,    30] train loss: 0.553
[4,    35] train loss: 0.534
[4,    40] train loss: 0.555
[4,    45] train loss: 0.563
[4,    50] train loss: 0.539
[4,    55] train loss: 0.553
[4,    60] train loss: 0.544
[4,    65] train loss: 0.543
[4,    70] train loss: 0.547
[4,    75] train loss: 0.547
[4,    80] train loss: 0.554
[4,    85] train loss: 0.566
[4,    90] train loss: 0.556
[4,    95] train loss: 0.538
[4,   100] train loss: 0.554
[4,   105] train loss: 0.547
[4,   110] train loss: 0.562
[4,   115] train loss: 0.553
[4,   120] train loss: 0.551
[4,   125] train loss: 0.558
[4,   130] train loss: 0.551
[4,   135] train loss: 0.545
[4,   140] train loss: 0.562
[4,   145] train loss: 0.567
[4,   150] train loss: 0.554
[4,   155] train loss: 0.537
[4,   160] train loss: 0.550
[4,   165] train loss: 0.557
Finished Training
[4,     5] test loss: 0.545
[4,    10] test loss: 0.569
[4,    15] test loss: 0.572
[4,    20] test loss: 0.547
[4,    25] test loss: 0.549
[4,    30] test loss: 0.573
[4,    35] test loss: 0.586
[4,    40] test loss: 0.564
[4,    45] test loss: 0.570
[4,    50] test loss: 0.544
[4,    55] test loss: 0.571
-----------------------------------------------------------------------------------------
Micro-Precision: 0.32928964495658875, Macro-Precision: nan

Micro-Recall: 0.3548066318035126, Macro-Recall: nan

Micro-F1: 0.34157225489616394, Macro-F1: nan

-----------------------------------------------------------------------------------------
-----------------------------------------------------------------------------------------
| end of epoch   3 | time: 391.48s | valid loss  0.57 | valid ppl     1.77
-----------------------------------------------------------------------------------------
[5,     5] train loss: 0.522
[5,    10] train loss: 0.514
[5,    15] train loss: 0.527
[5,    20] train loss: 0.819
[5,    25] train loss: 1.012
[5,    30] train loss: 0.987
[5,    35] train loss: 0.980
[5,    40] train loss: 0.977
[5,    45] train loss: 0.975
[5,    50] train loss: 0.972
[5,    55] train loss: 0.974
[5,    60] train loss: 0.973
[5,    65] train loss: 0.981
[5,    70] train loss: 0.970
[5,    75] train loss: 0.974
[5,    80] train loss: 0.978
[5,    85] train loss: 0.973
[5,    90] train loss: 0.978
[5,    95] train loss: 0.973
[5,   100] train loss: 0.971
[5,   105] train loss: 0.966
[5,   110] train loss: 0.969
[5,   115] train loss: 0.973
[5,   120] train loss: 0.973
[5,   125] train loss: 0.974
[5,   130] train loss: 0.973
[5,   135] train loss: 0.973
[5,   140] train loss: 0.978
[5,   145] train loss: 0.975
[5,   150] train loss: 0.977
[5,   155] train loss: 0.973
[5,   160] train loss: 0.971
[5,   165] train loss: 0.972
Finished Training
[5,     5] test loss: 0.974
[5,    10] test loss: 0.975
[5,    15] test loss: 0.974
[5,    20] test loss: 0.975
[5,    25] test loss: 0.970
[5,    30] test loss: 0.970
[5,    35] test loss: 0.975
[5,    40] test loss: 0.971
[5,    45] test loss: 0.976
[5,    50] test loss: 0.972
[5,    55] test loss: 0.970
-----------------------------------------------------------------------------------------
Micro-Precision: nan, Macro-Precision: nan

Micro-Recall: 0.0, Macro-Recall: nan

Micro-F1: 0.0, Macro-F1: nan

-----------------------------------------------------------------------------------------
-----------------------------------------------------------------------------------------
| end of epoch   4 | time: 336.96s | valid loss  0.99 | valid ppl     2.69
-----------------------------------------------------------------------------------------
[6,     5] train loss: 0.972
[6,    10] train loss: 0.963
[6,    15] train loss: 0.965
[6,    20] train loss: 0.972
[6,    25] train loss: 0.977
[6,    30] train loss: 0.974
[6,    35] train loss: 0.970
[6,    40] train loss: 0.974
[6,    45] train loss: 0.976
[6,    50] train loss: 0.974
[6,    55] train loss: 0.970
[6,    60] train loss: 0.972
[6,    65] train loss: 0.971
[6,    70] train loss: 0.974
[6,    75] train loss: 0.972
[6,    80] train loss: 0.969
[6,    85] train loss: 0.976
[6,    90] train loss: 0.971
[6,    95] train loss: 0.974
[6,   100] train loss: 0.975
[6,   105] train loss: 0.966
[6,   110] train loss: 0.970
[6,   115] train loss: 0.973
[6,   120] train loss: 0.975
[6,   125] train loss: 0.970
[6,   130] train loss: 0.969
[6,   135] train loss: 0.970
[6,   140] train loss: 0.975
[6,   145] train loss: 0.973
[6,   150] train loss: 0.976
[6,   155] train loss: 0.972
[6,   160] train loss: 0.974
[6,   165] train loss: 0.978
Finished Training
[6,     5] test loss: 0.966
[6,    10] test loss: 0.974
[6,    15] test loss: 0.972
[6,    20] test loss: 0.976
[6,    25] test loss: 0.970
[6,    30] test loss: 0.975
[6,    35] test loss: 0.979
[6,    40] test loss: 0.970
[6,    45] test loss: 0.971
[6,    50] test loss: 0.970
[6,    55] test loss: 0.972
-----------------------------------------------------------------------------------------
Micro-Precision: nan, Macro-Precision: nan

Micro-Recall: 0.0, Macro-Recall: nan

Micro-F1: 0.0, Macro-F1: nan

-----------------------------------------------------------------------------------------
-----------------------------------------------------------------------------------------
| end of epoch   5 | time: 337.11s | valid loss  0.99 | valid ppl     2.69
-----------------------------------------------------------------------------------------
[7,     5] train loss: 0.967
[7,    10] train loss: 0.978
[7,    15] train loss: 0.971
[7,    20] train loss: 0.976
[7,    25] train loss: 0.970
[7,    30] train loss: 0.965
[7,    35] train loss: 0.969
[7,    40] train loss: 0.976
[7,    45] train loss: 0.971
[7,    50] train loss: 0.979
[7,    55] train loss: 0.972
[7,    60] train loss: 0.968
[7,    65] train loss: 0.970
[7,    70] train loss: 0.971
[7,    75] train loss: 0.973
[7,    80] train loss: 0.971
[7,    85] train loss: 0.973
[7,    90] train loss: 0.972
[7,    95] train loss: 0.972
[7,   100] train loss: 0.969
[7,   105] train loss: 0.969
[7,   110] train loss: 0.969
[7,   115] train loss: 0.976
[7,   120] train loss: 0.973
[7,   125] train loss: 0.971
[7,   130] train loss: 0.975
[7,   135] train loss: 0.970
[7,   140] train loss: 0.970
[7,   145] train loss: 0.970
[7,   150] train loss: 0.969
[7,   155] train loss: 0.973
[7,   160] train loss: 0.976
[7,   165] train loss: 0.972
Finished Training
[7,     5] test loss: 0.968
[7,    10] test loss: 0.969
[7,    15] test loss: 0.968
[7,    20] test loss: 0.972
[7,    25] test loss: 0.972
[7,    30] test loss: 0.971
[7,    35] test loss: 0.977
[7,    40] test loss: 0.977
[7,    45] test loss: 0.971
[7,    50] test loss: 0.973
[7,    55] test loss: 0.975
-----------------------------------------------------------------------------------------
Micro-Precision: nan, Macro-Precision: nan

Micro-Recall: 0.0, Macro-Recall: nan

Micro-F1: 0.0, Macro-F1: nan

-----------------------------------------------------------------------------------------
-----------------------------------------------------------------------------------------
| end of epoch   6 | time: 337.28s | valid loss  0.99 | valid ppl     2.69
-----------------------------------------------------------------------------------------
[8,     5] train loss: 0.972
[8,    10] train loss: 0.969
[8,    15] train loss: 0.973
[8,    20] train loss: 0.971
[8,    25] train loss: 0.973
[8,    30] train loss: 0.976
[8,    35] train loss: 0.965
[8,    40] train loss: 0.966
[8,    45] train loss: 0.972
[8,    50] train loss: 0.973
[8,    55] train loss: 0.965
[8,    60] train loss: 0.975
[8,    65] train loss: 0.974
[8,    70] train loss: 0.973
[8,    75] train loss: 0.976
[8,    80] train loss: 0.964
[8,    85] train loss: 0.969
[8,    90] train loss: 0.974
[8,    95] train loss: 0.967
[8,   100] train loss: 0.966
[8,   105] train loss: 0.973
[8,   110] train loss: 0.978
[8,   115] train loss: 0.972
[8,   120] train loss: 0.964
[8,   125] train loss: 0.971
[8,   130] train loss: 0.971
[8,   135] train loss: 0.973
[8,   140] train loss: 0.971
[8,   145] train loss: 0.979
[8,   150] train loss: 0.977
[8,   155] train loss: 0.974
[8,   160] train loss: 0.972
[8,   165] train loss: 0.972
Finished Training
[8,     5] test loss: 0.972
[8,    10] test loss: 0.973
[8,    15] test loss: 0.973
[8,    20] test loss: 0.970
[8,    25] test loss: 0.976
[8,    30] test loss: 0.969
[8,    35] test loss: 0.974
[8,    40] test loss: 0.971
[8,    45] test loss: 0.971
[8,    50] test loss: 0.970
[8,    55] test loss: 0.974
-----------------------------------------------------------------------------------------
Micro-Precision: nan, Macro-Precision: nan

Micro-Recall: 0.0, Macro-Recall: nan

Micro-F1: 0.0, Macro-F1: nan

-----------------------------------------------------------------------------------------
-----------------------------------------------------------------------------------------
| end of epoch   7 | time: 336.46s | valid loss  0.99 | valid ppl     2.69
-----------------------------------------------------------------------------------------
[9,     5] train loss: 0.972
[9,    10] train loss: 0.971
[9,    15] train loss: 0.973
[9,    20] train loss: 0.975
[9,    25] train loss: 0.964
[9,    30] train loss: 0.974
[9,    35] train loss: 0.969
[9,    40] train loss: 0.974
[9,    45] train loss: 0.969
[9,    50] train loss: 0.965
[9,    55] train loss: 0.976
[9,    60] train loss: 0.975
[9,    65] train loss: 0.970
[9,    70] train loss: 0.969
[9,    75] train loss: 0.976
[9,    80] train loss: 0.969
[9,    85] train loss: 0.970
[9,    90] train loss: 0.977
[9,    95] train loss: 0.972
[9,   100] train loss: 0.968
[9,   105] train loss: 0.970
[9,   110] train loss: 0.967
[9,   115] train loss: 0.975
[9,   120] train loss: 0.974
[9,   125] train loss: 0.972
[9,   130] train loss: 0.976
[9,   135] train loss: 0.965
[9,   140] train loss: 0.966
[9,   145] train loss: 0.968
[9,   150] train loss: 0.976
[9,   155] train loss: 0.974
[9,   160] train loss: 0.972
[9,   165] train loss: 0.970
Finished Training
[9,     5] test loss: 0.970
[9,    10] test loss: 0.973
[9,    15] test loss: 0.973
[9,    20] test loss: 0.973
[9,    25] test loss: 0.970
[9,    30] test loss: 0.979
[9,    35] test loss: 0.970
[9,    40] test loss: 0.972
[9,    45] test loss: 0.972
[9,    50] test loss: 0.971
[9,    55] test loss: 0.968
-----------------------------------------------------------------------------------------
Micro-Precision: nan, Macro-Precision: nan

Micro-Recall: 0.0, Macro-Recall: nan

Micro-F1: 0.0, Macro-F1: nan

-----------------------------------------------------------------------------------------
-----------------------------------------------------------------------------------------
| end of epoch   8 | time: 336.39s | valid loss  0.99 | valid ppl     2.69
-----------------------------------------------------------------------------------------
[10,     5] train loss: 0.965
[10,    10] train loss: 0.970
[10,    15] train loss: 0.967
[10,    20] train loss: 0.971
[10,    25] train loss: 0.969
[10,    30] train loss: 0.973
[10,    35] train loss: 0.970
[10,    40] train loss: 0.974
[10,    45] train loss: 0.970
[10,    50] train loss: 0.970
[10,    55] train loss: 0.969
[10,    60] train loss: 0.979
[10,    65] train loss: 0.969
[10,    70] train loss: 0.973
[10,    75] train loss: 0.966
[10,    80] train loss: 0.974
[10,    85] train loss: 0.972
[10,    90] train loss: 0.972
[10,    95] train loss: 0.970
[10,   100] train loss: 0.980
[10,   105] train loss: 0.971
[10,   110] train loss: 0.973
[10,   115] train loss: 0.973
[10,   120] train loss: 0.971
[10,   125] train loss: 0.971
[10,   130] train loss: 0.962
[10,   135] train loss: 0.970
[10,   140] train loss: 0.974
[10,   145] train loss: 0.973
[10,   150] train loss: 0.973
[10,   155] train loss: 0.967
[10,   160] train loss: 0.976
[10,   165] train loss: 0.978
Finished Training
[10,     5] test loss: 0.973
[10,    10] test loss: 0.969
[10,    15] test loss: 0.971
[10,    20] test loss: 0.974
[10,    25] test loss: 0.975
[10,    30] test loss: 0.973
[10,    35] test loss: 0.970
[10,    40] test loss: 0.976
[10,    45] test loss: 0.969
[10,    50] test loss: 0.976
[10,    55] test loss: 0.968
-----------------------------------------------------------------------------------------
Micro-Precision: nan, Macro-Precision: nan

Micro-Recall: 0.0, Macro-Recall: nan

Micro-F1: 0.0, Macro-F1: nan

-----------------------------------------------------------------------------------------
-----------------------------------------------------------------------------------------
| end of epoch   9 | time: 336.19s | valid loss  0.99 | valid ppl     2.69
-----------------------------------------------------------------------------------------
[11,     5] train loss: 0.965
[11,    10] train loss: 0.969
[11,    15] train loss: 0.972
[11,    20] train loss: 0.972
[11,    25] train loss: 0.968
[11,    30] train loss: 0.972
[11,    35] train loss: 0.972
[11,    40] train loss: 0.974
[11,    45] train loss: 0.970
[11,    50] train loss: 0.969
[11,    55] train loss: 0.971
[11,    60] train loss: 0.972
[11,    65] train loss: 0.974
[11,    70] train loss: 0.969
[11,    75] train loss: 0.971
[11,    80] train loss: 0.970
[11,    85] train loss: 0.963
[11,    90] train loss: 0.974
[11,    95] train loss: 0.972
[11,   100] train loss: 0.979
[11,   105] train loss: 0.971
[11,   110] train loss: 0.972
[11,   115] train loss: 0.970
[11,   120] train loss: 0.974
[11,   125] train loss: 0.974
[11,   130] train loss: 0.974
[11,   135] train loss: 0.972
[11,   140] train loss: 0.974
[11,   145] train loss: 0.969
[11,   150] train loss: 0.973
[11,   155] train loss: 0.970
[11,   160] train loss: 0.975
[11,   165] train loss: 0.969
Finished Training
[11,     5] test loss: 0.975
[11,    10] test loss: 0.972
[11,    15] test loss: 0.974
[11,    20] test loss: 0.971
[11,    25] test loss: 0.968
[11,    30] test loss: 0.969
[11,    35] test loss: 0.971
[11,    40] test loss: 0.971
[11,    45] test loss: 0.975
[11,    50] test loss: 0.975
[11,    55] test loss: 0.973
-----------------------------------------------------------------------------------------
Micro-Precision: nan, Macro-Precision: nan

Micro-Recall: 0.0, Macro-Recall: nan

Micro-F1: 0.0, Macro-F1: nan

-----------------------------------------------------------------------------------------
-----------------------------------------------------------------------------------------
| end of epoch  10 | time: 336.05s | valid loss  0.99 | valid ppl     2.69
-----------------------------------------------------------------------------------------
[12,     5] train loss: 0.972
[12,    10] train loss: 0.969
[12,    15] train loss: 0.978
[12,    20] train loss: 0.973
[12,    25] train loss: 0.970
[12,    30] train loss: 0.970
[12,    35] train loss: 0.972
[12,    40] train loss: 0.975
[12,    45] train loss: 0.974
[12,    50] train loss: 0.967
[12,    55] train loss: 0.975
[12,    60] train loss: 0.971
[12,    65] train loss: 0.972
[12,    70] train loss: 0.969
[12,    75] train loss: 0.973
[12,    80] train loss: 0.972
[12,    85] train loss: 0.972
[12,    90] train loss: 0.971
[12,    95] train loss: 0.970
[12,   100] train loss: 0.969
[12,   105] train loss: 0.967
[12,   110] train loss: 0.965
[12,   115] train loss: 0.976
[12,   120] train loss: 0.970
[12,   125] train loss: 0.971
[12,   130] train loss: 0.973
[12,   135] train loss: 0.973
[12,   140] train loss: 0.970
[12,   145] train loss: 0.976
[12,   150] train loss: 0.973
[12,   155] train loss: 0.976
[12,   160] train loss: 0.966
[12,   165] train loss: 0.963
Finished Training
[12,     5] test loss: 0.977
[12,    10] test loss: 0.973
[12,    15] test loss: 0.975
[12,    20] test loss: 0.972
[12,    25] test loss: 0.970
[12,    30] test loss: 0.975
[12,    35] test loss: 0.967
[12,    40] test loss: 0.970
[12,    45] test loss: 0.970
[12,    50] test loss: 0.970
[12,    55] test loss: 0.975
-----------------------------------------------------------------------------------------
Micro-Precision: nan, Macro-Precision: nan

Micro-Recall: 0.0, Macro-Recall: nan

Micro-F1: 0.0, Macro-F1: nan

-----------------------------------------------------------------------------------------
-----------------------------------------------------------------------------------------
| end of epoch  11 | time: 336.68s | valid loss  0.99 | valid ppl     2.69
-----------------------------------------------------------------------------------------
[13,     5] train loss: 0.970
[13,    10] train loss: 0.970
[13,    15] train loss: 0.970
[13,    20] train loss: 0.973
[13,    25] train loss: 0.969
[13,    30] train loss: 0.972
[13,    35] train loss: 0.969
[13,    40] train loss: 0.977
[13,    45] train loss: 0.972
[13,    50] train loss: 0.974
[13,    55] train loss: 0.980
[13,    60] train loss: 0.968
[13,    65] train loss: 0.972
[13,    70] train loss: 0.975
[13,    75] train loss: 0.975
[13,    80] train loss: 0.973
[13,    85] train loss: 0.971
[13,    90] train loss: 0.972
[13,    95] train loss: 0.972
[13,   100] train loss: 0.977
[13,   105] train loss: 0.967
[13,   110] train loss: 0.969
[13,   115] train loss: 0.967
[13,   120] train loss: 0.969
[13,   125] train loss: 0.972
[13,   130] train loss: 0.970
[13,   135] train loss: 0.967
[13,   140] train loss: 0.970
[13,   145] train loss: 0.970
[13,   150] train loss: 0.972
[13,   155] train loss: 0.974
[13,   160] train loss: 0.968
[13,   165] train loss: 0.972
Finished Training
[13,     5] test loss: 0.974
[13,    10] test loss: 0.966
[13,    15] test loss: 0.966
[13,    20] test loss: 0.973
[13,    25] test loss: 0.974
[13,    30] test loss: 0.979
[13,    35] test loss: 0.966
[13,    40] test loss: 0.973
[13,    45] test loss: 0.974
[13,    50] test loss: 0.974
[13,    55] test loss: 0.974
-----------------------------------------------------------------------------------------
Micro-Precision: nan, Macro-Precision: nan

Micro-Recall: 0.0, Macro-Recall: nan

Micro-F1: 0.0, Macro-F1: nan

-----------------------------------------------------------------------------------------
-----------------------------------------------------------------------------------------
| end of epoch  12 | time: 336.15s | valid loss  0.99 | valid ppl     2.69
-----------------------------------------------------------------------------------------
[14,     5] train loss: 0.974
[14,    10] train loss: 0.971
[14,    15] train loss: 0.967
[14,    20] train loss: 0.970
[14,    25] train loss: 0.971
[14,    30] train loss: 0.975
[14,    35] train loss: 0.972
[14,    40] train loss: 0.971
[14,    45] train loss: 0.976
[14,    50] train loss: 0.967
[14,    55] train loss: 0.970
[14,    60] train loss: 0.971
[14,    65] train loss: 0.968
[14,    70] train loss: 0.970
[14,    75] train loss: 0.972
[14,    80] train loss: 0.968
[14,    85] train loss: 0.971
[14,    90] train loss: 0.969
[14,    95] train loss: 0.974
[14,   100] train loss: 0.972
[14,   105] train loss: 0.973
[14,   110] train loss: 0.971
[14,   115] train loss: 0.970
[14,   120] train loss: 0.970
[14,   125] train loss: 0.973
[14,   130] train loss: 0.969
[14,   135] train loss: 0.971
[14,   140] train loss: 0.969
[14,   145] train loss: 0.977
[14,   150] train loss: 0.973
[14,   155] train loss: 0.967
[14,   160] train loss: 0.976
[14,   165] train loss: 0.971
Finished Training
[14,     5] test loss: 0.971
[14,    10] test loss: 0.973
[14,    15] test loss: 0.972
[14,    20] test loss: 0.975
[14,    25] test loss: 0.979
[14,    30] test loss: 0.971
[14,    35] test loss: 0.965
[14,    40] test loss: 0.970
[14,    45] test loss: 0.975
[14,    50] test loss: 0.966
[14,    55] test loss: 0.974
-----------------------------------------------------------------------------------------
Micro-Precision: nan, Macro-Precision: nan

Micro-Recall: 0.0, Macro-Recall: nan

Micro-F1: 0.0, Macro-F1: nan

-----------------------------------------------------------------------------------------
-----------------------------------------------------------------------------------------
| end of epoch  13 | time: 335.88s | valid loss  0.99 | valid ppl     2.69
-----------------------------------------------------------------------------------------
[15,     5] train loss: 0.973
[15,    10] train loss: 0.966
[15,    15] train loss: 0.976
[15,    20] train loss: 0.973
[15,    25] train loss: 0.971
[15,    30] train loss: 0.972
[15,    35] train loss: 0.968
[15,    40] train loss: 0.973
[15,    45] train loss: 0.970
[15,    50] train loss: 0.975
[15,    55] train loss: 0.975
[15,    60] train loss: 0.968
[15,    65] train loss: 0.972
[15,    70] train loss: 0.974
[15,    75] train loss: 0.970
[15,    80] train loss: 0.976
[15,    85] train loss: 0.973
[15,    90] train loss: 0.969
[15,    95] train loss: 0.971
[15,   100] train loss: 0.971
[15,   105] train loss: 0.967
[15,   110] train loss: 0.970
[15,   115] train loss: 0.968
[15,   120] train loss: 0.972
[15,   125] train loss: 0.974
[15,   130] train loss: 0.974
[15,   135] train loss: 0.968
[15,   140] train loss: 0.969
[15,   145] train loss: 0.968
[15,   150] train loss: 0.975
[15,   155] train loss: 0.976
[15,   160] train loss: 0.969
[15,   165] train loss: 0.966
Finished Training
[15,     5] test loss: 0.969
[15,    10] test loss: 0.977
[15,    15] test loss: 0.971
[15,    20] test loss: 0.970
[15,    25] test loss: 0.972
[15,    30] test loss: 0.972
[15,    35] test loss: 0.977
[15,    40] test loss: 0.968
[15,    45] test loss: 0.970
[15,    50] test loss: 0.970
[15,    55] test loss: 0.974
-----------------------------------------------------------------------------------------
Micro-Precision: nan, Macro-Precision: nan

Micro-Recall: 0.0, Macro-Recall: nan

Micro-F1: 0.0, Macro-F1: nan

-----------------------------------------------------------------------------------------
-----------------------------------------------------------------------------------------
| end of epoch  14 | time: 336.40s | valid loss  0.99 | valid ppl     2.69
-----------------------------------------------------------------------------------------
[16,     5] train loss: 0.971
[16,    10] train loss: 0.975
[16,    15] train loss: 0.964
[16,    20] train loss: 0.970
[16,    25] train loss: 0.974
[16,    30] train loss: 0.972
[16,    35] train loss: 0.975
[16,    40] train loss: 0.974
[16,    45] train loss: 0.975
[16,    50] train loss: 0.972
[16,    55] train loss: 0.971
[16,    60] train loss: 0.971
[16,    65] train loss: 0.973
[16,    70] train loss: 0.970
[16,    75] train loss: 0.969
[16,    80] train loss: 0.968
[16,    85] train loss: 0.967
[16,    90] train loss: 0.974
[16,    95] train loss: 0.973
[16,   100] train loss: 0.969
[16,   105] train loss: 0.972
[16,   110] train loss: 0.970
[16,   115] train loss: 0.979
[16,   120] train loss: 0.967
[16,   125] train loss: 0.970
[16,   130] train loss: 0.969
[16,   135] train loss: 0.971
[16,   140] train loss: 0.975
[16,   145] train loss: 0.968
[16,   150] train loss: 0.967
[16,   155] train loss: 0.972
[16,   160] train loss: 0.968
[16,   165] train loss: 0.976
Finished Training
[16,     5] test loss: 0.971
[16,    10] test loss: 0.973
[16,    15] test loss: 0.971
[16,    20] test loss: 0.972
[16,    25] test loss: 0.977
[16,    30] test loss: 0.974
[16,    35] test loss: 0.971
[16,    40] test loss: 0.966
[16,    45] test loss: 0.970
[16,    50] test loss: 0.969
[16,    55] test loss: 0.976
-----------------------------------------------------------------------------------------
Micro-Precision: nan, Macro-Precision: nan

Micro-Recall: 0.0, Macro-Recall: nan

Micro-F1: 0.0, Macro-F1: nan

-----------------------------------------------------------------------------------------
-----------------------------------------------------------------------------------------
| end of epoch  15 | time: 336.41s | valid loss  0.99 | valid ppl     2.69
-----------------------------------------------------------------------------------------
[17,     5] train loss: 0.967
[17,    10] train loss: 0.970
[17,    15] train loss: 0.973
[17,    20] train loss: 0.969
[17,    25] train loss: 0.974
[17,    30] train loss: 0.973
[17,    35] train loss: 0.973
[17,    40] train loss: 0.968
[17,    45] train loss: 0.970
[17,    50] train loss: 0.968
[17,    55] train loss: 0.972
[17,    60] train loss: 0.971
[17,    65] train loss: 0.974
[17,    70] train loss: 0.972
[17,    75] train loss: 0.970
[17,    80] train loss: 0.974
[17,    85] train loss: 0.972
[17,    90] train loss: 0.968
[17,    95] train loss: 0.971
[17,   100] train loss: 0.973
[17,   105] train loss: 0.969
[17,   110] train loss: 0.974
[17,   115] train loss: 0.978
[17,   120] train loss: 0.973
[17,   125] train loss: 0.968
[17,   130] train loss: 0.966
[17,   135] train loss: 0.973
[17,   140] train loss: 0.970
[17,   145] train loss: 0.976
[17,   150] train loss: 0.979
[17,   155] train loss: 0.971
[17,   160] train loss: 0.972
[17,   165] train loss: 0.965
Finished Training
[17,     5] test loss: 0.969
[17,    10] test loss: 0.971
[17,    15] test loss: 0.968
[17,    20] test loss: 0.973
[17,    25] test loss: 0.978
[17,    30] test loss: 0.968
[17,    35] test loss: 0.973
[17,    40] test loss: 0.971
[17,    45] test loss: 0.975
[17,    50] test loss: 0.976
[17,    55] test loss: 0.970
-----------------------------------------------------------------------------------------
Micro-Precision: nan, Macro-Precision: nan

Micro-Recall: 0.0, Macro-Recall: nan

Micro-F1: 0.0, Macro-F1: nan

-----------------------------------------------------------------------------------------
-----------------------------------------------------------------------------------------
| end of epoch  16 | time: 336.31s | valid loss  0.99 | valid ppl     2.69
-----------------------------------------------------------------------------------------
[18,     5] train loss: 0.965
[18,    10] train loss: 0.968
[18,    15] train loss: 0.973
[18,    20] train loss: 0.975
[18,    25] train loss: 0.962
[18,    30] train loss: 0.970
[18,    35] train loss: 0.976
[18,    40] train loss: 0.969
[18,    45] train loss: 0.972
[18,    50] train loss: 0.972
[18,    55] train loss: 0.971
[18,    60] train loss: 0.973
[18,    65] train loss: 0.974
[18,    70] train loss: 0.970
[18,    75] train loss: 0.972
[18,    80] train loss: 0.970
[18,    85] train loss: 0.971
[18,    90] train loss: 0.969
[18,    95] train loss: 0.972
[18,   100] train loss: 0.969
[18,   105] train loss: 0.973
[18,   110] train loss: 0.973
[18,   115] train loss: 0.976
[18,   120] train loss: 0.973
[18,   125] train loss: 0.976
[18,   130] train loss: 0.969
[18,   135] train loss: 0.970
[18,   140] train loss: 0.976
[18,   145] train loss: 0.973
[18,   150] train loss: 0.967
[18,   155] train loss: 0.973
[18,   160] train loss: 0.967
[18,   165] train loss: 0.972
Finished Training
[18,     5] test loss: 0.965
[18,    10] test loss: 0.975
[18,    15] test loss: 0.978
[18,    20] test loss: 0.971
[18,    25] test loss: 0.974
[18,    30] test loss: 0.973
[18,    35] test loss: 0.976
[18,    40] test loss: 0.970
[18,    45] test loss: 0.970
[18,    50] test loss: 0.970
[18,    55] test loss: 0.969
-----------------------------------------------------------------------------------------
Micro-Precision: nan, Macro-Precision: nan

Micro-Recall: 0.0, Macro-Recall: nan

Micro-F1: 0.0, Macro-F1: nan

-----------------------------------------------------------------------------------------
-----------------------------------------------------------------------------------------
| end of epoch  17 | time: 336.24s | valid loss  0.99 | valid ppl     2.69
-----------------------------------------------------------------------------------------
[19,     5] train loss: 0.969
[19,    10] train loss: 0.968
[19,    15] train loss: 0.973
[19,    20] train loss: 0.976
[19,    25] train loss: 0.966
[19,    30] train loss: 0.967
[19,    35] train loss: 0.979
[19,    40] train loss: 0.969
[19,    45] train loss: 0.972
[19,    50] train loss: 0.966
[19,    55] train loss: 0.971
[19,    60] train loss: 0.974
[19,    65] train loss: 0.969
[19,    70] train loss: 0.969
[19,    75] train loss: 0.971
[19,    80] train loss: 0.970
[19,    85] train loss: 0.972
[19,    90] train loss: 0.972
[19,    95] train loss: 0.974
[19,   100] train loss: 0.975
[19,   105] train loss: 0.972
[19,   110] train loss: 0.974
[19,   115] train loss: 0.972
[19,   120] train loss: 0.975
[19,   125] train loss: 0.975
[19,   130] train loss: 0.969
[19,   135] train loss: 0.968
[19,   140] train loss: 0.971
[19,   145] train loss: 0.968
[19,   150] train loss: 0.963
[19,   155] train loss: 0.973
[19,   160] train loss: 0.972
[19,   165] train loss: 0.974
Finished Training
[19,     5] test loss: 0.972
[19,    10] test loss: 0.969
[19,    15] test loss: 0.970
[19,    20] test loss: 0.969
[19,    25] test loss: 0.970
[19,    30] test loss: 0.979
[19,    35] test loss: 0.973
[19,    40] test loss: 0.975
[19,    45] test loss: 0.973
[19,    50] test loss: 0.970
[19,    55] test loss: 0.970
-----------------------------------------------------------------------------------------
Micro-Precision: nan, Macro-Precision: nan

Micro-Recall: 0.0, Macro-Recall: nan

Micro-F1: 0.0, Macro-F1: nan

-----------------------------------------------------------------------------------------
-----------------------------------------------------------------------------------------
| end of epoch  18 | time: 336.40s | valid loss  0.99 | valid ppl     2.69
-----------------------------------------------------------------------------------------
[20,     5] train loss: 0.967
[20,    10] train loss: 0.973
[20,    15] train loss: 0.967
[20,    20] train loss: 0.970
[20,    25] train loss: 0.972
[20,    30] train loss: 0.963
[20,    35] train loss: 0.973
[20,    40] train loss: 0.966
[20,    45] train loss: 0.970
[20,    50] train loss: 0.971
[20,    55] train loss: 0.968
[20,    60] train loss: 0.972
[20,    65] train loss: 0.972
[20,    70] train loss: 0.971
[20,    75] train loss: 0.975
[20,    80] train loss: 0.968
[20,    85] train loss: 0.976
[20,    90] train loss: 0.971
[20,    95] train loss: 0.971
[20,   100] train loss: 0.972
[20,   105] train loss: 0.972
[20,   110] train loss: 0.976
[20,   115] train loss: 0.973
[20,   120] train loss: 0.978
[20,   125] train loss: 0.970
[20,   130] train loss: 0.970
[20,   135] train loss: 0.972
[20,   140] train loss: 0.973
[20,   145] train loss: 0.972
[20,   150] train loss: 0.976
[20,   155] train loss: 0.973
[20,   160] train loss: 0.971
[20,   165] train loss: 0.966
Finished Training
[20,     5] test loss: 0.979
[20,    10] test loss: 0.966
[20,    15] test loss: 0.973
[20,    20] test loss: 0.970
[20,    25] test loss: 0.974
[20,    30] test loss: 0.968
[20,    35] test loss: 0.972
[20,    40] test loss: 0.969
[20,    45] test loss: 0.970
[20,    50] test loss: 0.978
[20,    55] test loss: 0.971
-----------------------------------------------------------------------------------------
Micro-Precision: nan, Macro-Precision: nan

Micro-Recall: 0.0, Macro-Recall: nan

Micro-F1: 0.0, Macro-F1: nan

-----------------------------------------------------------------------------------------
-----------------------------------------------------------------------------------------
| end of epoch  19 | time: 336.22s | valid loss  0.99 | valid ppl     2.69
-----------------------------------------------------------------------------------------
[21,     5] train loss: 0.968
[21,    10] train loss: 0.965
[21,    15] train loss: 0.972
[21,    20] train loss: 0.974
[21,    25] train loss: 0.965
[21,    30] train loss: 0.975
[21,    35] train loss: 0.969
[21,    40] train loss: 0.968
[21,    45] train loss: 0.973
[21,    50] train loss: 0.970
[21,    55] train loss: 0.975
[21,    60] train loss: 0.972
[21,    65] train loss: 0.972
[21,    70] train loss: 0.969
[21,    75] train loss: 0.974
[21,    80] train loss: 0.977
[21,    85] train loss: 0.973
[21,    90] train loss: 0.969
[21,    95] train loss: 0.971
[21,   100] train loss: 0.964
[21,   105] train loss: 0.975
[21,   110] train loss: 0.975
[21,   115] train loss: 0.967
[21,   120] train loss: 0.970
[21,   125] train loss: 0.968
[21,   130] train loss: 0.975
[21,   135] train loss: 0.969
[21,   140] train loss: 0.967
[21,   145] train loss: 0.974
[21,   150] train loss: 0.973
[21,   155] train loss: 0.973
[21,   160] train loss: 0.971
[21,   165] train loss: 0.974
Finished Training
[21,     5] test loss: 0.972
[21,    10] test loss: 0.975
[21,    15] test loss: 0.972
[21,    20] test loss: 0.971
[21,    25] test loss: 0.976
[21,    30] test loss: 0.974
[21,    35] test loss: 0.971
[21,    40] test loss: 0.971
[21,    45] test loss: 0.970
[21,    50] test loss: 0.973
[21,    55] test loss: 0.965
-----------------------------------------------------------------------------------------
Micro-Precision: nan, Macro-Precision: nan

Micro-Recall: 0.0, Macro-Recall: nan

Micro-F1: 0.0, Macro-F1: nan

-----------------------------------------------------------------------------------------
-----------------------------------------------------------------------------------------
| end of epoch  20 | time: 336.67s | valid loss  0.99 | valid ppl     2.69
-----------------------------------------------------------------------------------------
[22,     5] train loss: 0.972
[22,    10] train loss: 0.969
[22,    15] train loss: 0.973
[22,    20] train loss: 0.976
[22,    25] train loss: 0.969
[22,    30] train loss: 0.966
[22,    35] train loss: 0.971
[22,    40] train loss: 0.973
[22,    45] train loss: 0.969
[22,    50] train loss: 0.968
[22,    55] train loss: 0.970
[22,    60] train loss: 0.975
[22,    65] train loss: 0.964
[22,    70] train loss: 0.964
[22,    75] train loss: 0.972
[22,    80] train loss: 0.972
[22,    85] train loss: 0.974
[22,    90] train loss: 0.970
[22,    95] train loss: 0.973
[22,   100] train loss: 0.969
[22,   105] train loss: 0.970
[22,   110] train loss: 0.967
[22,   115] train loss: 0.973
[22,   120] train loss: 0.969
[22,   125] train loss: 0.973
[22,   130] train loss: 0.977
[22,   135] train loss: 0.976
[22,   140] train loss: 0.976
[22,   145] train loss: 0.968
[22,   150] train loss: 0.976
[22,   155] train loss: 0.970
[22,   160] train loss: 0.968
[22,   165] train loss: 0.975
Finished Training
[22,     5] test loss: 0.974
[22,    10] test loss: 0.965
[22,    15] test loss: 0.970
[22,    20] test loss: 0.975
[22,    25] test loss: 0.977
[22,    30] test loss: 0.969
[22,    35] test loss: 0.971
[22,    40] test loss: 0.971
[22,    45] test loss: 0.972
[22,    50] test loss: 0.971
[22,    55] test loss: 0.976
-----------------------------------------------------------------------------------------
Micro-Precision: nan, Macro-Precision: nan

Micro-Recall: 0.0, Macro-Recall: nan

Micro-F1: 0.0, Macro-F1: nan

-----------------------------------------------------------------------------------------
-----------------------------------------------------------------------------------------
| end of epoch  21 | time: 336.15s | valid loss  0.99 | valid ppl     2.69
-----------------------------------------------------------------------------------------
[23,     5] train loss: 0.969
[23,    10] train loss: 0.982
[23,    15] train loss: 0.970
[23,    20] train loss: 0.973
[23,    25] train loss: 0.974
[23,    30] train loss: 0.966
[23,    35] train loss: 0.972
[23,    40] train loss: 0.969
[23,    45] train loss: 0.972
[23,    50] train loss: 0.973
[23,    55] train loss: 0.968
[23,    60] train loss: 0.970
[23,    65] train loss: 0.972
[23,    70] train loss: 0.967
[23,    75] train loss: 0.972
[23,    80] train loss: 0.969
[23,    85] train loss: 0.972
[23,    90] train loss: 0.971
[23,    95] train loss: 0.971
[23,   100] train loss: 0.963
[23,   105] train loss: 0.974
[23,   110] train loss: 0.970
[23,   115] train loss: 0.977
[23,   120] train loss: 0.971
[23,   125] train loss: 0.972
[23,   130] train loss: 0.970
[23,   135] train loss: 0.970
[23,   140] train loss: 0.969
[23,   145] train loss: 0.975
[23,   150] train loss: 0.969
[23,   155] train loss: 0.969
[23,   160] train loss: 0.967
[23,   165] train loss: 0.973
Finished Training
[23,     5] test loss: 0.970
[23,    10] test loss: 0.966
[23,    15] test loss: 0.971
[23,    20] test loss: 0.977
[23,    25] test loss: 0.974
[23,    30] test loss: 0.975
[23,    35] test loss: 0.972
[23,    40] test loss: 0.972
[23,    45] test loss: 0.968
[23,    50] test loss: 0.975
[23,    55] test loss: 0.973
-----------------------------------------------------------------------------------------
Micro-Precision: nan, Macro-Precision: nan

Micro-Recall: 0.0, Macro-Recall: nan

Micro-F1: 0.0, Macro-F1: nan

-----------------------------------------------------------------------------------------
-----------------------------------------------------------------------------------------
| end of epoch  22 | time: 335.91s | valid loss  0.99 | valid ppl     2.69
-----------------------------------------------------------------------------------------
[24,     5] train loss: 0.967
[24,    10] train loss: 0.970
[24,    15] train loss: 0.972
[24,    20] train loss: 0.977
[24,    25] train loss: 0.970
[24,    30] train loss: 0.974
[24,    35] train loss: 0.971
[24,    40] train loss: 0.974
[24,    45] train loss: 0.966
[24,    50] train loss: 0.971
[24,    55] train loss: 0.971
[24,    60] train loss: 0.969
[24,    65] train loss: 0.976
[24,    70] train loss: 0.976
[24,    75] train loss: 0.967
[24,    80] train loss: 0.971
[24,    85] train loss: 0.971
[24,    90] train loss: 0.969
[24,    95] train loss: 0.971
[24,   100] train loss: 0.968
[24,   105] train loss: 0.976
[24,   110] train loss: 0.967
[24,   115] train loss: 0.972
[24,   120] train loss: 0.973
[24,   125] train loss: 0.964
[24,   130] train loss: 0.971
[24,   135] train loss: 0.968
[24,   140] train loss: 0.974
[24,   145] train loss: 0.975
[24,   150] train loss: 0.971
[24,   155] train loss: 0.969
[24,   160] train loss: 0.970
[24,   165] train loss: 0.979
Finished Training
[24,     5] test loss: 0.979
[24,    10] test loss: 0.967
[24,    15] test loss: 0.971
[24,    20] test loss: 0.972
[24,    25] test loss: 0.972
[24,    30] test loss: 0.975
[24,    35] test loss: 0.972
[24,    40] test loss: 0.971
[24,    45] test loss: 0.974
[24,    50] test loss: 0.970
[24,    55] test loss: 0.969
-----------------------------------------------------------------------------------------
Micro-Precision: nan, Macro-Precision: nan

Micro-Recall: 0.0, Macro-Recall: nan

Micro-F1: 0.0, Macro-F1: nan

-----------------------------------------------------------------------------------------
-----------------------------------------------------------------------------------------
| end of epoch  23 | time: 335.98s | valid loss  0.99 | valid ppl     2.69
-----------------------------------------------------------------------------------------
[25,     5] train loss: 0.968
[25,    10] train loss: 0.970
[25,    15] train loss: 0.971
[25,    20] train loss: 0.969
[25,    25] train loss: 0.973
[25,    30] train loss: 0.965
[25,    35] train loss: 0.972
[25,    40] train loss: 0.972
[25,    45] train loss: 0.968
[25,    50] train loss: 0.973
[25,    55] train loss: 0.974
[25,    60] train loss: 0.975
[25,    65] train loss: 0.969
[25,    70] train loss: 0.966
[25,    75] train loss: 0.971
[25,    80] train loss: 0.969
[25,    85] train loss: 0.974
[25,    90] train loss: 0.973
[25,    95] train loss: 0.970
[25,   100] train loss: 0.971
[25,   105] train loss: 0.969
[25,   110] train loss: 0.972
[25,   115] train loss: 0.971
[25,   120] train loss: 0.970
[25,   125] train loss: 0.971
[25,   130] train loss: 0.973
[25,   135] train loss: 0.973
[25,   140] train loss: 0.969
[25,   145] train loss: 0.976
[25,   150] train loss: 0.972
[25,   155] train loss: 0.976
[25,   160] train loss: 0.970
[25,   165] train loss: 0.973
Finished Training
[25,     5] test loss: 0.971
[25,    10] test loss: 0.974
[25,    15] test loss: 0.974
[25,    20] test loss: 0.971
[25,    25] test loss: 0.973
[25,    30] test loss: 0.976
[25,    35] test loss: 0.973
[25,    40] test loss: 0.967
[25,    45] test loss: 0.973
[25,    50] test loss: 0.969
[25,    55] test loss: 0.970
-----------------------------------------------------------------------------------------
Micro-Precision: nan, Macro-Precision: nan

Micro-Recall: 0.0, Macro-Recall: nan

Micro-F1: 0.0, Macro-F1: nan

-----------------------------------------------------------------------------------------
-----------------------------------------------------------------------------------------
| end of epoch  24 | time: 336.46s | valid loss  0.99 | valid ppl     2.69
-----------------------------------------------------------------------------------------
