Restoring modules from user's fosscuda111, for system: "farnam-rhel7"
/home/vs428/project/MedMentions/full/pretraining5/entity_vocab.jsonl
Some weights of the model checkpoint at microsoft/BiomedNLP-PubMedBERT-base-uncased-abstract were not used when initializing BertModel: ['cls.predictions.transform.dense.weight', 'cls.predictions.transform.dense.bias', 'cls.predictions.transform.LayerNorm.weight', 'cls.predictions.transform.LayerNorm.bias', 'cls.predictions.decoder.weight', 'cls.predictions.bias', 'cls.predictions.decoder.bias', 'cls.seq_relationship.bias', 'cls.seq_relationship.weight']
- This IS expected if you are initializing BertModel from the checkpoint of a model trained on another task or with another architecture (e.g. initializing a BertForSequenceClassification model from a BertForPreTraining model).
- This IS NOT expected if you are initializing BertModel from the checkpoint of a model that you expect to be exactly identical (initializing a BertForSequenceClassification model from a BertForSequenceClassification model).
0
<torch.cuda.device object at 0x2aee25b50b20>
1
GeForce GTX 1080 Ti
[1,     5] train loss: 1.009
[1,    10] train loss: 0.997
[1,    15] train loss: 0.998
[1,    20] train loss: 0.992
[1,    25] train loss: 0.991
[1,    30] train loss: 0.992
[1,    35] train loss: 0.981
[1,    40] train loss: 0.978
[1,    45] train loss: 0.985
[1,    50] train loss: 0.972
[1,    55] train loss: 0.965
[1,    60] train loss: 0.957
[1,    65] train loss: 0.958
[1,    70] train loss: 0.954
[1,    75] train loss: 0.948
[1,    80] train loss: 0.944
[1,    85] train loss: 0.939
[1,    90] train loss: 0.937
[1,    95] train loss: 0.936
[1,   100] train loss: 0.924
[1,   105] train loss: 0.928
[1,   110] train loss: 0.928
[1,   115] train loss: 0.917
[1,   120] train loss: 0.915
[1,   125] train loss: 0.915
[1,   130] train loss: 0.910
[1,   135] train loss: 0.911
[1,   140] train loss: 0.902
[1,   145] train loss: 0.908
[1,   150] train loss: 0.908
[1,   155] train loss: 0.904
[1,   160] train loss: 0.900
[1,   165] train loss: 0.903
[1,   170] train loss: 0.896
[1,   175] train loss: 0.885
[1,   180] train loss: 0.890
[1,   185] train loss: 0.895
[1,   190] train loss: 0.888
[1,   195] train loss: 0.886
[1,   200] train loss: 0.889
[1,   205] train loss: 0.898
[1,   210] train loss: 0.879
[1,   215] train loss: 0.888
[1,   220] train loss: 0.874
[1,   225] train loss: 0.879
[1,   230] train loss: 0.881
[1,   235] train loss: 0.882
[1,   240] train loss: 0.870
[1,   245] train loss: 0.880
[1,   250] train loss: 0.873
[1,   255] train loss: 0.879
[1,   260] train loss: 0.876
[1,   265] train loss: 0.868
[1,   270] train loss: 0.867
[1,   275] train loss: 0.873
[1,   280] train loss: 0.866
[1,   285] train loss: 0.868
[1,   290] train loss: 0.871
[1,   295] train loss: 0.872
[1,   300] train loss: 0.850
[1,   305] train loss: 0.848
[1,   310] train loss: 0.866
[1,   315] train loss: 0.864
[1,   320] train loss: 0.859
[1,   325] train loss: 0.865
[1,   330] train loss: 0.859
Finished Training
[1,     5] test loss: 0.845
[1,    10] test loss: 0.837
[1,    15] test loss: 0.836
[1,    20] test loss: 0.846
[1,    25] test loss: 0.842
[1,    30] test loss: 0.834
[1,    35] test loss: 0.840
[1,    40] test loss: 0.837
[1,    45] test loss: 0.851
[1,    50] test loss: 0.835
[1,    55] test loss: 0.827
[1,    60] test loss: 0.827
[1,    65] test loss: 0.844
[1,    70] test loss: 0.844
[1,    75] test loss: 0.834
[1,    80] test loss: 0.828
[1,    85] test loss: 0.841
[1,    90] test loss: 0.846
[1,    95] test loss: 0.839
[1,   100] test loss: 0.837
[1,   105] test loss: 0.832
[1,   110] test loss: 0.832
-----------------------------------------------------------------------------------------
Micro-Precision: 0.0958726778626442, Macro-Precision: nan

Micro-Recall: 0.09211566299200058, Macro-Recall: nan

Micro-F1: 0.09395662695169449, Macro-F1: nan

-----------------------------------------------------------------------------------------
-----------------------------------------------------------------------------------------
| end of epoch   0 | time: 130.73s | valid loss  0.85 | valid ppl     2.33
-----------------------------------------------------------------------------------------
[2,     5] train loss: 0.850
[2,    10] train loss: 0.848
[2,    15] train loss: 0.844
[2,    20] train loss: 0.849
[2,    25] train loss: 0.851
[2,    30] train loss: 0.841
[2,    35] train loss: 0.842
[2,    40] train loss: 0.844
[2,    45] train loss: 0.852
[2,    50] train loss: 0.846
[2,    55] train loss: 0.843
[2,    60] train loss: 0.836
[2,    65] train loss: 0.834
[2,    70] train loss: 0.835
[2,    75] train loss: 0.830
[2,    80] train loss: 0.838
[2,    85] train loss: 0.841
[2,    90] train loss: 0.824
[2,    95] train loss: 0.836
[2,   100] train loss: 0.819
[2,   105] train loss: 0.826
[2,   110] train loss: 0.826
[2,   115] train loss: 0.827
[2,   120] train loss: 0.817
[2,   125] train loss: 0.832
[2,   130] train loss: 0.833
[2,   135] train loss: 0.832
[2,   140] train loss: 0.823
[2,   145] train loss: 0.812
[2,   150] train loss: 0.825
[2,   155] train loss: 0.830
[2,   160] train loss: 0.820
[2,   165] train loss: 0.834
[2,   170] train loss: 0.811
[2,   175] train loss: 0.806
[2,   180] train loss: 0.830
[2,   185] train loss: 0.818
[2,   190] train loss: 0.819
[2,   195] train loss: 0.822
[2,   200] train loss: 0.810
[2,   205] train loss: 0.809
[2,   210] train loss: 0.817
[2,   215] train loss: 0.822
[2,   220] train loss: 0.818
[2,   225] train loss: 0.803
[2,   230] train loss: 0.816
[2,   235] train loss: 0.816
[2,   240] train loss: 0.822
[2,   245] train loss: 0.819
[2,   250] train loss: 0.798
[2,   255] train loss: 0.815
[2,   260] train loss: 0.805
[2,   265] train loss: 0.810
[2,   270] train loss: 0.809
[2,   275] train loss: 0.799
[2,   280] train loss: 0.822
[2,   285] train loss: 0.806
[2,   290] train loss: 0.804
[2,   295] train loss: 0.813
[2,   300] train loss: 0.805
[2,   305] train loss: 0.814
[2,   310] train loss: 0.795
[2,   315] train loss: 0.813
[2,   320] train loss: 0.807
[2,   325] train loss: 0.807
[2,   330] train loss: 0.802
Finished Training
[2,     5] test loss: 0.785
[2,    10] test loss: 0.769
[2,    15] test loss: 0.783
[2,    20] test loss: 0.767
[2,    25] test loss: 0.765
[2,    30] test loss: 0.766
[2,    35] test loss: 0.786
[2,    40] test loss: 0.776
[2,    45] test loss: 0.782
[2,    50] test loss: 0.779
[2,    55] test loss: 0.781
[2,    60] test loss: 0.776
[2,    65] test loss: 0.769
[2,    70] test loss: 0.772
[2,    75] test loss: 0.773
[2,    80] test loss: 0.771
[2,    85] test loss: 0.778
[2,    90] test loss: 0.783
[2,    95] test loss: 0.784
[2,   100] test loss: 0.782
[2,   105] test loss: 0.778
[2,   110] test loss: 0.782
-----------------------------------------------------------------------------------------
Micro-Precision: 0.18765351176261902, Macro-Precision: nan

Micro-Recall: 0.21017588675022125, Macro-Recall: nan

Micro-F1: 0.19827717542648315, Macro-F1: nan

-----------------------------------------------------------------------------------------
-----------------------------------------------------------------------------------------
| end of epoch   1 | time: 134.19s | valid loss  0.78 | valid ppl     2.19
-----------------------------------------------------------------------------------------
[3,     5] train loss: 0.802
[3,    10] train loss: 0.788
[3,    15] train loss: 0.799
[3,    20] train loss: 0.793
[3,    25] train loss: 0.789
[3,    30] train loss: 0.782
[3,    35] train loss: 0.779
[3,    40] train loss: 0.784
[3,    45] train loss: 0.781
[3,    50] train loss: 0.791
[3,    55] train loss: 0.795
[3,    60] train loss: 0.778
[3,    65] train loss: 0.773
[3,    70] train loss: 0.787
[3,    75] train loss: 0.791
[3,    80] train loss: 0.792
[3,    85] train loss: 0.771
[3,    90] train loss: 0.778
[3,    95] train loss: 0.781
[3,   100] train loss: 0.796
[3,   105] train loss: 0.768
[3,   110] train loss: 0.788
[3,   115] train loss: 0.793
[3,   120] train loss: 0.783
[3,   125] train loss: 0.774
[3,   130] train loss: 0.787
[3,   135] train loss: 0.783
[3,   140] train loss: 0.778
[3,   145] train loss: 0.780
[3,   150] train loss: 0.791
[3,   155] train loss: 0.781
[3,   160] train loss: 0.766
[3,   165] train loss: 0.779
[3,   170] train loss: 0.793
[3,   175] train loss: 0.771
[3,   180] train loss: 0.778
[3,   185] train loss: 0.762
[3,   190] train loss: 0.772
[3,   195] train loss: 0.771
[3,   200] train loss: 0.781
[3,   205] train loss: 0.784
[3,   210] train loss: 0.789
[3,   215] train loss: 0.782
[3,   220] train loss: 0.790
[3,   225] train loss: 0.771
[3,   230] train loss: 0.769
[3,   235] train loss: 0.775
[3,   240] train loss: 0.794
[3,   245] train loss: 0.760
[3,   250] train loss: 0.771
[3,   255] train loss: 0.777
[3,   260] train loss: 0.774
[3,   265] train loss: 0.775
[3,   270] train loss: 0.754
[3,   275] train loss: 0.761
[3,   280] train loss: 0.785
[3,   285] train loss: 0.788
[3,   290] train loss: 0.775
[3,   295] train loss: 0.755
[3,   300] train loss: 0.754
[3,   305] train loss: 0.759
[3,   310] train loss: 0.760
[3,   315] train loss: 0.758
[3,   320] train loss: 0.764
[3,   325] train loss: 0.751
[3,   330] train loss: 0.761
Finished Training
[3,     5] test loss: 0.741
[3,    10] test loss: 0.769
[3,    15] test loss: 0.733
[3,    20] test loss: 0.742
[3,    25] test loss: 0.750
[3,    30] test loss: 0.731
[3,    35] test loss: 0.726
[3,    40] test loss: 0.744
[3,    45] test loss: 0.747
[3,    50] test loss: 0.743
[3,    55] test loss: 0.736
[3,    60] test loss: 0.737
[3,    65] test loss: 0.740
[3,    70] test loss: 0.755
[3,    75] test loss: 0.714
[3,    80] test loss: 0.746
[3,    85] test loss: 0.743
[3,    90] test loss: 0.718
[3,    95] test loss: 0.747
[3,   100] test loss: 0.746
[3,   105] test loss: 0.742
[3,   110] test loss: 0.751
-----------------------------------------------------------------------------------------
Micro-Precision: 0.23533818125724792, Macro-Precision: nan

Micro-Recall: 0.2620103359222412, Macro-Recall: nan

Micro-F1: 0.24795906245708466, Macro-F1: nan

-----------------------------------------------------------------------------------------
-----------------------------------------------------------------------------------------
| end of epoch   2 | time: 134.30s | valid loss  0.75 | valid ppl     2.11
-----------------------------------------------------------------------------------------
[4,     5] train loss: 0.746
[4,    10] train loss: 0.764
[4,    15] train loss: 0.759
[4,    20] train loss: 0.760
[4,    25] train loss: 0.753
[4,    30] train loss: 0.741
[4,    35] train loss: 0.746
[4,    40] train loss: 0.771
[4,    45] train loss: 0.772
[4,    50] train loss: 0.744
[4,    55] train loss: 0.752
[4,    60] train loss: 0.746
[4,    65] train loss: 0.754
[4,    70] train loss: 0.749
[4,    75] train loss: 0.744
[4,    80] train loss: 0.752
[4,    85] train loss: 0.753
[4,    90] train loss: 0.746
[4,    95] train loss: 0.761
[4,   100] train loss: 0.756
[4,   105] train loss: 0.741
[4,   110] train loss: 0.735
[4,   115] train loss: 0.732
[4,   120] train loss: 0.750
[4,   125] train loss: 0.736
[4,   130] train loss: 0.755
[4,   135] train loss: 0.743
[4,   140] train loss: 0.742
[4,   145] train loss: 0.770
[4,   150] train loss: 0.740
[4,   155] train loss: 0.749
[4,   160] train loss: 0.739
[4,   165] train loss: 0.731
[4,   170] train loss: 0.747
[4,   175] train loss: 0.749
[4,   180] train loss: 0.749
[4,   185] train loss: 0.729
[4,   190] train loss: 0.740
[4,   195] train loss: 0.753
[4,   200] train loss: 0.756
[4,   205] train loss: 0.731
[4,   210] train loss: 0.748
[4,   215] train loss: 0.738
[4,   220] train loss: 0.733
[4,   225] train loss: 0.755
[4,   230] train loss: 0.758
[4,   235] train loss: 0.736
[4,   240] train loss: 0.754
[4,   245] train loss: 0.725
[4,   250] train loss: 0.752
[4,   255] train loss: 0.742
[4,   260] train loss: 0.742
[4,   265] train loss: 0.737
[4,   270] train loss: 0.742
[4,   275] train loss: 0.732
[4,   280] train loss: 0.742
[4,   285] train loss: 0.741
[4,   290] train loss: 0.763
[4,   295] train loss: 0.737
[4,   300] train loss: 0.740
[4,   305] train loss: 0.748
[4,   310] train loss: 0.745
[4,   315] train loss: 0.720
[4,   320] train loss: 0.747
[4,   325] train loss: 0.742
[4,   330] train loss: 0.747
Finished Training
[4,     5] test loss: 0.699
[4,    10] test loss: 0.745
[4,    15] test loss: 0.713
[4,    20] test loss: 0.712
[4,    25] test loss: 0.706
[4,    30] test loss: 0.696
[4,    35] test loss: 0.711
[4,    40] test loss: 0.699
[4,    45] test loss: 0.716
[4,    50] test loss: 0.728
[4,    55] test loss: 0.730
[4,    60] test loss: 0.722
[4,    65] test loss: 0.725
[4,    70] test loss: 0.724
[4,    75] test loss: 0.699
[4,    80] test loss: 0.703
[4,    85] test loss: 0.724
[4,    90] test loss: 0.729
[4,    95] test loss: 0.727
[4,   100] test loss: 0.713
[4,   105] test loss: 0.716
[4,   110] test loss: 0.727
-----------------------------------------------------------------------------------------
Micro-Precision: 0.2596859633922577, Macro-Precision: nan

Micro-Recall: 0.282672643661499, Macro-Recall: nan

Micro-F1: 0.2706921696662903, Macro-F1: nan

-----------------------------------------------------------------------------------------
-----------------------------------------------------------------------------------------
| end of epoch   3 | time: 133.93s | valid loss  0.72 | valid ppl     2.06
-----------------------------------------------------------------------------------------
[5,     5] train loss: 0.725
[5,    10] train loss: 0.736
[5,    15] train loss: 0.731
[5,    20] train loss: 0.729
[5,    25] train loss: 0.727
[5,    30] train loss: 0.749
[5,    35] train loss: 0.738
[5,    40] train loss: 0.716
[5,    45] train loss: 0.712
[5,    50] train loss: 0.721
[5,    55] train loss: 0.721
[5,    60] train loss: 0.736
[5,    65] train loss: 0.723
[5,    70] train loss: 0.724
[5,    75] train loss: 0.727
[5,    80] train loss: 0.751
[5,    85] train loss: 0.728
[5,    90] train loss: 0.739
[5,    95] train loss: 0.719
[5,   100] train loss: 0.729
[5,   105] train loss: 0.722
[5,   110] train loss: 0.725
[5,   115] train loss: 0.710
[5,   120] train loss: 0.699
[5,   125] train loss: 0.724
[5,   130] train loss: 0.719
[5,   135] train loss: 0.722
[5,   140] train loss: 0.705
[5,   145] train loss: 0.728
[5,   150] train loss: 0.736
[5,   155] train loss: 0.709
[5,   160] train loss: 0.730
[5,   165] train loss: 0.722
[5,   170] train loss: 0.728
[5,   175] train loss: 0.704
[5,   180] train loss: 0.724
[5,   185] train loss: 0.733
[5,   190] train loss: 0.722
[5,   195] train loss: 0.724
[5,   200] train loss: 0.740
[5,   205] train loss: 0.716
[5,   210] train loss: 0.723
[5,   215] train loss: 0.735
[5,   220] train loss: 0.720
[5,   225] train loss: 0.718
[5,   230] train loss: 0.698
[5,   235] train loss: 0.722
[5,   240] train loss: 0.726
[5,   245] train loss: 0.721
[5,   250] train loss: 0.724
[5,   255] train loss: 0.716
[5,   260] train loss: 0.724
[5,   265] train loss: 0.719
[5,   270] train loss: 0.721
[5,   275] train loss: 0.720
[5,   280] train loss: 0.710
[5,   285] train loss: 0.709
[5,   290] train loss: 0.719
[5,   295] train loss: 0.713
[5,   300] train loss: 0.713
[5,   305] train loss: 0.717
[5,   310] train loss: 0.708
[5,   315] train loss: 0.704
[5,   320] train loss: 0.712
[5,   325] train loss: 0.718
[5,   330] train loss: 0.717
Finished Training
[5,     5] test loss: 0.697
[5,    10] test loss: 0.716
[5,    15] test loss: 0.698
[5,    20] test loss: 0.689
[5,    25] test loss: 0.698
[5,    30] test loss: 0.696
[5,    35] test loss: 0.680
[5,    40] test loss: 0.692
[5,    45] test loss: 0.694
[5,    50] test loss: 0.705
[5,    55] test loss: 0.715
[5,    60] test loss: 0.707
[5,    65] test loss: 0.700
[5,    70] test loss: 0.702
[5,    75] test loss: 0.689
[5,    80] test loss: 0.688
[5,    85] test loss: 0.698
[5,    90] test loss: 0.681
[5,    95] test loss: 0.720
[5,   100] test loss: 0.716
[5,   105] test loss: 0.695
[5,   110] test loss: 0.685
-----------------------------------------------------------------------------------------
Micro-Precision: 0.2803395092487335, Macro-Precision: nan

Micro-Recall: 0.29382672905921936, Macro-Recall: nan

Micro-F1: 0.28692471981048584, Macro-F1: nan

-----------------------------------------------------------------------------------------
-----------------------------------------------------------------------------------------
| end of epoch   4 | time: 133.11s | valid loss  0.70 | valid ppl     2.02
-----------------------------------------------------------------------------------------
[6,     5] train loss: 0.714
[6,    10] train loss: 0.711
[6,    15] train loss: 0.722
[6,    20] train loss: 0.705
[6,    25] train loss: 0.705
[6,    30] train loss: 0.706
[6,    35] train loss: 0.696
[6,    40] train loss: 0.691
[6,    45] train loss: 0.706
[6,    50] train loss: 0.700
[6,    55] train loss: 0.714
[6,    60] train loss: 0.712
[6,    65] train loss: 0.707
[6,    70] train loss: 0.712
[6,    75] train loss: 0.706
[6,    80] train loss: 0.718
[6,    85] train loss: 0.693
[6,    90] train loss: 0.706
[6,    95] train loss: 0.697
[6,   100] train loss: 0.698
[6,   105] train loss: 0.716
[6,   110] train loss: 0.687
[6,   115] train loss: 0.719
[6,   120] train loss: 0.698
[6,   125] train loss: 0.717
[6,   130] train loss: 0.695
[6,   135] train loss: 0.694
[6,   140] train loss: 0.691
[6,   145] train loss: 0.705
[6,   150] train loss: 0.697
[6,   155] train loss: 0.706
[6,   160] train loss: 0.719
[6,   165] train loss: 0.695
[6,   170] train loss: 0.693
[6,   175] train loss: 0.699
[6,   180] train loss: 0.689
[6,   185] train loss: 0.714
[6,   190] train loss: 0.706
[6,   195] train loss: 0.696
[6,   200] train loss: 0.704
[6,   205] train loss: 0.708
[6,   210] train loss: 0.709
[6,   215] train loss: 0.683
[6,   220] train loss: 0.688
[6,   225] train loss: 0.685
[6,   230] train loss: 0.693
[6,   235] train loss: 0.696
[6,   240] train loss: 0.720
[6,   245] train loss: 0.685
[6,   250] train loss: 0.695
[6,   255] train loss: 0.720
[6,   260] train loss: 0.697
[6,   265] train loss: 0.702
[6,   270] train loss: 0.686
[6,   275] train loss: 0.712
[6,   280] train loss: 0.692
[6,   285] train loss: 0.709
[6,   290] train loss: 0.712
[6,   295] train loss: 0.683
[6,   300] train loss: 0.704
[6,   305] train loss: 0.696
[6,   310] train loss: 0.705
[6,   315] train loss: 0.688
[6,   320] train loss: 0.688
[6,   325] train loss: 0.698
[6,   330] train loss: 0.672
Finished Training
[6,     5] test loss: 0.696
[6,    10] test loss: 0.681
[6,    15] test loss: 0.667
[6,    20] test loss: 0.688
[6,    25] test loss: 0.689
[6,    30] test loss: 0.683
[6,    35] test loss: 0.685
[6,    40] test loss: 0.671
[6,    45] test loss: 0.681
[6,    50] test loss: 0.693
[6,    55] test loss: 0.681
[6,    60] test loss: 0.688
[6,    65] test loss: 0.670
[6,    70] test loss: 0.696
[6,    75] test loss: 0.695
[6,    80] test loss: 0.662
[6,    85] test loss: 0.688
[6,    90] test loss: 0.682
[6,    95] test loss: 0.673
[6,   100] test loss: 0.703
[6,   105] test loss: 0.670
[6,   110] test loss: 0.676
-----------------------------------------------------------------------------------------
Micro-Precision: 0.2957071363925934, Macro-Precision: nan

Micro-Recall: 0.320413202047348, Macro-Recall: nan

Micro-F1: 0.3075648248195648, Macro-F1: nan

-----------------------------------------------------------------------------------------
-----------------------------------------------------------------------------------------
| end of epoch   5 | time: 133.98s | valid loss  0.69 | valid ppl     1.99
-----------------------------------------------------------------------------------------
[7,     5] train loss: 0.663
[7,    10] train loss: 0.702
[7,    15] train loss: 0.695
[7,    20] train loss: 0.687
[7,    25] train loss: 0.678
[7,    30] train loss: 0.682
[7,    35] train loss: 0.685
[7,    40] train loss: 0.700
[7,    45] train loss: 0.675
[7,    50] train loss: 0.682
[7,    55] train loss: 0.710
[7,    60] train loss: 0.697
[7,    65] train loss: 0.666
[7,    70] train loss: 0.685
[7,    75] train loss: 0.695
[7,    80] train loss: 0.674
[7,    85] train loss: 0.684
[7,    90] train loss: 0.678
[7,    95] train loss: 0.669
[7,   100] train loss: 0.693
[7,   105] train loss: 0.681
[7,   110] train loss: 0.679
[7,   115] train loss: 0.666
[7,   120] train loss: 0.675
[7,   125] train loss: 0.699
[7,   130] train loss: 0.702
[7,   135] train loss: 0.660
[7,   140] train loss: 0.698
[7,   145] train loss: 0.701
[7,   150] train loss: 0.681
[7,   155] train loss: 0.682
[7,   160] train loss: 0.668
[7,   165] train loss: 0.691
[7,   170] train loss: 0.682
[7,   175] train loss: 0.712
[7,   180] train loss: 0.683
[7,   185] train loss: 0.686
[7,   190] train loss: 0.693
[7,   195] train loss: 0.666
[7,   200] train loss: 0.681
[7,   205] train loss: 0.688
[7,   210] train loss: 0.685
[7,   215] train loss: 0.669
[7,   220] train loss: 0.669
[7,   225] train loss: 0.691
[7,   230] train loss: 0.667
[7,   235] train loss: 0.694
[7,   240] train loss: 0.680
[7,   245] train loss: 0.688
[7,   250] train loss: 0.691
[7,   255] train loss: 0.690
[7,   260] train loss: 0.698
[7,   265] train loss: 0.674
[7,   270] train loss: 0.692
[7,   275] train loss: 0.670
[7,   280] train loss: 0.691
[7,   285] train loss: 0.688
[7,   290] train loss: 0.662
[7,   295] train loss: 0.681
[7,   300] train loss: 0.687
[7,   305] train loss: 0.685
[7,   310] train loss: 0.687
[7,   315] train loss: 0.677
[7,   320] train loss: 0.674
[7,   325] train loss: 0.700
[7,   330] train loss: 0.684
Finished Training
[7,     5] test loss: 0.680
[7,    10] test loss: 0.645
[7,    15] test loss: 0.666
[7,    20] test loss: 0.672
[7,    25] test loss: 0.679
[7,    30] test loss: 0.656
[7,    35] test loss: 0.677
[7,    40] test loss: 0.679
[7,    45] test loss: 0.676
[7,    50] test loss: 0.657
[7,    55] test loss: 0.663
[7,    60] test loss: 0.670
[7,    65] test loss: 0.664
[7,    70] test loss: 0.690
[7,    75] test loss: 0.690
[7,    80] test loss: 0.674
[7,    85] test loss: 0.666
[7,    90] test loss: 0.678
[7,    95] test loss: 0.689
[7,   100] test loss: 0.672
[7,   105] test loss: 0.680
[7,   110] test loss: 0.686
-----------------------------------------------------------------------------------------
Micro-Precision: 0.3011513948440552, Macro-Precision: nan

Micro-Recall: 0.32492464780807495, Macro-Recall: nan

Micro-F1: 0.3125866651535034, Macro-F1: nan

-----------------------------------------------------------------------------------------
-----------------------------------------------------------------------------------------
| end of epoch   6 | time: 133.67s | valid loss  0.68 | valid ppl     1.97
-----------------------------------------------------------------------------------------
[8,     5] train loss: 0.693
[8,    10] train loss: 0.655
[8,    15] train loss: 0.689
[8,    20] train loss: 0.670
[8,    25] train loss: 0.670
[8,    30] train loss: 0.671
[8,    35] train loss: 0.674
[8,    40] train loss: 0.665
[8,    45] train loss: 0.684
[8,    50] train loss: 0.690
[8,    55] train loss: 0.654
[8,    60] train loss: 0.666
[8,    65] train loss: 0.658
[8,    70] train loss: 0.664
[8,    75] train loss: 0.677
[8,    80] train loss: 0.668
[8,    85] train loss: 0.659
[8,    90] train loss: 0.655
[8,    95] train loss: 0.667
[8,   100] train loss: 0.665
[8,   105] train loss: 0.659
[8,   110] train loss: 0.684
[8,   115] train loss: 0.680
[8,   120] train loss: 0.660
[8,   125] train loss: 0.666
[8,   130] train loss: 0.672
[8,   135] train loss: 0.665
[8,   140] train loss: 0.676
[8,   145] train loss: 0.687
[8,   150] train loss: 0.673
[8,   155] train loss: 0.672
[8,   160] train loss: 0.670
[8,   165] train loss: 0.657
[8,   170] train loss: 0.654
[8,   175] train loss: 0.686
[8,   180] train loss: 0.684
[8,   185] train loss: 0.655
[8,   190] train loss: 0.677
[8,   195] train loss: 0.679
[8,   200] train loss: 0.663
[8,   205] train loss: 0.679
[8,   210] train loss: 0.671
[8,   215] train loss: 0.654
[8,   220] train loss: 0.670
[8,   225] train loss: 0.661
[8,   230] train loss: 0.656
[8,   235] train loss: 0.670
[8,   240] train loss: 0.656
[8,   245] train loss: 0.649
[8,   250] train loss: 0.676
[8,   255] train loss: 0.672
[8,   260] train loss: 0.669
[8,   265] train loss: 0.670
[8,   270] train loss: 0.667
[8,   275] train loss: 0.666
[8,   280] train loss: 0.663
[8,   285] train loss: 0.673
[8,   290] train loss: 0.663
[8,   295] train loss: 0.669
[8,   300] train loss: 0.665
[8,   305] train loss: 0.665
[8,   310] train loss: 0.669
[8,   315] train loss: 0.652
[8,   320] train loss: 0.668
[8,   325] train loss: 0.663
[8,   330] train loss: 0.675
Finished Training
[8,     5] test loss: 0.674
[8,    10] test loss: 0.643
[8,    15] test loss: 0.651
[8,    20] test loss: 0.674
[8,    25] test loss: 0.671
[8,    30] test loss: 0.645
[8,    35] test loss: 0.662
[8,    40] test loss: 0.664
[8,    45] test loss: 0.667
[8,    50] test loss: 0.662
[8,    55] test loss: 0.645
[8,    60] test loss: 0.651
[8,    65] test loss: 0.659
[8,    70] test loss: 0.670
[8,    75] test loss: 0.667
[8,    80] test loss: 0.671
[8,    85] test loss: 0.677
[8,    90] test loss: 0.666
[8,    95] test loss: 0.679
[8,   100] test loss: 0.655
[8,   105] test loss: 0.664
[8,   110] test loss: 0.646
-----------------------------------------------------------------------------------------
Micro-Precision: 0.3145139515399933, Macro-Precision: nan

Micro-Recall: 0.322052001953125, Macro-Recall: nan

Micro-F1: 0.31823834776878357, Macro-F1: nan

-----------------------------------------------------------------------------------------
-----------------------------------------------------------------------------------------
| end of epoch   7 | time: 132.69s | valid loss  0.67 | valid ppl     1.95
-----------------------------------------------------------------------------------------
[9,     5] train loss: 0.664
[9,    10] train loss: 0.642
[9,    15] train loss: 0.640
[9,    20] train loss: 0.669
[9,    25] train loss: 0.657
[9,    30] train loss: 0.659
[9,    35] train loss: 0.668
[9,    40] train loss: 0.662
[9,    45] train loss: 0.657
[9,    50] train loss: 0.662
[9,    55] train loss: 0.648
[9,    60] train loss: 0.660
[9,    65] train loss: 0.644
[9,    70] train loss: 0.660
[9,    75] train loss: 0.654
[9,    80] train loss: 0.655
[9,    85] train loss: 0.661
[9,    90] train loss: 0.654
[9,    95] train loss: 0.655
[9,   100] train loss: 0.644
[9,   105] train loss: 0.658
[9,   110] train loss: 0.633
[9,   115] train loss: 0.680
[9,   120] train loss: 0.656
[9,   125] train loss: 0.665
[9,   130] train loss: 0.654
[9,   135] train loss: 0.664
[9,   140] train loss: 0.665
[9,   145] train loss: 0.641
[9,   150] train loss: 0.665
[9,   155] train loss: 0.662
[9,   160] train loss: 0.638
[9,   165] train loss: 0.664
[9,   170] train loss: 0.662
[9,   175] train loss: 0.653
[9,   180] train loss: 0.654
[9,   185] train loss: 0.666
[9,   190] train loss: 0.656
[9,   195] train loss: 0.647
[9,   200] train loss: 0.651
[9,   205] train loss: 0.636
[9,   210] train loss: 0.654
[9,   215] train loss: 0.673
[9,   220] train loss: 0.661
[9,   225] train loss: 0.641
[9,   230] train loss: 0.658
[9,   235] train loss: 0.665
[9,   240] train loss: 0.660
[9,   245] train loss: 0.654
[9,   250] train loss: 0.649
[9,   255] train loss: 0.657
[9,   260] train loss: 0.644
[9,   265] train loss: 0.646
[9,   270] train loss: 0.646
[9,   275] train loss: 0.653
[9,   280] train loss: 0.649
[9,   285] train loss: 0.646
[9,   290] train loss: 0.655
[9,   295] train loss: 0.651
[9,   300] train loss: 0.664
[9,   305] train loss: 0.645
[9,   310] train loss: 0.637
[9,   315] train loss: 0.663
[9,   320] train loss: 0.663
[9,   325] train loss: 0.673
[9,   330] train loss: 0.629
Finished Training
[9,     5] test loss: 0.639
[9,    10] test loss: 0.658
[9,    15] test loss: 0.660
[9,    20] test loss: 0.654
[9,    25] test loss: 0.646
[9,    30] test loss: 0.654
[9,    35] test loss: 0.642
[9,    40] test loss: 0.680
[9,    45] test loss: 0.649
[9,    50] test loss: 0.667
[9,    55] test loss: 0.651
[9,    60] test loss: 0.666
[9,    65] test loss: 0.655
[9,    70] test loss: 0.645
[9,    75] test loss: 0.653
[9,    80] test loss: 0.648
[9,    85] test loss: 0.644
[9,    90] test loss: 0.653
[9,    95] test loss: 0.657
[9,   100] test loss: 0.635
[9,   105] test loss: 0.660
[9,   110] test loss: 0.656
-----------------------------------------------------------------------------------------
Micro-Precision: 0.31974926590919495, Macro-Precision: nan

Micro-Recall: 0.3500482738018036, Macro-Recall: nan

Micro-F1: 0.3342134654521942, Macro-F1: nan

-----------------------------------------------------------------------------------------
-----------------------------------------------------------------------------------------
| end of epoch   8 | time: 134.15s | valid loss  0.66 | valid ppl     1.93
-----------------------------------------------------------------------------------------
[10,     5] train loss: 0.641
[10,    10] train loss: 0.640
[10,    15] train loss: 0.645
[10,    20] train loss: 0.637
[10,    25] train loss: 0.637
[10,    30] train loss: 0.668
[10,    35] train loss: 0.642
[10,    40] train loss: 0.637
[10,    45] train loss: 0.651
[10,    50] train loss: 0.655
[10,    55] train loss: 0.647
[10,    60] train loss: 0.644
[10,    65] train loss: 0.640
[10,    70] train loss: 0.647
[10,    75] train loss: 0.641
[10,    80] train loss: 0.660
[10,    85] train loss: 0.657
[10,    90] train loss: 0.647
[10,    95] train loss: 0.650
[10,   100] train loss: 0.639
[10,   105] train loss: 0.646
[10,   110] train loss: 0.645
[10,   115] train loss: 0.655
[10,   120] train loss: 0.633
[10,   125] train loss: 0.651
[10,   130] train loss: 0.645
[10,   135] train loss: 0.634
[10,   140] train loss: 0.637
[10,   145] train loss: 0.645
[10,   150] train loss: 0.630
[10,   155] train loss: 0.645
[10,   160] train loss: 0.623
[10,   165] train loss: 0.649
[10,   170] train loss: 0.625
[10,   175] train loss: 0.626
[10,   180] train loss: 0.629
[10,   185] train loss: 0.642
[10,   190] train loss: 0.646
[10,   195] train loss: 0.630
[10,   200] train loss: 0.644
[10,   205] train loss: 0.629
[10,   210] train loss: 0.641
[10,   215] train loss: 0.644
[10,   220] train loss: 0.648
[10,   225] train loss: 0.620
[10,   230] train loss: 0.649
[10,   235] train loss: 0.647
[10,   240] train loss: 0.656
[10,   245] train loss: 0.651
[10,   250] train loss: 0.636
[10,   255] train loss: 0.651
[10,   260] train loss: 0.638
[10,   265] train loss: 0.636
[10,   270] train loss: 0.641
[10,   275] train loss: 0.639
[10,   280] train loss: 0.642
[10,   285] train loss: 0.640
[10,   290] train loss: 0.640
[10,   295] train loss: 0.640
[10,   300] train loss: 0.628
[10,   305] train loss: 0.634
[10,   310] train loss: 0.640
[10,   315] train loss: 0.649
[10,   320] train loss: 0.629
[10,   325] train loss: 0.640
[10,   330] train loss: 0.652
Finished Training
[10,     5] test loss: 0.646
[10,    10] test loss: 0.626
[10,    15] test loss: 0.661
[10,    20] test loss: 0.625
[10,    25] test loss: 0.642
[10,    30] test loss: 0.655
[10,    35] test loss: 0.649
[10,    40] test loss: 0.639
[10,    45] test loss: 0.622
[10,    50] test loss: 0.645
[10,    55] test loss: 0.657
[10,    60] test loss: 0.636
[10,    65] test loss: 0.656
[10,    70] test loss: 0.629
[10,    75] test loss: 0.659
[10,    80] test loss: 0.645
[10,    85] test loss: 0.648
[10,    90] test loss: 0.658
[10,    95] test loss: 0.652
[10,   100] test loss: 0.657
[10,   105] test loss: 0.654
[10,   110] test loss: 0.637
-----------------------------------------------------------------------------------------
Micro-Precision: 0.32714271545410156, Macro-Precision: nan

Micro-Recall: 0.3541453182697296, Macro-Recall: nan

Micro-F1: 0.3401089012622833, Macro-F1: nan

-----------------------------------------------------------------------------------------
-----------------------------------------------------------------------------------------
| end of epoch   9 | time: 133.84s | valid loss  0.65 | valid ppl     1.92
-----------------------------------------------------------------------------------------
[11,     5] train loss: 0.638
[11,    10] train loss: 0.628
[11,    15] train loss: 0.631
[11,    20] train loss: 0.629
[11,    25] train loss: 0.623
[11,    30] train loss: 0.627
[11,    35] train loss: 0.612
[11,    40] train loss: 0.627
[11,    45] train loss: 0.641
[11,    50] train loss: 0.619
[11,    55] train loss: 0.641
[11,    60] train loss: 0.628
[11,    65] train loss: 0.653
[11,    70] train loss: 0.644
[11,    75] train loss: 0.644
[11,    80] train loss: 0.645
[11,    85] train loss: 0.633
[11,    90] train loss: 0.622
[11,    95] train loss: 0.639
[11,   100] train loss: 0.619
[11,   105] train loss: 0.619
[11,   110] train loss: 0.639
[11,   115] train loss: 0.630
[11,   120] train loss: 0.656
[11,   125] train loss: 0.630
[11,   130] train loss: 0.633
[11,   135] train loss: 0.634
[11,   140] train loss: 0.644
[11,   145] train loss: 0.627
[11,   150] train loss: 0.620
[11,   155] train loss: 0.631
[11,   160] train loss: 0.627
[11,   165] train loss: 0.620
[11,   170] train loss: 0.628
[11,   175] train loss: 0.636
[11,   180] train loss: 0.636
[11,   185] train loss: 0.626
[11,   190] train loss: 0.641
[11,   195] train loss: 0.638
[11,   200] train loss: 0.636
[11,   205] train loss: 0.619
[11,   210] train loss: 0.620
[11,   215] train loss: 0.648
[11,   220] train loss: 0.613
[11,   225] train loss: 0.622
[11,   230] train loss: 0.628
[11,   235] train loss: 0.628
[11,   240] train loss: 0.633
[11,   245] train loss: 0.635
[11,   250] train loss: 0.619
[11,   255] train loss: 0.630
[11,   260] train loss: 0.631
[11,   265] train loss: 0.624
[11,   270] train loss: 0.653
[11,   275] train loss: 0.632
[11,   280] train loss: 0.634
[11,   285] train loss: 0.631
[11,   290] train loss: 0.610
[11,   295] train loss: 0.634
[11,   300] train loss: 0.641
[11,   305] train loss: 0.620
[11,   310] train loss: 0.638
[11,   315] train loss: 0.620
[11,   320] train loss: 0.612
[11,   325] train loss: 0.622
[11,   330] train loss: 0.624
Finished Training
[11,     5] test loss: 0.649
[11,    10] test loss: 0.652
[11,    15] test loss: 0.650
[11,    20] test loss: 0.650
[11,    25] test loss: 0.625
[11,    30] test loss: 0.650
[11,    35] test loss: 0.658
[11,    40] test loss: 0.632
[11,    45] test loss: 0.639
[11,    50] test loss: 0.636
[11,    55] test loss: 0.641
[11,    60] test loss: 0.659
[11,    65] test loss: 0.635
[11,    70] test loss: 0.641
[11,    75] test loss: 0.638
[11,    80] test loss: 0.646
[11,    85] test loss: 0.634
[11,    90] test loss: 0.628
[11,    95] test loss: 0.643
[11,   100] test loss: 0.629
[11,   105] test loss: 0.600
[11,   110] test loss: 0.624
-----------------------------------------------------------------------------------------
Micro-Precision: 0.3338881731033325, Macro-Precision: nan

Micro-Recall: 0.3375129997730255, Macro-Recall: nan

Micro-F1: 0.33569079637527466, Macro-F1: nan

-----------------------------------------------------------------------------------------
-----------------------------------------------------------------------------------------
| end of epoch  10 | time: 132.56s | valid loss  0.64 | valid ppl     1.91
-----------------------------------------------------------------------------------------
[12,     5] train loss: 0.619
[12,    10] train loss: 0.621
[12,    15] train loss: 0.628
[12,    20] train loss: 0.621
[12,    25] train loss: 0.621
[12,    30] train loss: 0.617
[12,    35] train loss: 0.607
[12,    40] train loss: 0.646
[12,    45] train loss: 0.620
[12,    50] train loss: 0.606
[12,    55] train loss: 0.608
[12,    60] train loss: 0.616
[12,    65] train loss: 0.618
[12,    70] train loss: 0.634
[12,    75] train loss: 0.631
[12,    80] train loss: 0.631
[12,    85] train loss: 0.614
[12,    90] train loss: 0.616
[12,    95] train loss: 0.624
[12,   100] train loss: 0.608
[12,   105] train loss: 0.624
[12,   110] train loss: 0.626
[12,   115] train loss: 0.610
[12,   120] train loss: 0.623
[12,   125] train loss: 0.636
[12,   130] train loss: 0.610
[12,   135] train loss: 0.629
[12,   140] train loss: 0.621
[12,   145] train loss: 0.611
[12,   150] train loss: 0.628
[12,   155] train loss: 0.613
[12,   160] train loss: 0.627
[12,   165] train loss: 0.635
[12,   170] train loss: 0.631
[12,   175] train loss: 0.635
[12,   180] train loss: 0.617
[12,   185] train loss: 0.610
[12,   190] train loss: 0.629
[12,   195] train loss: 0.619
[12,   200] train loss: 0.620
[12,   205] train loss: 0.624
[12,   210] train loss: 0.617
[12,   215] train loss: 0.625
[12,   220] train loss: 0.615
[12,   225] train loss: 0.623
[12,   230] train loss: 0.613
[12,   235] train loss: 0.603
[12,   240] train loss: 0.607
[12,   245] train loss: 0.625
[12,   250] train loss: 0.605
[12,   255] train loss: 0.625
[12,   260] train loss: 0.624
[12,   265] train loss: 0.617
[12,   270] train loss: 0.627
[12,   275] train loss: 0.601
[12,   280] train loss: 0.598
[12,   285] train loss: 0.609
[12,   290] train loss: 0.610
[12,   295] train loss: 0.636
[12,   300] train loss: 0.630
[12,   305] train loss: 0.616
[12,   310] train loss: 0.621
[12,   315] train loss: 0.618
[12,   320] train loss: 0.627
[12,   325] train loss: 0.609
[12,   330] train loss: 0.608
Finished Training
[12,     5] test loss: 0.627
[12,    10] test loss: 0.628
[12,    15] test loss: 0.616
[12,    20] test loss: 0.637
[12,    25] test loss: 0.624
[12,    30] test loss: 0.643
[12,    35] test loss: 0.630
[12,    40] test loss: 0.665
[12,    45] test loss: 0.637
[12,    50] test loss: 0.646
[12,    55] test loss: 0.639
[12,    60] test loss: 0.617
[12,    65] test loss: 0.612
[12,    70] test loss: 0.620
[12,    75] test loss: 0.619
[12,    80] test loss: 0.621
[12,    85] test loss: 0.658
[12,    90] test loss: 0.634
[12,    95] test loss: 0.624
[12,   100] test loss: 0.642
[12,   105] test loss: 0.621
[12,   110] test loss: 0.654
-----------------------------------------------------------------------------------------
Micro-Precision: 0.34272122383117676, Macro-Precision: nan

Micro-Recall: 0.37000131607055664, Macro-Recall: nan

Micro-F1: 0.35583919286727905, Macro-F1: nan

-----------------------------------------------------------------------------------------
-----------------------------------------------------------------------------------------
| end of epoch  11 | time: 133.94s | valid loss  0.64 | valid ppl     1.89
-----------------------------------------------------------------------------------------
[13,     5] train loss: 0.592
[13,    10] train loss: 0.604
[13,    15] train loss: 0.621
[13,    20] train loss: 0.615
[13,    25] train loss: 0.601
[13,    30] train loss: 0.597
[13,    35] train loss: 0.620
[13,    40] train loss: 0.595
[13,    45] train loss: 0.616
[13,    50] train loss: 0.594
[13,    55] train loss: 0.624
[13,    60] train loss: 0.607
[13,    65] train loss: 0.594
[13,    70] train loss: 0.615
[13,    75] train loss: 0.602
[13,    80] train loss: 0.617
[13,    85] train loss: 0.599
[13,    90] train loss: 0.605
[13,    95] train loss: 0.626
[13,   100] train loss: 0.624
[13,   105] train loss: 0.603
[13,   110] train loss: 0.604
[13,   115] train loss: 0.614
[13,   120] train loss: 0.609
[13,   125] train loss: 0.600
[13,   130] train loss: 0.612
[13,   135] train loss: 0.617
[13,   140] train loss: 0.606
[13,   145] train loss: 0.608
[13,   150] train loss: 0.621
[13,   155] train loss: 0.611
[13,   160] train loss: 0.591
[13,   165] train loss: 0.623
[13,   170] train loss: 0.595
[13,   175] train loss: 0.609
[13,   180] train loss: 0.611
[13,   185] train loss: 0.606
[13,   190] train loss: 0.582
[13,   195] train loss: 0.614
[13,   200] train loss: 0.631
[13,   205] train loss: 0.619
[13,   210] train loss: 0.604
[13,   215] train loss: 0.617
[13,   220] train loss: 0.618
[13,   225] train loss: 0.627
[13,   230] train loss: 0.599
[13,   235] train loss: 0.596
[13,   240] train loss: 0.604
[13,   245] train loss: 0.626
[13,   250] train loss: 0.628
[13,   255] train loss: 0.612
[13,   260] train loss: 0.621
[13,   265] train loss: 0.615
[13,   270] train loss: 0.625
[13,   275] train loss: 0.620
[13,   280] train loss: 0.602
[13,   285] train loss: 0.612
[13,   290] train loss: 0.607
[13,   295] train loss: 0.618
[13,   300] train loss: 0.604
[13,   305] train loss: 0.619
[13,   310] train loss: 0.616
[13,   315] train loss: 0.598
[13,   320] train loss: 0.628
[13,   325] train loss: 0.610
[13,   330] train loss: 0.589
Finished Training
[13,     5] test loss: 0.648
[13,    10] test loss: 0.637
[13,    15] test loss: 0.624
[13,    20] test loss: 0.642
[13,    25] test loss: 0.619
[13,    30] test loss: 0.629
[13,    35] test loss: 0.631
[13,    40] test loss: 0.640
[13,    45] test loss: 0.652
[13,    50] test loss: 0.625
[13,    55] test loss: 0.626
[13,    60] test loss: 0.624
[13,    65] test loss: 0.598
[13,    70] test loss: 0.655
[13,    75] test loss: 0.598
[13,    80] test loss: 0.611
[13,    85] test loss: 0.617
[13,    90] test loss: 0.644
[13,    95] test loss: 0.618
[13,   100] test loss: 0.645
[13,   105] test loss: 0.625
[13,   110] test loss: 0.622
-----------------------------------------------------------------------------------------
Micro-Precision: 0.33949512243270874, Macro-Precision: nan

Micro-Recall: 0.37487927079200745, Macro-Recall: nan

Micro-F1: 0.3563108742237091, Macro-F1: nan

-----------------------------------------------------------------------------------------
-----------------------------------------------------------------------------------------
| end of epoch  12 | time: 134.30s | valid loss  0.63 | valid ppl     1.89
-----------------------------------------------------------------------------------------
[14,     5] train loss: 0.608
[14,    10] train loss: 0.595
[14,    15] train loss: 0.613
[14,    20] train loss: 0.593
[14,    25] train loss: 0.599
[14,    30] train loss: 0.603
[14,    35] train loss: 0.575
[14,    40] train loss: 0.592
[14,    45] train loss: 0.604
[14,    50] train loss: 0.615
[14,    55] train loss: 0.591
[14,    60] train loss: 0.612
[14,    65] train loss: 0.599
[14,    70] train loss: 0.597
[14,    75] train loss: 0.600
[14,    80] train loss: 0.608
[14,    85] train loss: 0.612
[14,    90] train loss: 0.609
[14,    95] train loss: 0.612
[14,   100] train loss: 0.580
[14,   105] train loss: 0.597
[14,   110] train loss: 0.593
[14,   115] train loss: 0.600
[14,   120] train loss: 0.598
[14,   125] train loss: 0.599
[14,   130] train loss: 0.595
[14,   135] train loss: 0.594
[14,   140] train loss: 0.604
[14,   145] train loss: 0.594
[14,   150] train loss: 0.607
[14,   155] train loss: 0.599
[14,   160] train loss: 0.587
[14,   165] train loss: 0.587
[14,   170] train loss: 0.602
[14,   175] train loss: 0.602
[14,   180] train loss: 0.600
[14,   185] train loss: 0.615
[14,   190] train loss: 0.607
[14,   195] train loss: 0.601
[14,   200] train loss: 0.605
[14,   205] train loss: 0.590
[14,   210] train loss: 0.606
[14,   215] train loss: 0.611
[14,   220] train loss: 0.608
[14,   225] train loss: 0.605
[14,   230] train loss: 0.603
[14,   235] train loss: 0.606
[14,   240] train loss: 0.591
[14,   245] train loss: 0.609
[14,   250] train loss: 0.609
[14,   255] train loss: 0.611
[14,   260] train loss: 0.609
[14,   265] train loss: 0.600
[14,   270] train loss: 0.595
[14,   275] train loss: 0.585
[14,   280] train loss: 0.591
[14,   285] train loss: 0.617
[14,   290] train loss: 0.604
[14,   295] train loss: 0.586
[14,   300] train loss: 0.611
[14,   305] train loss: 0.584
[14,   310] train loss: 0.609
[14,   315] train loss: 0.597
[14,   320] train loss: 0.593
[14,   325] train loss: 0.605
[14,   330] train loss: 0.599
Finished Training
[14,     5] test loss: 0.637
[14,    10] test loss: 0.623
[14,    15] test loss: 0.630
[14,    20] test loss: 0.629
[14,    25] test loss: 0.615
[14,    30] test loss: 0.637
[14,    35] test loss: 0.623
[14,    40] test loss: 0.594
[14,    45] test loss: 0.609
[14,    50] test loss: 0.625
[14,    55] test loss: 0.635
[14,    60] test loss: 0.600
[14,    65] test loss: 0.634
[14,    70] test loss: 0.642
[14,    75] test loss: 0.631
[14,    80] test loss: 0.599
[14,    85] test loss: 0.622
[14,    90] test loss: 0.618
[14,    95] test loss: 0.595
[14,   100] test loss: 0.631
[14,   105] test loss: 0.635
[14,   110] test loss: 0.630
-----------------------------------------------------------------------------------------
Micro-Precision: 0.35132086277008057, Macro-Precision: nan

Micro-Recall: 0.35551556944847107, Macro-Recall: nan

Micro-F1: 0.35340577363967896, Macro-F1: nan

-----------------------------------------------------------------------------------------
-----------------------------------------------------------------------------------------
| end of epoch  13 | time: 132.74s | valid loss  0.63 | valid ppl     1.87
-----------------------------------------------------------------------------------------
[15,     5] train loss: 0.582
[15,    10] train loss: 0.581
[15,    15] train loss: 0.594
[15,    20] train loss: 0.592
[15,    25] train loss: 0.587
[15,    30] train loss: 0.602
[15,    35] train loss: 0.589
[15,    40] train loss: 0.580
[15,    45] train loss: 0.594
[15,    50] train loss: 0.610
[15,    55] train loss: 0.599
[15,    60] train loss: 0.582
[15,    65] train loss: 0.594
[15,    70] train loss: 0.622
[15,    75] train loss: 0.600
[15,    80] train loss: 0.602
[15,    85] train loss: 0.586
[15,    90] train loss: 0.594
[15,    95] train loss: 0.590
[15,   100] train loss: 0.595
[15,   105] train loss: 0.594
[15,   110] train loss: 0.603
[15,   115] train loss: 0.591
[15,   120] train loss: 0.590
[15,   125] train loss: 0.589
[15,   130] train loss: 0.595
[15,   135] train loss: 0.587
[15,   140] train loss: 0.584
[15,   145] train loss: 0.588
[15,   150] train loss: 0.596
[15,   155] train loss: 0.585
[15,   160] train loss: 0.600
[15,   165] train loss: 0.589
[15,   170] train loss: 0.585
[15,   175] train loss: 0.597
[15,   180] train loss: 0.596
[15,   185] train loss: 0.589
[15,   190] train loss: 0.594
[15,   195] train loss: 0.603
[15,   200] train loss: 0.588
[15,   205] train loss: 0.579
[15,   210] train loss: 0.586
[15,   215] train loss: 0.586
[15,   220] train loss: 0.586
[15,   225] train loss: 0.594
[15,   230] train loss: 0.593
[15,   235] train loss: 0.612
[15,   240] train loss: 0.579
[15,   245] train loss: 0.591
[15,   250] train loss: 0.596
[15,   255] train loss: 0.593
[15,   260] train loss: 0.574
[15,   265] train loss: 0.606
[15,   270] train loss: 0.602
[15,   275] train loss: 0.583
[15,   280] train loss: 0.589
[15,   285] train loss: 0.593
[15,   290] train loss: 0.594
[15,   295] train loss: 0.603
[15,   300] train loss: 0.613
[15,   305] train loss: 0.581
[15,   310] train loss: 0.588
[15,   315] train loss: 0.586
[15,   320] train loss: 0.589
[15,   325] train loss: 0.583
[15,   330] train loss: 0.576
Finished Training
[15,     5] test loss: 0.601
[15,    10] test loss: 0.611
[15,    15] test loss: 0.618
[15,    20] test loss: 0.634
[15,    25] test loss: 0.605
[15,    30] test loss: 0.637
[15,    35] test loss: 0.602
[15,    40] test loss: 0.628
[15,    45] test loss: 0.593
[15,    50] test loss: 0.628
[15,    55] test loss: 0.635
[15,    60] test loss: 0.635
[15,    65] test loss: 0.619
[15,    70] test loss: 0.620
[15,    75] test loss: 0.618
[15,    80] test loss: 0.610
[15,    85] test loss: 0.620
[15,    90] test loss: 0.621
[15,    95] test loss: 0.608
[15,   100] test loss: 0.611
[15,   105] test loss: 0.617
[15,   110] test loss: 0.610
-----------------------------------------------------------------------------------------
Micro-Precision: 0.358591228723526, Macro-Precision: nan

Micro-Recall: 0.3707897961139679, Macro-Recall: nan

Micro-F1: 0.36458849906921387, Macro-F1: nan

-----------------------------------------------------------------------------------------
-----------------------------------------------------------------------------------------
| end of epoch  14 | time: 133.22s | valid loss  0.62 | valid ppl     1.86
-----------------------------------------------------------------------------------------
[16,     5] train loss: 0.586
[16,    10] train loss: 0.560
[16,    15] train loss: 0.577
[16,    20] train loss: 0.576
[16,    25] train loss: 0.589
[16,    30] train loss: 0.578
[16,    35] train loss: 0.592
[16,    40] train loss: 0.592
[16,    45] train loss: 0.575
[16,    50] train loss: 0.580
[16,    55] train loss: 0.595
[16,    60] train loss: 0.584
[16,    65] train loss: 0.585
[16,    70] train loss: 0.584
[16,    75] train loss: 0.581
[16,    80] train loss: 0.576
[16,    85] train loss: 0.583
[16,    90] train loss: 0.579
[16,    95] train loss: 0.589
[16,   100] train loss: 0.591
[16,   105] train loss: 0.595
[16,   110] train loss: 0.593
[16,   115] train loss: 0.593
[16,   120] train loss: 0.596
[16,   125] train loss: 0.586
[16,   130] train loss: 0.600
[16,   135] train loss: 0.597
[16,   140] train loss: 0.595
[16,   145] train loss: 0.573
[16,   150] train loss: 0.583
[16,   155] train loss: 0.586
[16,   160] train loss: 0.582
[16,   165] train loss: 0.587
[16,   170] train loss: 0.579
[16,   175] train loss: 0.580
[16,   180] train loss: 0.582
[16,   185] train loss: 0.570
[16,   190] train loss: 0.597
[16,   195] train loss: 0.585
[16,   200] train loss: 0.597
[16,   205] train loss: 0.580
[16,   210] train loss: 0.565
[16,   215] train loss: 0.567
[16,   220] train loss: 0.585
[16,   225] train loss: 0.598
[16,   230] train loss: 0.576
[16,   235] train loss: 0.587
[16,   240] train loss: 0.591
[16,   245] train loss: 0.597
[16,   250] train loss: 0.585
[16,   255] train loss: 0.563
[16,   260] train loss: 0.581
[16,   265] train loss: 0.584
[16,   270] train loss: 0.587
[16,   275] train loss: 0.574
[16,   280] train loss: 0.572
[16,   285] train loss: 0.582
[16,   290] train loss: 0.595
[16,   295] train loss: 0.584
[16,   300] train loss: 0.570
[16,   305] train loss: 0.578
[16,   310] train loss: 0.578
[16,   315] train loss: 0.594
[16,   320] train loss: 0.580
[16,   325] train loss: 0.597
[16,   330] train loss: 0.579
Finished Training
[16,     5] test loss: 0.581
[16,    10] test loss: 0.632
[16,    15] test loss: 0.592
[16,    20] test loss: 0.618
[16,    25] test loss: 0.630
[16,    30] test loss: 0.622
[16,    35] test loss: 0.623
[16,    40] test loss: 0.608
[16,    45] test loss: 0.592
[16,    50] test loss: 0.608
[16,    55] test loss: 0.616
[16,    60] test loss: 0.625
[16,    65] test loss: 0.597
[16,    70] test loss: 0.606
[16,    75] test loss: 0.621
[16,    80] test loss: 0.611
[16,    85] test loss: 0.621
[16,    90] test loss: 0.626
[16,    95] test loss: 0.624
[16,   100] test loss: 0.620
[16,   105] test loss: 0.645
[16,   110] test loss: 0.613
-----------------------------------------------------------------------------------------
Micro-Precision: 0.3576684296131134, Macro-Precision: nan

Micro-Recall: 0.381224125623703, Macro-Recall: nan

Micro-F1: 0.36907079815864563, Macro-F1: nan

-----------------------------------------------------------------------------------------
-----------------------------------------------------------------------------------------
| end of epoch  15 | time: 133.82s | valid loss  0.62 | valid ppl     1.86
-----------------------------------------------------------------------------------------
[17,     5] train loss: 0.573
[17,    10] train loss: 0.571
[17,    15] train loss: 0.581
[17,    20] train loss: 0.576
[17,    25] train loss: 0.546
[17,    30] train loss: 0.594
[17,    35] train loss: 0.564
[17,    40] train loss: 0.573
[17,    45] train loss: 0.575
[17,    50] train loss: 0.564
[17,    55] train loss: 0.593
[17,    60] train loss: 0.558
[17,    65] train loss: 0.578
[17,    70] train loss: 0.562
[17,    75] train loss: 0.581
[17,    80] train loss: 0.581
[17,    85] train loss: 0.595
[17,    90] train loss: 0.568
[17,    95] train loss: 0.588
[17,   100] train loss: 0.587
[17,   105] train loss: 0.562
[17,   110] train loss: 0.587
[17,   115] train loss: 0.573
[17,   120] train loss: 0.563
[17,   125] train loss: 0.572
[17,   130] train loss: 0.573
[17,   135] train loss: 0.566
[17,   140] train loss: 0.568
[17,   145] train loss: 0.591
[17,   150] train loss: 0.588
[17,   155] train loss: 0.599
[17,   160] train loss: 0.580
[17,   165] train loss: 0.592
[17,   170] train loss: 0.600
[17,   175] train loss: 0.585
[17,   180] train loss: 0.590
[17,   185] train loss: 0.562
[17,   190] train loss: 0.577
[17,   195] train loss: 0.576
[17,   200] train loss: 0.567
[17,   205] train loss: 0.559
[17,   210] train loss: 0.559
[17,   215] train loss: 0.583
[17,   220] train loss: 0.572
[17,   225] train loss: 0.580
[17,   230] train loss: 0.567
[17,   235] train loss: 0.562
[17,   240] train loss: 0.600
[17,   245] train loss: 0.583
[17,   250] train loss: 0.574
[17,   255] train loss: 0.587
[17,   260] train loss: 0.565
[17,   265] train loss: 0.579
[17,   270] train loss: 0.567
[17,   275] train loss: 0.554
[17,   280] train loss: 0.585
[17,   285] train loss: 0.586
[17,   290] train loss: 0.573
[17,   295] train loss: 0.563
[17,   300] train loss: 0.594
[17,   305] train loss: 0.578
[17,   310] train loss: 0.583
[17,   315] train loss: 0.567
[17,   320] train loss: 0.583
[17,   325] train loss: 0.569
[17,   330] train loss: 0.590
Finished Training
[17,     5] test loss: 0.608
[17,    10] test loss: 0.631
[17,    15] test loss: 0.610
[17,    20] test loss: 0.617
[17,    25] test loss: 0.597
[17,    30] test loss: 0.624
[17,    35] test loss: 0.602
[17,    40] test loss: 0.632
[17,    45] test loss: 0.608
[17,    50] test loss: 0.620
[17,    55] test loss: 0.583
[17,    60] test loss: 0.594
[17,    65] test loss: 0.625
[17,    70] test loss: 0.625
[17,    75] test loss: 0.617
[17,    80] test loss: 0.600
[17,    85] test loss: 0.625
[17,    90] test loss: 0.609
[17,    95] test loss: 0.589
[17,   100] test loss: 0.600
[17,   105] test loss: 0.640
[17,   110] test loss: 0.614
-----------------------------------------------------------------------------------------
Micro-Precision: 0.36039867997169495, Macro-Precision: nan

Micro-Recall: 0.35817858576774597, Macro-Recall: nan

Micro-F1: 0.3592852056026459, Macro-F1: nan

-----------------------------------------------------------------------------------------
-----------------------------------------------------------------------------------------
| end of epoch  16 | time: 132.29s | valid loss  0.62 | valid ppl     1.86
-----------------------------------------------------------------------------------------
[18,     5] train loss: 0.554
[18,    10] train loss: 0.559
[18,    15] train loss: 0.572
[18,    20] train loss: 0.568
[18,    25] train loss: 0.564
[18,    30] train loss: 0.574
[18,    35] train loss: 0.565
[18,    40] train loss: 0.562
[18,    45] train loss: 0.571
[18,    50] train loss: 0.566
[18,    55] train loss: 0.570
[18,    60] train loss: 0.575
[18,    65] train loss: 0.570
[18,    70] train loss: 0.586
[18,    75] train loss: 0.569
[18,    80] train loss: 0.565
[18,    85] train loss: 0.557
[18,    90] train loss: 0.570
[18,    95] train loss: 0.582
[18,   100] train loss: 0.570
[18,   105] train loss: 0.557
[18,   110] train loss: 0.572
[18,   115] train loss: 0.569
[18,   120] train loss: 0.573
[18,   125] train loss: 0.558
[18,   130] train loss: 0.580
[18,   135] train loss: 0.561
[18,   140] train loss: 0.570
[18,   145] train loss: 0.547
[18,   150] train loss: 0.560
[18,   155] train loss: 0.593
[18,   160] train loss: 0.564
[18,   165] train loss: 0.558
[18,   170] train loss: 0.564
[18,   175] train loss: 0.572
[18,   180] train loss: 0.586
[18,   185] train loss: 0.556
[18,   190] train loss: 0.568
[18,   195] train loss: 0.573
[18,   200] train loss: 0.585
[18,   205] train loss: 0.568
[18,   210] train loss: 0.573
[18,   215] train loss: 0.573
[18,   220] train loss: 0.562
[18,   225] train loss: 0.585
[18,   230] train loss: 0.561
[18,   235] train loss: 0.574
[18,   240] train loss: 0.555
[18,   245] train loss: 0.562
[18,   250] train loss: 0.595
[18,   255] train loss: 0.563
[18,   260] train loss: 0.587
[18,   265] train loss: 0.568
[18,   270] train loss: 0.549
[18,   275] train loss: 0.567
[18,   280] train loss: 0.550
[18,   285] train loss: 0.562
[18,   290] train loss: 0.570
[18,   295] train loss: 0.574
[18,   300] train loss: 0.585
[18,   305] train loss: 0.566
[18,   310] train loss: 0.543
[18,   315] train loss: 0.555
[18,   320] train loss: 0.580
[18,   325] train loss: 0.577
[18,   330] train loss: 0.586
Finished Training
[18,     5] test loss: 0.618
[18,    10] test loss: 0.624
[18,    15] test loss: 0.604
[18,    20] test loss: 0.594
[18,    25] test loss: 0.630
[18,    30] test loss: 0.635
[18,    35] test loss: 0.596
[18,    40] test loss: 0.581
[18,    45] test loss: 0.592
[18,    50] test loss: 0.616
[18,    55] test loss: 0.596
[18,    60] test loss: 0.599
[18,    65] test loss: 0.609
[18,    70] test loss: 0.623
[18,    75] test loss: 0.613
[18,    80] test loss: 0.591
[18,    85] test loss: 0.616
[18,    90] test loss: 0.621
[18,    95] test loss: 0.620
[18,   100] test loss: 0.613
[18,   105] test loss: 0.641
[18,   110] test loss: 0.599
-----------------------------------------------------------------------------------------
Micro-Precision: 0.36294296383857727, Macro-Precision: nan

Micro-Recall: 0.3815460205078125, Macro-Recall: nan

Micro-F1: 0.37201207876205444, Macro-F1: nan

-----------------------------------------------------------------------------------------
-----------------------------------------------------------------------------------------
| end of epoch  17 | time: 133.66s | valid loss  0.62 | valid ppl     1.85
-----------------------------------------------------------------------------------------
[19,     5] train loss: 0.572
[19,    10] train loss: 0.573
[19,    15] train loss: 0.539
[19,    20] train loss: 0.567
[19,    25] train loss: 0.551
[19,    30] train loss: 0.562
[19,    35] train loss: 0.569
[19,    40] train loss: 0.553
[19,    45] train loss: 0.551
[19,    50] train loss: 0.564
[19,    55] train loss: 0.555
[19,    60] train loss: 0.574
[19,    65] train loss: 0.551
[19,    70] train loss: 0.574
[19,    75] train loss: 0.563
[19,    80] train loss: 0.565
[19,    85] train loss: 0.554
[19,    90] train loss: 0.563
[19,    95] train loss: 0.569
[19,   100] train loss: 0.559
[19,   105] train loss: 0.560
[19,   110] train loss: 0.561
[19,   115] train loss: 0.556
[19,   120] train loss: 0.563
[19,   125] train loss: 0.554
[19,   130] train loss: 0.560
[19,   135] train loss: 0.561
[19,   140] train loss: 0.566
[19,   145] train loss: 0.547
[19,   150] train loss: 0.562
[19,   155] train loss: 0.543
[19,   160] train loss: 0.581
[19,   165] train loss: 0.576
[19,   170] train loss: 0.575
[19,   175] train loss: 0.559
[19,   180] train loss: 0.553
[19,   185] train loss: 0.565
[19,   190] train loss: 0.560
[19,   195] train loss: 0.564
[19,   200] train loss: 0.544
[19,   205] train loss: 0.553
[19,   210] train loss: 0.550
[19,   215] train loss: 0.572
[19,   220] train loss: 0.560
[19,   225] train loss: 0.567
[19,   230] train loss: 0.559
[19,   235] train loss: 0.563
[19,   240] train loss: 0.547
[19,   245] train loss: 0.578
[19,   250] train loss: 0.572
[19,   255] train loss: 0.558
[19,   260] train loss: 0.558
[19,   265] train loss: 0.580
[19,   270] train loss: 0.559
[19,   275] train loss: 0.547
[19,   280] train loss: 0.562
[19,   285] train loss: 0.559
[19,   290] train loss: 0.567
[19,   295] train loss: 0.569
[19,   300] train loss: 0.555
[19,   305] train loss: 0.565
[19,   310] train loss: 0.555
[19,   315] train loss: 0.572
[19,   320] train loss: 0.562
[19,   325] train loss: 0.560
[19,   330] train loss: 0.546
Finished Training
[19,     5] test loss: 0.607
[19,    10] test loss: 0.605
[19,    15] test loss: 0.610
[19,    20] test loss: 0.590
[19,    25] test loss: 0.600
[19,    30] test loss: 0.617
[19,    35] test loss: 0.612
[19,    40] test loss: 0.604
[19,    45] test loss: 0.600
[19,    50] test loss: 0.622
[19,    55] test loss: 0.569
[19,    60] test loss: 0.618
[19,    65] test loss: 0.632
[19,    70] test loss: 0.640
[19,    75] test loss: 0.591
[19,    80] test loss: 0.635
[19,    85] test loss: 0.605
[19,    90] test loss: 0.587
[19,    95] test loss: 0.610
[19,   100] test loss: 0.589
[19,   105] test loss: 0.614
[19,   110] test loss: 0.584
-----------------------------------------------------------------------------------------
Micro-Precision: 0.36395758390426636, Macro-Precision: nan

Micro-Recall: 0.3993883728981018, Macro-Recall: nan

Micro-F1: 0.38085073232650757, Macro-F1: nan

-----------------------------------------------------------------------------------------
-----------------------------------------------------------------------------------------
| end of epoch  18 | time: 134.44s | valid loss  0.61 | valid ppl     1.84
-----------------------------------------------------------------------------------------
[20,     5] train loss: 0.547
[20,    10] train loss: 0.575
[20,    15] train loss: 0.564
[20,    20] train loss: 0.556
[20,    25] train loss: 0.547
[20,    30] train loss: 0.538
[20,    35] train loss: 0.547
[20,    40] train loss: 0.579
[20,    45] train loss: 0.555
[20,    50] train loss: 0.566
[20,    55] train loss: 0.551
[20,    60] train loss: 0.556
[20,    65] train loss: 0.563
[20,    70] train loss: 0.544
[20,    75] train loss: 0.561
[20,    80] train loss: 0.549
[20,    85] train loss: 0.557
[20,    90] train loss: 0.537
[20,    95] train loss: 0.547
[20,   100] train loss: 0.554
[20,   105] train loss: 0.547
[20,   110] train loss: 0.557
[20,   115] train loss: 0.563
[20,   120] train loss: 0.535
[20,   125] train loss: 0.556
[20,   130] train loss: 0.563
[20,   135] train loss: 0.554
[20,   140] train loss: 0.535
[20,   145] train loss: 0.560
[20,   150] train loss: 0.556
[20,   155] train loss: 0.554
[20,   160] train loss: 0.562
[20,   165] train loss: 0.542
[20,   170] train loss: 0.549
[20,   175] train loss: 0.565
[20,   180] train loss: 0.549
[20,   185] train loss: 0.544
[20,   190] train loss: 0.544
[20,   195] train loss: 0.569
[20,   200] train loss: 0.556
[20,   205] train loss: 0.560
[20,   210] train loss: 0.551
[20,   215] train loss: 0.556
[20,   220] train loss: 0.555
[20,   225] train loss: 0.574
[20,   230] train loss: 0.560
[20,   235] train loss: 0.556
[20,   240] train loss: 0.548
[20,   245] train loss: 0.557
[20,   250] train loss: 0.563
[20,   255] train loss: 0.558
[20,   260] train loss: 0.539
[20,   265] train loss: 0.563
[20,   270] train loss: 0.562
[20,   275] train loss: 0.570
[20,   280] train loss: 0.549
[20,   285] train loss: 0.552
[20,   290] train loss: 0.562
[20,   295] train loss: 0.547
[20,   300] train loss: 0.556
[20,   305] train loss: 0.560
[20,   310] train loss: 0.545
[20,   315] train loss: 0.550
[20,   320] train loss: 0.567
[20,   325] train loss: 0.547
[20,   330] train loss: 0.547
Finished Training
[20,     5] test loss: 0.620
[20,    10] test loss: 0.626
[20,    15] test loss: 0.627
[20,    20] test loss: 0.620
[20,    25] test loss: 0.594
[20,    30] test loss: 0.588
[20,    35] test loss: 0.619
[20,    40] test loss: 0.586
[20,    45] test loss: 0.619
[20,    50] test loss: 0.618
[20,    55] test loss: 0.617
[20,    60] test loss: 0.598
[20,    65] test loss: 0.605
[20,    70] test loss: 0.595
[20,    75] test loss: 0.597
[20,    80] test loss: 0.565
[20,    85] test loss: 0.631
[20,    90] test loss: 0.584
[20,    95] test loss: 0.592
[20,   100] test loss: 0.604
[20,   105] test loss: 0.631
[20,   110] test loss: 0.601
-----------------------------------------------------------------------------------------
Micro-Precision: 0.36113154888153076, Macro-Precision: nan

Micro-Recall: 0.40216851234436035, Macro-Recall: nan

Micro-F1: 0.380546897649765, Macro-F1: nan

-----------------------------------------------------------------------------------------
-----------------------------------------------------------------------------------------
| end of epoch  19 | time: 134.81s | valid loss  0.61 | valid ppl     1.84
-----------------------------------------------------------------------------------------
[21,     5] train loss: 0.547
[21,    10] train loss: 0.541
[21,    15] train loss: 0.531
[21,    20] train loss: 0.571
[21,    25] train loss: 0.545
[21,    30] train loss: 0.545
[21,    35] train loss: 0.569
[21,    40] train loss: 0.549
[21,    45] train loss: 0.557
[21,    50] train loss: 0.541
[21,    55] train loss: 0.552
[21,    60] train loss: 0.542
[21,    65] train loss: 0.533
[21,    70] train loss: 0.534
[21,    75] train loss: 0.550
[21,    80] train loss: 0.547
[21,    85] train loss: 0.541
[21,    90] train loss: 0.546
[21,    95] train loss: 0.534
[21,   100] train loss: 0.540
[21,   105] train loss: 0.567
[21,   110] train loss: 0.548
[21,   115] train loss: 0.552
[21,   120] train loss: 0.544
[21,   125] train loss: 0.563
[21,   130] train loss: 0.557
[21,   135] train loss: 0.539
[21,   140] train loss: 0.545
[21,   145] train loss: 0.555
[21,   150] train loss: 0.529
[21,   155] train loss: 0.559
[21,   160] train loss: 0.542
[21,   165] train loss: 0.543
[21,   170] train loss: 0.568
[21,   175] train loss: 0.552
[21,   180] train loss: 0.548
[21,   185] train loss: 0.545
[21,   190] train loss: 0.528
[21,   195] train loss: 0.553
[21,   200] train loss: 0.542
[21,   205] train loss: 0.552
[21,   210] train loss: 0.534
[21,   215] train loss: 0.568
[21,   220] train loss: 0.556
[21,   225] train loss: 0.547
[21,   230] train loss: 0.545
[21,   235] train loss: 0.530
[21,   240] train loss: 0.556
[21,   245] train loss: 0.543
[21,   250] train loss: 0.543
[21,   255] train loss: 0.543
[21,   260] train loss: 0.551
[21,   265] train loss: 0.554
[21,   270] train loss: 0.556
[21,   275] train loss: 0.564
[21,   280] train loss: 0.561
[21,   285] train loss: 0.548
[21,   290] train loss: 0.541
[21,   295] train loss: 0.542
[21,   300] train loss: 0.547
[21,   305] train loss: 0.544
[21,   310] train loss: 0.568
[21,   315] train loss: 0.545
[21,   320] train loss: 0.540
[21,   325] train loss: 0.556
[21,   330] train loss: 0.540
Finished Training
[21,     5] test loss: 0.617
[21,    10] test loss: 0.620
[21,    15] test loss: 0.586
[21,    20] test loss: 0.605
[21,    25] test loss: 0.603
[21,    30] test loss: 0.609
[21,    35] test loss: 0.606
[21,    40] test loss: 0.623
[21,    45] test loss: 0.581
[21,    50] test loss: 0.586
[21,    55] test loss: 0.630
[21,    60] test loss: 0.614
[21,    65] test loss: 0.593
[21,    70] test loss: 0.591
[21,    75] test loss: 0.608
[21,    80] test loss: 0.581
[21,    85] test loss: 0.596
[21,    90] test loss: 0.628
[21,    95] test loss: 0.607
[21,   100] test loss: 0.587
[21,   105] test loss: 0.607
[21,   110] test loss: 0.617
-----------------------------------------------------------------------------------------
Micro-Precision: 0.3618577718734741, Macro-Precision: nan

Micro-Recall: 0.3777836263179779, Macro-Recall: nan

Micro-F1: 0.3696492612361908, Macro-F1: nan

-----------------------------------------------------------------------------------------
-----------------------------------------------------------------------------------------
| end of epoch  20 | time: 133.69s | valid loss  0.61 | valid ppl     1.84
-----------------------------------------------------------------------------------------
[22,     5] train loss: 0.524
[22,    10] train loss: 0.534
[22,    15] train loss: 0.522
[22,    20] train loss: 0.544
[22,    25] train loss: 0.561
[22,    30] train loss: 0.548
[22,    35] train loss: 0.542
[22,    40] train loss: 0.541
[22,    45] train loss: 0.546
[22,    50] train loss: 0.554
[22,    55] train loss: 0.525
[22,    60] train loss: 0.520
[22,    65] train loss: 0.529
[22,    70] train loss: 0.538
[22,    75] train loss: 0.549
[22,    80] train loss: 0.547
[22,    85] train loss: 0.541
[22,    90] train loss: 0.540
[22,    95] train loss: 0.549
[22,   100] train loss: 0.548
[22,   105] train loss: 0.550
[22,   110] train loss: 0.559
[22,   115] train loss: 0.546
[22,   120] train loss: 0.552
[22,   125] train loss: 0.543
[22,   130] train loss: 0.543
[22,   135] train loss: 0.544
[22,   140] train loss: 0.552
[22,   145] train loss: 0.528
[22,   150] train loss: 0.546
[22,   155] train loss: 0.539
[22,   160] train loss: 0.535
[22,   165] train loss: 0.535
[22,   170] train loss: 0.540
[22,   175] train loss: 0.556
[22,   180] train loss: 0.539
[22,   185] train loss: 0.547
[22,   190] train loss: 0.531
[22,   195] train loss: 0.541
[22,   200] train loss: 0.530
[22,   205] train loss: 0.536
[22,   210] train loss: 0.540
[22,   215] train loss: 0.532
[22,   220] train loss: 0.542
[22,   225] train loss: 0.547
[22,   230] train loss: 0.531
[22,   235] train loss: 0.547
[22,   240] train loss: 0.553
[22,   245] train loss: 0.527
[22,   250] train loss: 0.539
[22,   255] train loss: 0.555
[22,   260] train loss: 0.554
[22,   265] train loss: 0.548
[22,   270] train loss: 0.530
[22,   275] train loss: 0.540
[22,   280] train loss: 0.551
[22,   285] train loss: 0.558
[22,   290] train loss: 0.542
[22,   295] train loss: 0.526
[22,   300] train loss: 0.547
[22,   305] train loss: 0.557
[22,   310] train loss: 0.543
[22,   315] train loss: 0.554
[22,   320] train loss: 0.539
[22,   325] train loss: 0.546
[22,   330] train loss: 0.537
Finished Training
[22,     5] test loss: 0.618
[22,    10] test loss: 0.591
[22,    15] test loss: 0.596
[22,    20] test loss: 0.574
[22,    25] test loss: 0.590
[22,    30] test loss: 0.575
[22,    35] test loss: 0.599
[22,    40] test loss: 0.591
[22,    45] test loss: 0.593
[22,    50] test loss: 0.612
[22,    55] test loss: 0.633
[22,    60] test loss: 0.602
[22,    65] test loss: 0.609
[22,    70] test loss: 0.628
[22,    75] test loss: 0.577
[22,    80] test loss: 0.604
[22,    85] test loss: 0.619
[22,    90] test loss: 0.584
[22,    95] test loss: 0.598
[22,   100] test loss: 0.618
[22,   105] test loss: 0.610
[22,   110] test loss: 0.605
-----------------------------------------------------------------------------------------
Micro-Precision: 0.3671714961528778, Macro-Precision: nan

Micro-Recall: 0.39620763063430786, Macro-Recall: nan

Micro-F1: 0.3811373710632324, Macro-F1: nan

-----------------------------------------------------------------------------------------
-----------------------------------------------------------------------------------------
| end of epoch  21 | time: 133.99s | valid loss  0.61 | valid ppl     1.83
-----------------------------------------------------------------------------------------
[23,     5] train loss: 0.543
[23,    10] train loss: 0.544
[23,    15] train loss: 0.526
[23,    20] train loss: 0.553
[23,    25] train loss: 0.554
[23,    30] train loss: 0.547
[23,    35] train loss: 0.530
[23,    40] train loss: 0.525
[23,    45] train loss: 0.535
[23,    50] train loss: 0.536
[23,    55] train loss: 0.540
[23,    60] train loss: 0.539
[23,    65] train loss: 0.529
[23,    70] train loss: 0.531
[23,    75] train loss: 0.550
[23,    80] train loss: 0.545
[23,    85] train loss: 0.529
[23,    90] train loss: 0.534
[23,    95] train loss: 0.561
[23,   100] train loss: 0.530
[23,   105] train loss: 0.539
[23,   110] train loss: 0.526
[23,   115] train loss: 0.546
[23,   120] train loss: 0.543
[23,   125] train loss: 0.525
[23,   130] train loss: 0.535
[23,   135] train loss: 0.532
[23,   140] train loss: 0.535
[23,   145] train loss: 0.533
[23,   150] train loss: 0.545
[23,   155] train loss: 0.537
[23,   160] train loss: 0.548
[23,   165] train loss: 0.537
[23,   170] train loss: 0.534
[23,   175] train loss: 0.539
[23,   180] train loss: 0.534
[23,   185] train loss: 0.541
[23,   190] train loss: 0.553
[23,   195] train loss: 0.545
[23,   200] train loss: 0.540
[23,   205] train loss: 0.541
[23,   210] train loss: 0.533
[23,   215] train loss: 0.520
[23,   220] train loss: 0.535
[23,   225] train loss: 0.536
[23,   230] train loss: 0.517
[23,   235] train loss: 0.527
[23,   240] train loss: 0.531
[23,   245] train loss: 0.529
[23,   250] train loss: 0.528
[23,   255] train loss: 0.548
[23,   260] train loss: 0.521
[23,   265] train loss: 0.518
[23,   270] train loss: 0.540
[23,   275] train loss: 0.525
[23,   280] train loss: 0.534
[23,   285] train loss: 0.542
[23,   290] train loss: 0.539
[23,   295] train loss: 0.549
[23,   300] train loss: 0.533
[23,   305] train loss: 0.536
[23,   310] train loss: 0.531
[23,   315] train loss: 0.547
[23,   320] train loss: 0.539
[23,   325] train loss: 0.542
[23,   330] train loss: 0.536
Finished Training
[23,     5] test loss: 0.573
[23,    10] test loss: 0.640
[23,    15] test loss: 0.589
[23,    20] test loss: 0.587
[23,    25] test loss: 0.593
[23,    30] test loss: 0.609
[23,    35] test loss: 0.582
[23,    40] test loss: 0.596
[23,    45] test loss: 0.589
[23,    50] test loss: 0.636
[23,    55] test loss: 0.607
[23,    60] test loss: 0.587
[23,    65] test loss: 0.604
[23,    70] test loss: 0.592
[23,    75] test loss: 0.577
[23,    80] test loss: 0.599
[23,    85] test loss: 0.599
[23,    90] test loss: 0.615
[23,    95] test loss: 0.614
[23,   100] test loss: 0.612
[23,   105] test loss: 0.569
[23,   110] test loss: 0.599
-----------------------------------------------------------------------------------------
Micro-Precision: 0.37165385484695435, Macro-Precision: nan

Micro-Recall: 0.3999853730201721, Macro-Recall: nan

Micro-F1: 0.3852995038032532, Macro-F1: nan

-----------------------------------------------------------------------------------------
-----------------------------------------------------------------------------------------
| end of epoch  22 | time: 134.10s | valid loss  0.60 | valid ppl     1.83
-----------------------------------------------------------------------------------------
[24,     5] train loss: 0.542
[24,    10] train loss: 0.517
[24,    15] train loss: 0.533
[24,    20] train loss: 0.533
[24,    25] train loss: 0.526
[24,    30] train loss: 0.527
[24,    35] train loss: 0.523
[24,    40] train loss: 0.532
[24,    45] train loss: 0.535
[24,    50] train loss: 0.533
[24,    55] train loss: 0.531
[24,    60] train loss: 0.550
[24,    65] train loss: 0.533
[24,    70] train loss: 0.539
[24,    75] train loss: 0.537
[24,    80] train loss: 0.539
[24,    85] train loss: 0.526
[24,    90] train loss: 0.531
[24,    95] train loss: 0.539
[24,   100] train loss: 0.521
[24,   105] train loss: 0.531
[24,   110] train loss: 0.537
[24,   115] train loss: 0.544
[24,   120] train loss: 0.526
[24,   125] train loss: 0.521
[24,   130] train loss: 0.531
[24,   135] train loss: 0.530
[24,   140] train loss: 0.526
[24,   145] train loss: 0.525
[24,   150] train loss: 0.530
[24,   155] train loss: 0.514
[24,   160] train loss: 0.532
[24,   165] train loss: 0.518
[24,   170] train loss: 0.534
[24,   175] train loss: 0.534
[24,   180] train loss: 0.523
[24,   185] train loss: 0.517
[24,   190] train loss: 0.544
[24,   195] train loss: 0.545
[24,   200] train loss: 0.525
[24,   205] train loss: 0.533
[24,   210] train loss: 0.531
[24,   215] train loss: 0.537
[24,   220] train loss: 0.534
[24,   225] train loss: 0.523
[24,   230] train loss: 0.530
[24,   235] train loss: 0.540
[24,   240] train loss: 0.539
[24,   245] train loss: 0.526
[24,   250] train loss: 0.540
[24,   255] train loss: 0.525
[24,   260] train loss: 0.520
[24,   265] train loss: 0.524
[24,   270] train loss: 0.526
[24,   275] train loss: 0.547
[24,   280] train loss: 0.535
[24,   285] train loss: 0.520
[24,   290] train loss: 0.540
[24,   295] train loss: 0.526
[24,   300] train loss: 0.519
[24,   305] train loss: 0.525
[24,   310] train loss: 0.529
[24,   315] train loss: 0.532
[24,   320] train loss: 0.528
[24,   325] train loss: 0.536
[24,   330] train loss: 0.536
Finished Training
[24,     5] test loss: 0.600
[24,    10] test loss: 0.595
[24,    15] test loss: 0.610
[24,    20] test loss: 0.613
[24,    25] test loss: 0.591
[24,    30] test loss: 0.613
[24,    35] test loss: 0.595
[24,    40] test loss: 0.602
[24,    45] test loss: 0.581
[24,    50] test loss: 0.605
[24,    55] test loss: 0.609
[24,    60] test loss: 0.583
[24,    65] test loss: 0.579
[24,    70] test loss: 0.614
[24,    75] test loss: 0.600
[24,    80] test loss: 0.582
[24,    85] test loss: 0.589
[24,    90] test loss: 0.592
[24,    95] test loss: 0.585
[24,   100] test loss: 0.625
[24,   105] test loss: 0.605
[24,   110] test loss: 0.607
-----------------------------------------------------------------------------------------
Micro-Precision: 0.3660869896411896, Macro-Precision: nan

Micro-Recall: 0.3998244106769562, Macro-Recall: nan

Micro-F1: 0.38221263885498047, Macro-F1: nan

-----------------------------------------------------------------------------------------
-----------------------------------------------------------------------------------------
| end of epoch  23 | time: 134.09s | valid loss  0.60 | valid ppl     1.83
-----------------------------------------------------------------------------------------
[25,     5] train loss: 0.521
[25,    10] train loss: 0.527
[25,    15] train loss: 0.520
[25,    20] train loss: 0.527
[25,    25] train loss: 0.527
[25,    30] train loss: 0.519
[25,    35] train loss: 0.515
[25,    40] train loss: 0.521
[25,    45] train loss: 0.520
[25,    50] train loss: 0.520
[25,    55] train loss: 0.532
[25,    60] train loss: 0.541
[25,    65] train loss: 0.535
[25,    70] train loss: 0.512
[25,    75] train loss: 0.526
[25,    80] train loss: 0.526
[25,    85] train loss: 0.527
[25,    90] train loss: 0.534
[25,    95] train loss: 0.525
[25,   100] train loss: 0.526
[25,   105] train loss: 0.533
[25,   110] train loss: 0.518
[25,   115] train loss: 0.530
[25,   120] train loss: 0.544
[25,   125] train loss: 0.522
[25,   130] train loss: 0.526
[25,   135] train loss: 0.525
[25,   140] train loss: 0.511
[25,   145] train loss: 0.536
[25,   150] train loss: 0.511
[25,   155] train loss: 0.519
[25,   160] train loss: 0.503
[25,   165] train loss: 0.543
[25,   170] train loss: 0.539
[25,   175] train loss: 0.530
[25,   180] train loss: 0.526
[25,   185] train loss: 0.533
[25,   190] train loss: 0.514
[25,   195] train loss: 0.526
[25,   200] train loss: 0.536
[25,   205] train loss: 0.545
[25,   210] train loss: 0.498
[25,   215] train loss: 0.537
[25,   220] train loss: 0.549
[25,   225] train loss: 0.533
[25,   230] train loss: 0.527
[25,   235] train loss: 0.520
[25,   240] train loss: 0.525
[25,   245] train loss: 0.543
[25,   250] train loss: 0.531
[25,   255] train loss: 0.523
[25,   260] train loss: 0.509
[25,   265] train loss: 0.511
[25,   270] train loss: 0.518
[25,   275] train loss: 0.516
[25,   280] train loss: 0.525
[25,   285] train loss: 0.508
[25,   290] train loss: 0.515
[25,   295] train loss: 0.533
[25,   300] train loss: 0.521
[25,   305] train loss: 0.537
[25,   310] train loss: 0.528
[25,   315] train loss: 0.533
[25,   320] train loss: 0.526
[25,   325] train loss: 0.531
[25,   330] train loss: 0.535
Finished Training
[25,     5] test loss: 0.571
[25,    10] test loss: 0.579
[25,    15] test loss: 0.635
[25,    20] test loss: 0.588
[25,    25] test loss: 0.597
[25,    30] test loss: 0.579
[25,    35] test loss: 0.599
[25,    40] test loss: 0.616
[25,    45] test loss: 0.563
[25,    50] test loss: 0.616
[25,    55] test loss: 0.607
[25,    60] test loss: 0.591
[25,    65] test loss: 0.587
[25,    70] test loss: 0.601
[25,    75] test loss: 0.619
[25,    80] test loss: 0.608
[25,    85] test loss: 0.591
[25,    90] test loss: 0.612
[25,    95] test loss: 0.626
[25,   100] test loss: 0.584
[25,   105] test loss: 0.601
[25,   110] test loss: 0.592
-----------------------------------------------------------------------------------------
Micro-Precision: 0.3704073131084442, Macro-Precision: nan

Micro-Recall: 0.40198415517807007, Macro-Recall: nan

Micro-F1: 0.38555029034614563, Macro-F1: nan

-----------------------------------------------------------------------------------------
-----------------------------------------------------------------------------------------
| end of epoch  24 | time: 134.11s | valid loss  0.60 | valid ppl     1.83
-----------------------------------------------------------------------------------------
