Restoring modules from user's fosscuda111, for system: "farnam-rhel7"
/home/vs428/project/MedMentions/full/pretraining4/entity_vocab.jsonl
Some weights of the model checkpoint at microsoft/BiomedNLP-PubMedBERT-base-uncased-abstract were not used when initializing BertModel: ['cls.seq_relationship.bias', 'cls.predictions.transform.LayerNorm.weight', 'cls.seq_relationship.weight', 'cls.predictions.decoder.bias', 'cls.predictions.decoder.weight', 'cls.predictions.transform.dense.weight', 'cls.predictions.transform.dense.bias', 'cls.predictions.transform.LayerNorm.bias', 'cls.predictions.bias']
- This IS expected if you are initializing BertModel from the checkpoint of a model trained on another task or with another architecture (e.g. initializing a BertForSequenceClassification model from a BertForPreTraining model).
- This IS NOT expected if you are initializing BertModel from the checkpoint of a model that you expect to be exactly identical (initializing a BertForSequenceClassification model from a BertForSequenceClassification model).
0
<torch.cuda.device object at 0x2afbaaabedc0>
1
GeForce GTX 1080 Ti
[1,     5] train loss: 1.011
[1,    10] train loss: 1.005
[1,    15] train loss: 1.006
[1,    20] train loss: 1.005
[1,    25] train loss: 1.005
[1,    30] train loss: 0.993
[1,    35] train loss: 0.986
[1,    40] train loss: 0.981
[1,    45] train loss: 0.977
[1,    50] train loss: 0.979
[1,    55] train loss: 0.980
[1,    60] train loss: 0.975
[1,    65] train loss: 0.969
[1,    70] train loss: 0.962
[1,    75] train loss: 0.957
[1,    80] train loss: 0.961
[1,    85] train loss: 0.954
[1,    90] train loss: 0.948
[1,    95] train loss: 0.937
[1,   100] train loss: 0.948
[1,   105] train loss: 0.939
[1,   110] train loss: 0.929
[1,   115] train loss: 0.937
[1,   120] train loss: 0.928
[1,   125] train loss: 0.923
[1,   130] train loss: 0.918
[1,   135] train loss: 0.923
[1,   140] train loss: 0.919
[1,   145] train loss: 0.915
[1,   150] train loss: 0.919
[1,   155] train loss: 0.911
[1,   160] train loss: 0.903
[1,   165] train loss: 0.904
[1,   170] train loss: 0.906
[1,   175] train loss: 0.897
[1,   180] train loss: 0.905
[1,   185] train loss: 0.903
[1,   190] train loss: 0.898
[1,   195] train loss: 0.885
[1,   200] train loss: 0.891
[1,   205] train loss: 0.891
[1,   210] train loss: 0.876
[1,   215] train loss: 0.875
[1,   220] train loss: 0.882
[1,   225] train loss: 0.885
[1,   230] train loss: 0.873
[1,   235] train loss: 0.871
[1,   240] train loss: 0.866
[1,   245] train loss: 0.857
[1,   250] train loss: 0.867
[1,   255] train loss: 0.848
[1,   260] train loss: 0.844
[1,   265] train loss: 0.846
[1,   270] train loss: 0.854
[1,   275] train loss: 0.856
[1,   280] train loss: 0.857
[1,   285] train loss: 0.823
[1,   290] train loss: 0.837
[1,   295] train loss: 0.850
[1,   300] train loss: 0.844
[1,   305] train loss: 0.840
[1,   310] train loss: 0.854
[1,   315] train loss: 0.832
[1,   320] train loss: 0.843
[1,   325] train loss: 0.838
[1,   330] train loss: 0.827
Finished Training
[1,     5] test loss: 0.800
[1,    10] test loss: 0.795
[1,    15] test loss: 0.804
[1,    20] test loss: 0.796
[1,    25] test loss: 0.816
[1,    30] test loss: 0.816
[1,    35] test loss: 0.828
[1,    40] test loss: 0.812
[1,    45] test loss: 0.814
[1,    50] test loss: 0.807
[1,    55] test loss: 0.805
[1,    60] test loss: 0.818
[1,    65] test loss: 0.815
[1,    70] test loss: 0.806
[1,    75] test loss: 0.810
[1,    80] test loss: 0.804
[1,    85] test loss: 0.821
[1,    90] test loss: 0.805
[1,    95] test loss: 0.819
[1,   100] test loss: 0.810
[1,   105] test loss: 0.809
[1,   110] test loss: 0.821
-----------------------------------------------------------------------------------------
Micro-Precision: 0.11108002066612244, Macro-Precision: nan

Micro-Recall: 0.12199297547340393, Macro-Recall: nan

Micro-F1: 0.11628101766109467, Macro-F1: nan

-----------------------------------------------------------------------------------------
-----------------------------------------------------------------------------------------
| end of epoch   0 | time: 130.19s | valid loss  0.82 | valid ppl     2.27
-----------------------------------------------------------------------------------------
[2,     5] train loss: 0.826
[2,    10] train loss: 0.821
[2,    15] train loss: 0.818
[2,    20] train loss: 0.805
[2,    25] train loss: 0.821
[2,    30] train loss: 0.821
[2,    35] train loss: 0.820
[2,    40] train loss: 0.817
[2,    45] train loss: 0.804
[2,    50] train loss: 0.814
[2,    55] train loss: 0.821
[2,    60] train loss: 0.802
[2,    65] train loss: 0.803
[2,    70] train loss: 0.826
[2,    75] train loss: 0.818
[2,    80] train loss: 0.811
[2,    85] train loss: 0.804
[2,    90] train loss: 0.800
[2,    95] train loss: 0.796
[2,   100] train loss: 0.792
[2,   105] train loss: 0.793
[2,   110] train loss: 0.820
[2,   115] train loss: 0.809
[2,   120] train loss: 0.780
[2,   125] train loss: 0.792
[2,   130] train loss: 0.796
[2,   135] train loss: 0.791
[2,   140] train loss: 0.811
[2,   145] train loss: 0.800
[2,   150] train loss: 0.799
[2,   155] train loss: 0.808
[2,   160] train loss: 0.783
[2,   165] train loss: 0.804
[2,   170] train loss: 0.800
[2,   175] train loss: 0.786
[2,   180] train loss: 0.791
[2,   185] train loss: 0.807
[2,   190] train loss: 0.778
[2,   195] train loss: 0.778
[2,   200] train loss: 0.798
[2,   205] train loss: 0.789
[2,   210] train loss: 0.799
[2,   215] train loss: 0.780
[2,   220] train loss: 0.777
[2,   225] train loss: 0.799
[2,   230] train loss: 0.793
[2,   235] train loss: 0.773
[2,   240] train loss: 0.783
[2,   245] train loss: 0.802
[2,   250] train loss: 0.788
[2,   255] train loss: 0.771
[2,   260] train loss: 0.790
[2,   265] train loss: 0.790
[2,   270] train loss: 0.769
[2,   275] train loss: 0.788
[2,   280] train loss: 0.789
[2,   285] train loss: 0.783
[2,   290] train loss: 0.784
[2,   295] train loss: 0.780
[2,   300] train loss: 0.777
[2,   305] train loss: 0.783
[2,   310] train loss: 0.779
[2,   315] train loss: 0.785
[2,   320] train loss: 0.780
[2,   325] train loss: 0.785
[2,   330] train loss: 0.766
Finished Training
[2,     5] test loss: 0.726
[2,    10] test loss: 0.750
[2,    15] test loss: 0.748
[2,    20] test loss: 0.734
[2,    25] test loss: 0.739
[2,    30] test loss: 0.739
[2,    35] test loss: 0.758
[2,    40] test loss: 0.742
[2,    45] test loss: 0.731
[2,    50] test loss: 0.751
[2,    55] test loss: 0.732
[2,    60] test loss: 0.733
[2,    65] test loss: 0.738
[2,    70] test loss: 0.745
[2,    75] test loss: 0.756
[2,    80] test loss: 0.749
[2,    85] test loss: 0.736
[2,    90] test loss: 0.729
[2,    95] test loss: 0.746
[2,   100] test loss: 0.732
[2,   105] test loss: 0.736
[2,   110] test loss: 0.737
-----------------------------------------------------------------------------------------
Micro-Precision: 0.2031354308128357, Macro-Precision: nan

Micro-Recall: 0.21804852783679962, Macro-Recall: nan

Micro-F1: 0.21032796800136566, Macro-F1: nan

-----------------------------------------------------------------------------------------
-----------------------------------------------------------------------------------------
| end of epoch   1 | time: 132.98s | valid loss  0.75 | valid ppl     2.11
-----------------------------------------------------------------------------------------
[3,     5] train loss: 0.762
[3,    10] train loss: 0.769
[3,    15] train loss: 0.747
[3,    20] train loss: 0.744
[3,    25] train loss: 0.761
[3,    30] train loss: 0.761
[3,    35] train loss: 0.762
[3,    40] train loss: 0.755
[3,    45] train loss: 0.750
[3,    50] train loss: 0.758
[3,    55] train loss: 0.747
[3,    60] train loss: 0.761
[3,    65] train loss: 0.762
[3,    70] train loss: 0.757
[3,    75] train loss: 0.765
[3,    80] train loss: 0.754
[3,    85] train loss: 0.730
[3,    90] train loss: 0.759
[3,    95] train loss: 0.744
[3,   100] train loss: 0.748
[3,   105] train loss: 0.758
[3,   110] train loss: 0.740
[3,   115] train loss: 0.760
[3,   120] train loss: 0.731
[3,   125] train loss: 0.755
[3,   130] train loss: 0.741
[3,   135] train loss: 0.744
[3,   140] train loss: 0.760
[3,   145] train loss: 0.731
[3,   150] train loss: 0.741
[3,   155] train loss: 0.729
[3,   160] train loss: 0.762
[3,   165] train loss: 0.743
[3,   170] train loss: 0.753
[3,   175] train loss: 0.729
[3,   180] train loss: 0.747
[3,   185] train loss: 0.749
[3,   190] train loss: 0.749
[3,   195] train loss: 0.770
[3,   200] train loss: 0.753
[3,   205] train loss: 0.740
[3,   210] train loss: 0.743
[3,   215] train loss: 0.751
[3,   220] train loss: 0.730
[3,   225] train loss: 0.730
[3,   230] train loss: 0.727
[3,   235] train loss: 0.755
[3,   240] train loss: 0.725
[3,   245] train loss: 0.742
[3,   250] train loss: 0.723
[3,   255] train loss: 0.717
[3,   260] train loss: 0.743
[3,   265] train loss: 0.714
[3,   270] train loss: 0.758
[3,   275] train loss: 0.711
[3,   280] train loss: 0.738
[3,   285] train loss: 0.748
[3,   290] train loss: 0.721
[3,   295] train loss: 0.718
[3,   300] train loss: 0.749
[3,   305] train loss: 0.760
[3,   310] train loss: 0.744
[3,   315] train loss: 0.740
[3,   320] train loss: 0.730
[3,   325] train loss: 0.739
[3,   330] train loss: 0.731
Finished Training
[3,     5] test loss: 0.688
[3,    10] test loss: 0.696
[3,    15] test loss: 0.690
[3,    20] test loss: 0.716
[3,    25] test loss: 0.701
[3,    30] test loss: 0.698
[3,    35] test loss: 0.710
[3,    40] test loss: 0.697
[3,    45] test loss: 0.703
[3,    50] test loss: 0.696
[3,    55] test loss: 0.692
[3,    60] test loss: 0.697
[3,    65] test loss: 0.709
[3,    70] test loss: 0.708
[3,    75] test loss: 0.715
[3,    80] test loss: 0.686
[3,    85] test loss: 0.716
[3,    90] test loss: 0.713
[3,    95] test loss: 0.692
[3,   100] test loss: 0.719
[3,   105] test loss: 0.720
[3,   110] test loss: 0.698
-----------------------------------------------------------------------------------------
Micro-Precision: 0.24047289788722992, Macro-Precision: nan

Micro-Recall: 0.25983700156211853, Macro-Recall: nan

Micro-F1: 0.24978020787239075, Macro-F1: nan

-----------------------------------------------------------------------------------------
-----------------------------------------------------------------------------------------
| end of epoch   2 | time: 133.70s | valid loss  0.71 | valid ppl     2.03
-----------------------------------------------------------------------------------------
[4,     5] train loss: 0.719
[4,    10] train loss: 0.699
[4,    15] train loss: 0.720
[4,    20] train loss: 0.728
[4,    25] train loss: 0.697
[4,    30] train loss: 0.713
[4,    35] train loss: 0.723
[4,    40] train loss: 0.725
[4,    45] train loss: 0.714
[4,    50] train loss: 0.725
[4,    55] train loss: 0.715
[4,    60] train loss: 0.730
[4,    65] train loss: 0.712
[4,    70] train loss: 0.712
[4,    75] train loss: 0.721
[4,    80] train loss: 0.696
[4,    85] train loss: 0.707
[4,    90] train loss: 0.711
[4,    95] train loss: 0.705
[4,   100] train loss: 0.729
[4,   105] train loss: 0.707
[4,   110] train loss: 0.725
[4,   115] train loss: 0.719
[4,   120] train loss: 0.705
[4,   125] train loss: 0.709
[4,   130] train loss: 0.714
[4,   135] train loss: 0.712
[4,   140] train loss: 0.698
[4,   145] train loss: 0.705
[4,   150] train loss: 0.724
[4,   155] train loss: 0.726
[4,   160] train loss: 0.716
[4,   165] train loss: 0.708
[4,   170] train loss: 0.689
[4,   175] train loss: 0.703
[4,   180] train loss: 0.704
[4,   185] train loss: 0.699
[4,   190] train loss: 0.723
[4,   195] train loss: 0.702
[4,   200] train loss: 0.706
[4,   205] train loss: 0.714
[4,   210] train loss: 0.727
[4,   215] train loss: 0.704
[4,   220] train loss: 0.704
[4,   225] train loss: 0.713
[4,   230] train loss: 0.700
[4,   235] train loss: 0.721
[4,   240] train loss: 0.710
[4,   245] train loss: 0.708
[4,   250] train loss: 0.714
[4,   255] train loss: 0.694
[4,   260] train loss: 0.699
[4,   265] train loss: 0.714
[4,   270] train loss: 0.702
[4,   275] train loss: 0.710
[4,   280] train loss: 0.707
[4,   285] train loss: 0.722
[4,   290] train loss: 0.706
[4,   295] train loss: 0.701
[4,   300] train loss: 0.710
[4,   305] train loss: 0.705
[4,   310] train loss: 0.707
[4,   315] train loss: 0.700
[4,   320] train loss: 0.700
[4,   325] train loss: 0.677
[4,   330] train loss: 0.696
Finished Training
[4,     5] test loss: 0.671
[4,    10] test loss: 0.689
[4,    15] test loss: 0.682
[4,    20] test loss: 0.654
[4,    25] test loss: 0.679
[4,    30] test loss: 0.664
[4,    35] test loss: 0.679
[4,    40] test loss: 0.703
[4,    45] test loss: 0.690
[4,    50] test loss: 0.675
[4,    55] test loss: 0.686
[4,    60] test loss: 0.680
[4,    65] test loss: 0.669
[4,    70] test loss: 0.680
[4,    75] test loss: 0.661
[4,    80] test loss: 0.670
[4,    85] test loss: 0.702
[4,    90] test loss: 0.677
[4,    95] test loss: 0.686
[4,   100] test loss: 0.658
[4,   105] test loss: 0.664
[4,   110] test loss: 0.686
-----------------------------------------------------------------------------------------
Micro-Precision: 0.26345816254615784, Macro-Precision: nan

Micro-Recall: 0.27907928824424744, Macro-Recall: nan

Micro-F1: 0.2710438370704651, Macro-F1: nan

-----------------------------------------------------------------------------------------
-----------------------------------------------------------------------------------------
| end of epoch   3 | time: 133.73s | valid loss  0.68 | valid ppl     1.98
-----------------------------------------------------------------------------------------
[5,     5] train loss: 0.696
[5,    10] train loss: 0.694
[5,    15] train loss: 0.700
[5,    20] train loss: 0.703
[5,    25] train loss: 0.671
[5,    30] train loss: 0.700
[5,    35] train loss: 0.691
[5,    40] train loss: 0.684
[5,    45] train loss: 0.679
[5,    50] train loss: 0.704
[5,    55] train loss: 0.699
[5,    60] train loss: 0.692
[5,    65] train loss: 0.672
[5,    70] train loss: 0.671
[5,    75] train loss: 0.681
[5,    80] train loss: 0.715
[5,    85] train loss: 0.686
[5,    90] train loss: 0.697
[5,    95] train loss: 0.686
[5,   100] train loss: 0.686
[5,   105] train loss: 0.682
[5,   110] train loss: 0.692
[5,   115] train loss: 0.668
[5,   120] train loss: 0.697
[5,   125] train loss: 0.691
[5,   130] train loss: 0.676
[5,   135] train loss: 0.690
[5,   140] train loss: 0.691
[5,   145] train loss: 0.685
[5,   150] train loss: 0.680
[5,   155] train loss: 0.672
[5,   160] train loss: 0.685
[5,   165] train loss: 0.687
[5,   170] train loss: 0.702
[5,   175] train loss: 0.686
[5,   180] train loss: 0.665
[5,   185] train loss: 0.667
[5,   190] train loss: 0.672
[5,   195] train loss: 0.692
[5,   200] train loss: 0.682
[5,   205] train loss: 0.679
[5,   210] train loss: 0.678
[5,   215] train loss: 0.683
[5,   220] train loss: 0.662
[5,   225] train loss: 0.673
[5,   230] train loss: 0.681
[5,   235] train loss: 0.677
[5,   240] train loss: 0.674
[5,   245] train loss: 0.688
[5,   250] train loss: 0.691
[5,   255] train loss: 0.686
[5,   260] train loss: 0.689
[5,   265] train loss: 0.677
[5,   270] train loss: 0.675
[5,   275] train loss: 0.680
[5,   280] train loss: 0.680
[5,   285] train loss: 0.685
[5,   290] train loss: 0.663
[5,   295] train loss: 0.685
[5,   300] train loss: 0.666
[5,   305] train loss: 0.684
[5,   310] train loss: 0.674
[5,   315] train loss: 0.678
[5,   320] train loss: 0.685
[5,   325] train loss: 0.655
[5,   330] train loss: 0.672
Finished Training
[5,     5] test loss: 0.659
[5,    10] test loss: 0.647
[5,    15] test loss: 0.678
[5,    20] test loss: 0.673
[5,    25] test loss: 0.654
[5,    30] test loss: 0.660
[5,    35] test loss: 0.677
[5,    40] test loss: 0.658
[5,    45] test loss: 0.642
[5,    50] test loss: 0.684
[5,    55] test loss: 0.652
[5,    60] test loss: 0.649
[5,    65] test loss: 0.668
[5,    70] test loss: 0.659
[5,    75] test loss: 0.653
[5,    80] test loss: 0.648
[5,    85] test loss: 0.666
[5,    90] test loss: 0.645
[5,    95] test loss: 0.627
[5,   100] test loss: 0.691
[5,   105] test loss: 0.657
[5,   110] test loss: 0.630
-----------------------------------------------------------------------------------------
Micro-Precision: 0.27808818221092224, Macro-Precision: nan

Micro-Recall: 0.29277321696281433, Macro-Recall: nan

Micro-F1: 0.2852418124675751, Macro-F1: nan

-----------------------------------------------------------------------------------------
-----------------------------------------------------------------------------------------
| end of epoch   4 | time: 133.64s | valid loss  0.66 | valid ppl     1.94
-----------------------------------------------------------------------------------------
[6,     5] train loss: 0.656
[6,    10] train loss: 0.659
[6,    15] train loss: 0.686
[6,    20] train loss: 0.670
[6,    25] train loss: 0.664
[6,    30] train loss: 0.659
[6,    35] train loss: 0.655
[6,    40] train loss: 0.663
[6,    45] train loss: 0.663
[6,    50] train loss: 0.661
[6,    55] train loss: 0.652
[6,    60] train loss: 0.659
[6,    65] train loss: 0.666
[6,    70] train loss: 0.667
[6,    75] train loss: 0.660
[6,    80] train loss: 0.670
[6,    85] train loss: 0.664
[6,    90] train loss: 0.664
[6,    95] train loss: 0.663
[6,   100] train loss: 0.673
[6,   105] train loss: 0.649
[6,   110] train loss: 0.667
[6,   115] train loss: 0.673
[6,   120] train loss: 0.659
[6,   125] train loss: 0.655
[6,   130] train loss: 0.665
[6,   135] train loss: 0.663
[6,   140] train loss: 0.652
[6,   145] train loss: 0.653
[6,   150] train loss: 0.664
[6,   155] train loss: 0.643
[6,   160] train loss: 0.654
[6,   165] train loss: 0.650
[6,   170] train loss: 0.659
[6,   175] train loss: 0.662
[6,   180] train loss: 0.678
[6,   185] train loss: 0.660
[6,   190] train loss: 0.673
[6,   195] train loss: 0.648
[6,   200] train loss: 0.657
[6,   205] train loss: 0.659
[6,   210] train loss: 0.661
[6,   215] train loss: 0.662
[6,   220] train loss: 0.649
[6,   225] train loss: 0.665
[6,   230] train loss: 0.641
[6,   235] train loss: 0.656
[6,   240] train loss: 0.659
[6,   245] train loss: 0.659
[6,   250] train loss: 0.672
[6,   255] train loss: 0.649
[6,   260] train loss: 0.662
[6,   265] train loss: 0.687
[6,   270] train loss: 0.655
[6,   275] train loss: 0.666
[6,   280] train loss: 0.662
[6,   285] train loss: 0.662
[6,   290] train loss: 0.655
[6,   295] train loss: 0.658
[6,   300] train loss: 0.668
[6,   305] train loss: 0.663
[6,   310] train loss: 0.653
[6,   315] train loss: 0.642
[6,   320] train loss: 0.646
[6,   325] train loss: 0.648
[6,   330] train loss: 0.670
Finished Training
[6,     5] test loss: 0.636
[6,    10] test loss: 0.642
[6,    15] test loss: 0.645
[6,    20] test loss: 0.651
[6,    25] test loss: 0.654
[6,    30] test loss: 0.654
[6,    35] test loss: 0.647
[6,    40] test loss: 0.637
[6,    45] test loss: 0.621
[6,    50] test loss: 0.640
[6,    55] test loss: 0.638
[6,    60] test loss: 0.629
[6,    65] test loss: 0.651
[6,    70] test loss: 0.654
[6,    75] test loss: 0.615
[6,    80] test loss: 0.645
[6,    85] test loss: 0.648
[6,    90] test loss: 0.668
[6,    95] test loss: 0.642
[6,   100] test loss: 0.630
[6,   105] test loss: 0.638
[6,   110] test loss: 0.658
-----------------------------------------------------------------------------------------
Micro-Precision: 0.29857122898101807, Macro-Precision: nan

Micro-Recall: 0.3118644654750824, Macro-Recall: nan

Micro-F1: 0.3050731122493744, Macro-F1: nan

-----------------------------------------------------------------------------------------
-----------------------------------------------------------------------------------------
| end of epoch   5 | time: 134.10s | valid loss  0.65 | valid ppl     1.91
-----------------------------------------------------------------------------------------
[7,     5] train loss: 0.648
[7,    10] train loss: 0.620
[7,    15] train loss: 0.631
[7,    20] train loss: 0.666
[7,    25] train loss: 0.654
[7,    30] train loss: 0.641
[7,    35] train loss: 0.637
[7,    40] train loss: 0.633
[7,    45] train loss: 0.634
[7,    50] train loss: 0.644
[7,    55] train loss: 0.643
[7,    60] train loss: 0.639
[7,    65] train loss: 0.628
[7,    70] train loss: 0.663
[7,    75] train loss: 0.654
[7,    80] train loss: 0.639
[7,    85] train loss: 0.645
[7,    90] train loss: 0.637
[7,    95] train loss: 0.654
[7,   100] train loss: 0.639
[7,   105] train loss: 0.644
[7,   110] train loss: 0.649
[7,   115] train loss: 0.648
[7,   120] train loss: 0.633
[7,   125] train loss: 0.629
[7,   130] train loss: 0.645
[7,   135] train loss: 0.641
[7,   140] train loss: 0.630
[7,   145] train loss: 0.648
[7,   150] train loss: 0.629
[7,   155] train loss: 0.636
[7,   160] train loss: 0.643
[7,   165] train loss: 0.643
[7,   170] train loss: 0.649
[7,   175] train loss: 0.649
[7,   180] train loss: 0.642
[7,   185] train loss: 0.619
[7,   190] train loss: 0.645
[7,   195] train loss: 0.652
[7,   200] train loss: 0.630
[7,   205] train loss: 0.634
[7,   210] train loss: 0.642
[7,   215] train loss: 0.661
[7,   220] train loss: 0.646
[7,   225] train loss: 0.649
[7,   230] train loss: 0.641
[7,   235] train loss: 0.639
[7,   240] train loss: 0.629
[7,   245] train loss: 0.651
[7,   250] train loss: 0.648
[7,   255] train loss: 0.647
[7,   260] train loss: 0.643
[7,   265] train loss: 0.636
[7,   270] train loss: 0.623
[7,   275] train loss: 0.624
[7,   280] train loss: 0.627
[7,   285] train loss: 0.653
[7,   290] train loss: 0.655
[7,   295] train loss: 0.640
[7,   300] train loss: 0.649
[7,   305] train loss: 0.661
[7,   310] train loss: 0.637
[7,   315] train loss: 0.635
[7,   320] train loss: 0.641
[7,   325] train loss: 0.621
[7,   330] train loss: 0.627
Finished Training
[7,     5] test loss: 0.625
[7,    10] test loss: 0.620
[7,    15] test loss: 0.633
[7,    20] test loss: 0.637
[7,    25] test loss: 0.634
[7,    30] test loss: 0.637
[7,    35] test loss: 0.616
[7,    40] test loss: 0.630
[7,    45] test loss: 0.646
[7,    50] test loss: 0.662
[7,    55] test loss: 0.645
[7,    60] test loss: 0.632
[7,    65] test loss: 0.622
[7,    70] test loss: 0.626
[7,    75] test loss: 0.635
[7,    80] test loss: 0.650
[7,    85] test loss: 0.624
[7,    90] test loss: 0.634
[7,    95] test loss: 0.611
[7,   100] test loss: 0.619
[7,   105] test loss: 0.606
[7,   110] test loss: 0.634
-----------------------------------------------------------------------------------------
Micro-Precision: 0.30372393131256104, Macro-Precision: nan

Micro-Recall: 0.3403567373752594, Macro-Recall: nan

Micro-F1: 0.32099854946136475, Macro-F1: nan

-----------------------------------------------------------------------------------------
-----------------------------------------------------------------------------------------
| end of epoch   6 | time: 135.40s | valid loss  0.64 | valid ppl     1.89
-----------------------------------------------------------------------------------------
[8,     5] train loss: 0.637
[8,    10] train loss: 0.623
[8,    15] train loss: 0.619
[8,    20] train loss: 0.628
[8,    25] train loss: 0.623
[8,    30] train loss: 0.632
[8,    35] train loss: 0.632
[8,    40] train loss: 0.647
[8,    45] train loss: 0.618
[8,    50] train loss: 0.632
[8,    55] train loss: 0.617
[8,    60] train loss: 0.621
[8,    65] train loss: 0.643
[8,    70] train loss: 0.644
[8,    75] train loss: 0.632
[8,    80] train loss: 0.614
[8,    85] train loss: 0.635
[8,    90] train loss: 0.630
[8,    95] train loss: 0.634
[8,   100] train loss: 0.626
[8,   105] train loss: 0.618
[8,   110] train loss: 0.601
[8,   115] train loss: 0.626
[8,   120] train loss: 0.613
[8,   125] train loss: 0.627
[8,   130] train loss: 0.627
[8,   135] train loss: 0.607
[8,   140] train loss: 0.623
[8,   145] train loss: 0.615
[8,   150] train loss: 0.627
[8,   155] train loss: 0.632
[8,   160] train loss: 0.626
[8,   165] train loss: 0.624
[8,   170] train loss: 0.613
[8,   175] train loss: 0.644
[8,   180] train loss: 0.639
[8,   185] train loss: 0.648
[8,   190] train loss: 0.643
[8,   195] train loss: 0.610
[8,   200] train loss: 0.639
[8,   205] train loss: 0.612
[8,   210] train loss: 0.612
[8,   215] train loss: 0.635
[8,   220] train loss: 0.621
[8,   225] train loss: 0.625
[8,   230] train loss: 0.628
[8,   235] train loss: 0.602
[8,   240] train loss: 0.621
[8,   245] train loss: 0.625
[8,   250] train loss: 0.618
[8,   255] train loss: 0.636
[8,   260] train loss: 0.622
[8,   265] train loss: 0.625
[8,   270] train loss: 0.630
[8,   275] train loss: 0.606
[8,   280] train loss: 0.612
[8,   285] train loss: 0.628
[8,   290] train loss: 0.631
[8,   295] train loss: 0.611
[8,   300] train loss: 0.604
[8,   305] train loss: 0.602
[8,   310] train loss: 0.614
[8,   315] train loss: 0.629
[8,   320] train loss: 0.626
[8,   325] train loss: 0.613
[8,   330] train loss: 0.625
Finished Training
[8,     5] test loss: 0.608
[8,    10] test loss: 0.602
[8,    15] test loss: 0.614
[8,    20] test loss: 0.617
[8,    25] test loss: 0.616
[8,    30] test loss: 0.611
[8,    35] test loss: 0.644
[8,    40] test loss: 0.620
[8,    45] test loss: 0.658
[8,    50] test loss: 0.610
[8,    55] test loss: 0.629
[8,    60] test loss: 0.627
[8,    65] test loss: 0.588
[8,    70] test loss: 0.646
[8,    75] test loss: 0.630
[8,    80] test loss: 0.628
[8,    85] test loss: 0.620
[8,    90] test loss: 0.653
[8,    95] test loss: 0.610
[8,   100] test loss: 0.601
[8,   105] test loss: 0.615
[8,   110] test loss: 0.597
-----------------------------------------------------------------------------------------
Micro-Precision: 0.31517770886421204, Macro-Precision: nan

Micro-Recall: 0.33724504709243774, Macro-Recall: nan

Micro-F1: 0.325838178396225, Macro-F1: nan

-----------------------------------------------------------------------------------------
-----------------------------------------------------------------------------------------
| end of epoch   7 | time: 134.27s | valid loss  0.63 | valid ppl     1.87
-----------------------------------------------------------------------------------------
[9,     5] train loss: 0.605
[9,    10] train loss: 0.626
[9,    15] train loss: 0.626
[9,    20] train loss: 0.615
[9,    25] train loss: 0.605
[9,    30] train loss: 0.601
[9,    35] train loss: 0.627
[9,    40] train loss: 0.614
[9,    45] train loss: 0.593
[9,    50] train loss: 0.603
[9,    55] train loss: 0.608
[9,    60] train loss: 0.601
[9,    65] train loss: 0.619
[9,    70] train loss: 0.597
[9,    75] train loss: 0.621
[9,    80] train loss: 0.611
[9,    85] train loss: 0.610
[9,    90] train loss: 0.616
[9,    95] train loss: 0.620
[9,   100] train loss: 0.622
[9,   105] train loss: 0.623
[9,   110] train loss: 0.605
[9,   115] train loss: 0.612
[9,   120] train loss: 0.614
[9,   125] train loss: 0.598
[9,   130] train loss: 0.596
[9,   135] train loss: 0.618
[9,   140] train loss: 0.610
[9,   145] train loss: 0.608
[9,   150] train loss: 0.610
[9,   155] train loss: 0.618
[9,   160] train loss: 0.616
[9,   165] train loss: 0.603
[9,   170] train loss: 0.625
[9,   175] train loss: 0.630
[9,   180] train loss: 0.606
[9,   185] train loss: 0.603
[9,   190] train loss: 0.610
[9,   195] train loss: 0.615
[9,   200] train loss: 0.601
[9,   205] train loss: 0.624
[9,   210] train loss: 0.601
[9,   215] train loss: 0.609
[9,   220] train loss: 0.608
[9,   225] train loss: 0.613
[9,   230] train loss: 0.599
[9,   235] train loss: 0.610
[9,   240] train loss: 0.603
[9,   245] train loss: 0.594
[9,   250] train loss: 0.609
[9,   255] train loss: 0.610
[9,   260] train loss: 0.595
[9,   265] train loss: 0.619
[9,   270] train loss: 0.608
[9,   275] train loss: 0.608
[9,   280] train loss: 0.605
[9,   285] train loss: 0.597
[9,   290] train loss: 0.615
[9,   295] train loss: 0.604
[9,   300] train loss: 0.606
[9,   305] train loss: 0.596
[9,   310] train loss: 0.609
[9,   315] train loss: 0.626
[9,   320] train loss: 0.608
[9,   325] train loss: 0.606
[9,   330] train loss: 0.590
Finished Training
[9,     5] test loss: 0.586
[9,    10] test loss: 0.601
[9,    15] test loss: 0.590
[9,    20] test loss: 0.609
[9,    25] test loss: 0.597
[9,    30] test loss: 0.608
[9,    35] test loss: 0.641
[9,    40] test loss: 0.630
[9,    45] test loss: 0.592
[9,    50] test loss: 0.597
[9,    55] test loss: 0.641
[9,    60] test loss: 0.609
[9,    65] test loss: 0.609
[9,    70] test loss: 0.625
[9,    75] test loss: 0.617
[9,    80] test loss: 0.620
[9,    85] test loss: 0.625
[9,    90] test loss: 0.605
[9,    95] test loss: 0.617
[9,   100] test loss: 0.627
[9,   105] test loss: 0.585
[9,   110] test loss: 0.609
-----------------------------------------------------------------------------------------
Micro-Precision: 0.32456889748573303, Macro-Precision: nan

Micro-Recall: 0.36683541536331177, Macro-Recall: nan

Micro-F1: 0.344410240650177, Macro-F1: nan

-----------------------------------------------------------------------------------------
-----------------------------------------------------------------------------------------
| end of epoch   8 | time: 135.45s | valid loss  0.62 | valid ppl     1.85
-----------------------------------------------------------------------------------------
[10,     5] train loss: 0.611
[10,    10] train loss: 0.594
[10,    15] train loss: 0.579
[10,    20] train loss: 0.570
[10,    25] train loss: 0.600
[10,    30] train loss: 0.603
[10,    35] train loss: 0.604
[10,    40] train loss: 0.590
[10,    45] train loss: 0.605
[10,    50] train loss: 0.567
[10,    55] train loss: 0.606
[10,    60] train loss: 0.611
[10,    65] train loss: 0.594
[10,    70] train loss: 0.605
[10,    75] train loss: 0.592
[10,    80] train loss: 0.583
[10,    85] train loss: 0.611
[10,    90] train loss: 0.600
[10,    95] train loss: 0.583
[10,   100] train loss: 0.595
[10,   105] train loss: 0.613
[10,   110] train loss: 0.619
[10,   115] train loss: 0.574
[10,   120] train loss: 0.591
[10,   125] train loss: 0.589
[10,   130] train loss: 0.589
[10,   135] train loss: 0.612
[10,   140] train loss: 0.598
[10,   145] train loss: 0.590
[10,   150] train loss: 0.607
[10,   155] train loss: 0.590
[10,   160] train loss: 0.598
[10,   165] train loss: 0.593
[10,   170] train loss: 0.593
[10,   175] train loss: 0.582
[10,   180] train loss: 0.595
[10,   185] train loss: 0.594
[10,   190] train loss: 0.599
[10,   195] train loss: 0.607
[10,   200] train loss: 0.603
[10,   205] train loss: 0.596
[10,   210] train loss: 0.601
[10,   215] train loss: 0.593
[10,   220] train loss: 0.600
[10,   225] train loss: 0.598
[10,   230] train loss: 0.589
[10,   235] train loss: 0.597
[10,   240] train loss: 0.585
[10,   245] train loss: 0.576
[10,   250] train loss: 0.606
[10,   255] train loss: 0.587
[10,   260] train loss: 0.593
[10,   265] train loss: 0.587
[10,   270] train loss: 0.608
[10,   275] train loss: 0.608
[10,   280] train loss: 0.592
[10,   285] train loss: 0.595
[10,   290] train loss: 0.597
[10,   295] train loss: 0.606
[10,   300] train loss: 0.609
[10,   305] train loss: 0.612
[10,   310] train loss: 0.593
[10,   315] train loss: 0.584
[10,   320] train loss: 0.591
[10,   325] train loss: 0.593
[10,   330] train loss: 0.600
Finished Training
[10,     5] test loss: 0.608
[10,    10] test loss: 0.611
[10,    15] test loss: 0.607
[10,    20] test loss: 0.608
[10,    25] test loss: 0.595
[10,    30] test loss: 0.595
[10,    35] test loss: 0.604
[10,    40] test loss: 0.611
[10,    45] test loss: 0.609
[10,    50] test loss: 0.603
[10,    55] test loss: 0.598
[10,    60] test loss: 0.595
[10,    65] test loss: 0.632
[10,    70] test loss: 0.587
[10,    75] test loss: 0.592
[10,    80] test loss: 0.593
[10,    85] test loss: 0.559
[10,    90] test loss: 0.634
[10,    95] test loss: 0.601
[10,   100] test loss: 0.608
[10,   105] test loss: 0.589
[10,   110] test loss: 0.625
-----------------------------------------------------------------------------------------
Micro-Precision: 0.3322422206401825, Macro-Precision: nan

Micro-Recall: 0.3504762351512909, Macro-Recall: nan

Micro-F1: 0.3411157429218292, Macro-F1: nan

-----------------------------------------------------------------------------------------
-----------------------------------------------------------------------------------------
| end of epoch   9 | time: 134.23s | valid loss  0.61 | valid ppl     1.84
-----------------------------------------------------------------------------------------
[11,     5] train loss: 0.587
[11,    10] train loss: 0.603
[11,    15] train loss: 0.578
[11,    20] train loss: 0.586
[11,    25] train loss: 0.588
[11,    30] train loss: 0.582
[11,    35] train loss: 0.579
[11,    40] train loss: 0.589
[11,    45] train loss: 0.584
[11,    50] train loss: 0.591
[11,    55] train loss: 0.548
[11,    60] train loss: 0.592
[11,    65] train loss: 0.586
[11,    70] train loss: 0.592
[11,    75] train loss: 0.571
[11,    80] train loss: 0.595
[11,    85] train loss: 0.577
[11,    90] train loss: 0.590
[11,    95] train loss: 0.579
[11,   100] train loss: 0.571
[11,   105] train loss: 0.596
[11,   110] train loss: 0.584
[11,   115] train loss: 0.595
[11,   120] train loss: 0.561
[11,   125] train loss: 0.594
[11,   130] train loss: 0.588
[11,   135] train loss: 0.575
[11,   140] train loss: 0.582
[11,   145] train loss: 0.579
[11,   150] train loss: 0.586
[11,   155] train loss: 0.557
[11,   160] train loss: 0.594
[11,   165] train loss: 0.582
[11,   170] train loss: 0.595
[11,   175] train loss: 0.598
[11,   180] train loss: 0.592
[11,   185] train loss: 0.581
[11,   190] train loss: 0.582
[11,   195] train loss: 0.568
[11,   200] train loss: 0.581
[11,   205] train loss: 0.610
[11,   210] train loss: 0.573
[11,   215] train loss: 0.590
[11,   220] train loss: 0.575
[11,   225] train loss: 0.593
[11,   230] train loss: 0.580
[11,   235] train loss: 0.597
[11,   240] train loss: 0.580
[11,   245] train loss: 0.584
[11,   250] train loss: 0.578
[11,   255] train loss: 0.588
[11,   260] train loss: 0.571
[11,   265] train loss: 0.567
[11,   270] train loss: 0.591
[11,   275] train loss: 0.575
[11,   280] train loss: 0.572
[11,   285] train loss: 0.587
[11,   290] train loss: 0.596
[11,   295] train loss: 0.594
[11,   300] train loss: 0.590
[11,   305] train loss: 0.576
[11,   310] train loss: 0.577
[11,   315] train loss: 0.582
[11,   320] train loss: 0.597
[11,   325] train loss: 0.579
[11,   330] train loss: 0.588
Finished Training
[11,     5] test loss: 0.619
[11,    10] test loss: 0.584
[11,    15] test loss: 0.578
[11,    20] test loss: 0.571
[11,    25] test loss: 0.616
[11,    30] test loss: 0.575
[11,    35] test loss: 0.616
[11,    40] test loss: 0.618
[11,    45] test loss: 0.588
[11,    50] test loss: 0.586
[11,    55] test loss: 0.575
[11,    60] test loss: 0.581
[11,    65] test loss: 0.615
[11,    70] test loss: 0.600
[11,    75] test loss: 0.619
[11,    80] test loss: 0.589
[11,    85] test loss: 0.620
[11,    90] test loss: 0.595
[11,    95] test loss: 0.588
[11,   100] test loss: 0.601
[11,   105] test loss: 0.619
[11,   110] test loss: 0.589
-----------------------------------------------------------------------------------------
Micro-Precision: 0.3370155990123749, Macro-Precision: nan

Micro-Recall: 0.3584566116333008, Macro-Recall: nan

Micro-F1: 0.3474055826663971, Macro-F1: nan

-----------------------------------------------------------------------------------------
-----------------------------------------------------------------------------------------
| end of epoch  10 | time: 134.31s | valid loss  0.60 | valid ppl     1.83
-----------------------------------------------------------------------------------------
[12,     5] train loss: 0.571
[12,    10] train loss: 0.573
[12,    15] train loss: 0.565
[12,    20] train loss: 0.580
[12,    25] train loss: 0.588
[12,    30] train loss: 0.569
[12,    35] train loss: 0.579
[12,    40] train loss: 0.565
[12,    45] train loss: 0.574
[12,    50] train loss: 0.571
[12,    55] train loss: 0.570
[12,    60] train loss: 0.559
[12,    65] train loss: 0.575
[12,    70] train loss: 0.584
[12,    75] train loss: 0.561
[12,    80] train loss: 0.558
[12,    85] train loss: 0.569
[12,    90] train loss: 0.565
[12,    95] train loss: 0.565
[12,   100] train loss: 0.568
[12,   105] train loss: 0.581
[12,   110] train loss: 0.581
[12,   115] train loss: 0.571
[12,   120] train loss: 0.588
[12,   125] train loss: 0.558
[12,   130] train loss: 0.581
[12,   135] train loss: 0.591
[12,   140] train loss: 0.589
[12,   145] train loss: 0.565
[12,   150] train loss: 0.577
[12,   155] train loss: 0.573
[12,   160] train loss: 0.587
[12,   165] train loss: 0.573
[12,   170] train loss: 0.566
[12,   175] train loss: 0.574
[12,   180] train loss: 0.579
[12,   185] train loss: 0.538
[12,   190] train loss: 0.575
[12,   195] train loss: 0.589
[12,   200] train loss: 0.556
[12,   205] train loss: 0.575
[12,   210] train loss: 0.568
[12,   215] train loss: 0.593
[12,   220] train loss: 0.572
[12,   225] train loss: 0.555
[12,   230] train loss: 0.587
[12,   235] train loss: 0.564
[12,   240] train loss: 0.559
[12,   245] train loss: 0.553
[12,   250] train loss: 0.581
[12,   255] train loss: 0.562
[12,   260] train loss: 0.575
[12,   265] train loss: 0.571
[12,   270] train loss: 0.582
[12,   275] train loss: 0.551
[12,   280] train loss: 0.574
[12,   285] train loss: 0.576
[12,   290] train loss: 0.563
[12,   295] train loss: 0.577
[12,   300] train loss: 0.561
[12,   305] train loss: 0.575
[12,   310] train loss: 0.577
[12,   315] train loss: 0.569
[12,   320] train loss: 0.580
[12,   325] train loss: 0.574
[12,   330] train loss: 0.579
Finished Training
[12,     5] test loss: 0.599
[12,    10] test loss: 0.586
[12,    15] test loss: 0.612
[12,    20] test loss: 0.572
[12,    25] test loss: 0.600
[12,    30] test loss: 0.553
[12,    35] test loss: 0.599
[12,    40] test loss: 0.568
[12,    45] test loss: 0.607
[12,    50] test loss: 0.580
[12,    55] test loss: 0.597
[12,    60] test loss: 0.591
[12,    65] test loss: 0.587
[12,    70] test loss: 0.598
[12,    75] test loss: 0.594
[12,    80] test loss: 0.600
[12,    85] test loss: 0.578
[12,    90] test loss: 0.578
[12,    95] test loss: 0.617
[12,   100] test loss: 0.594
[12,   105] test loss: 0.605
[12,   110] test loss: 0.568
-----------------------------------------------------------------------------------------
Micro-Precision: 0.34270402789115906, Macro-Precision: nan

Micro-Recall: 0.36495324969291687, Macro-Recall: nan

Micro-F1: 0.35347887873649597, Macro-F1: nan

-----------------------------------------------------------------------------------------
-----------------------------------------------------------------------------------------
| end of epoch  11 | time: 134.26s | valid loss  0.60 | valid ppl     1.81
-----------------------------------------------------------------------------------------
[13,     5] train loss: 0.569
[13,    10] train loss: 0.565
[13,    15] train loss: 0.567
[13,    20] train loss: 0.550
[13,    25] train loss: 0.568
[13,    30] train loss: 0.556
[13,    35] train loss: 0.567
[13,    40] train loss: 0.562
[13,    45] train loss: 0.547
[13,    50] train loss: 0.563
[13,    55] train loss: 0.559
[13,    60] train loss: 0.578
[13,    65] train loss: 0.561
[13,    70] train loss: 0.546
[13,    75] train loss: 0.567
[13,    80] train loss: 0.558
[13,    85] train loss: 0.574
[13,    90] train loss: 0.569
[13,    95] train loss: 0.581
[13,   100] train loss: 0.561
[13,   105] train loss: 0.557
[13,   110] train loss: 0.580
[13,   115] train loss: 0.565
[13,   120] train loss: 0.558
[13,   125] train loss: 0.567
[13,   130] train loss: 0.555
[13,   135] train loss: 0.573
[13,   140] train loss: 0.559
[13,   145] train loss: 0.545
[13,   150] train loss: 0.541
[13,   155] train loss: 0.558
[13,   160] train loss: 0.549
[13,   165] train loss: 0.560
[13,   170] train loss: 0.562
[13,   175] train loss: 0.553
[13,   180] train loss: 0.575
[13,   185] train loss: 0.566
[13,   190] train loss: 0.563
[13,   195] train loss: 0.558
[13,   200] train loss: 0.553
[13,   205] train loss: 0.553
[13,   210] train loss: 0.571
[13,   215] train loss: 0.553
[13,   220] train loss: 0.551
[13,   225] train loss: 0.549
[13,   230] train loss: 0.559
[13,   235] train loss: 0.539
[13,   240] train loss: 0.542
[13,   245] train loss: 0.555
[13,   250] train loss: 0.573
[13,   255] train loss: 0.554
[13,   260] train loss: 0.592
[13,   265] train loss: 0.575
[13,   270] train loss: 0.576
[13,   275] train loss: 0.549
[13,   280] train loss: 0.560
[13,   285] train loss: 0.564
[13,   290] train loss: 0.570
[13,   295] train loss: 0.551
[13,   300] train loss: 0.546
[13,   305] train loss: 0.576
[13,   310] train loss: 0.565
[13,   315] train loss: 0.585
[13,   320] train loss: 0.552
[13,   325] train loss: 0.557
[13,   330] train loss: 0.555
Finished Training
[13,     5] test loss: 0.574
[13,    10] test loss: 0.605
[13,    15] test loss: 0.591
[13,    20] test loss: 0.576
[13,    25] test loss: 0.623
[13,    30] test loss: 0.592
[13,    35] test loss: 0.576
[13,    40] test loss: 0.597
[13,    45] test loss: 0.560
[13,    50] test loss: 0.594
[13,    55] test loss: 0.563
[13,    60] test loss: 0.574
[13,    65] test loss: 0.612
[13,    70] test loss: 0.596
[13,    75] test loss: 0.587
[13,    80] test loss: 0.614
[13,    85] test loss: 0.594
[13,    90] test loss: 0.568
[13,    95] test loss: 0.582
[13,   100] test loss: 0.551
[13,   105] test loss: 0.579
[13,   110] test loss: 0.586
-----------------------------------------------------------------------------------------
Micro-Precision: 0.3463776707649231, Macro-Precision: nan

Micro-Recall: 0.3736118972301483, Macro-Recall: nan

Micro-F1: 0.359479695558548, Macro-F1: nan

-----------------------------------------------------------------------------------------
-----------------------------------------------------------------------------------------
| end of epoch  12 | time: 134.42s | valid loss  0.59 | valid ppl     1.81
-----------------------------------------------------------------------------------------
[14,     5] train loss: 0.532
[14,    10] train loss: 0.549
[14,    15] train loss: 0.565
[14,    20] train loss: 0.562
[14,    25] train loss: 0.543
[14,    30] train loss: 0.546
[14,    35] train loss: 0.570
[14,    40] train loss: 0.564
[14,    45] train loss: 0.566
[14,    50] train loss: 0.547
[14,    55] train loss: 0.551
[14,    60] train loss: 0.550
[14,    65] train loss: 0.554
[14,    70] train loss: 0.555
[14,    75] train loss: 0.539
[14,    80] train loss: 0.539
[14,    85] train loss: 0.547
[14,    90] train loss: 0.557
[14,    95] train loss: 0.558
[14,   100] train loss: 0.563
[14,   105] train loss: 0.559
[14,   110] train loss: 0.546
[14,   115] train loss: 0.548
[14,   120] train loss: 0.539
[14,   125] train loss: 0.549
[14,   130] train loss: 0.541
[14,   135] train loss: 0.547
[14,   140] train loss: 0.556
[14,   145] train loss: 0.570
[14,   150] train loss: 0.546
[14,   155] train loss: 0.556
[14,   160] train loss: 0.554
[14,   165] train loss: 0.548
[14,   170] train loss: 0.547
[14,   175] train loss: 0.551
[14,   180] train loss: 0.553
[14,   185] train loss: 0.554
[14,   190] train loss: 0.549
[14,   195] train loss: 0.563
[14,   200] train loss: 0.546
[14,   205] train loss: 0.548
[14,   210] train loss: 0.562
[14,   215] train loss: 0.543
[14,   220] train loss: 0.541
[14,   225] train loss: 0.557
[14,   230] train loss: 0.547
[14,   235] train loss: 0.546
[14,   240] train loss: 0.555
[14,   245] train loss: 0.565
[14,   250] train loss: 0.561
[14,   255] train loss: 0.555
[14,   260] train loss: 0.540
[14,   265] train loss: 0.541
[14,   270] train loss: 0.540
[14,   275] train loss: 0.531
[14,   280] train loss: 0.555
[14,   285] train loss: 0.552
[14,   290] train loss: 0.547
[14,   295] train loss: 0.543
[14,   300] train loss: 0.553
[14,   305] train loss: 0.559
[14,   310] train loss: 0.560
[14,   315] train loss: 0.549
[14,   320] train loss: 0.550
[14,   325] train loss: 0.563
[14,   330] train loss: 0.568
Finished Training
[14,     5] test loss: 0.608
[14,    10] test loss: 0.569
[14,    15] test loss: 0.586
[14,    20] test loss: 0.577
[14,    25] test loss: 0.564
[14,    30] test loss: 0.591
[14,    35] test loss: 0.588
[14,    40] test loss: 0.562
[14,    45] test loss: 0.587
[14,    50] test loss: 0.571
[14,    55] test loss: 0.574
[14,    60] test loss: 0.578
[14,    65] test loss: 0.586
[14,    70] test loss: 0.575
[14,    75] test loss: 0.568
[14,    80] test loss: 0.564
[14,    85] test loss: 0.610
[14,    90] test loss: 0.554
[14,    95] test loss: 0.600
[14,   100] test loss: 0.588
[14,   105] test loss: 0.598
[14,   110] test loss: 0.573
-----------------------------------------------------------------------------------------
Micro-Precision: 0.35025227069854736, Macro-Precision: nan

Micro-Recall: 0.35247641801834106, Macro-Recall: nan

Micro-F1: 0.3513607978820801, Macro-F1: nan

-----------------------------------------------------------------------------------------
-----------------------------------------------------------------------------------------
| end of epoch  13 | time: 133.20s | valid loss  0.59 | valid ppl     1.80
-----------------------------------------------------------------------------------------
[15,     5] train loss: 0.548
[15,    10] train loss: 0.544
[15,    15] train loss: 0.551
[15,    20] train loss: 0.530
[15,    25] train loss: 0.535
[15,    30] train loss: 0.541
[15,    35] train loss: 0.541
[15,    40] train loss: 0.540
[15,    45] train loss: 0.541
[15,    50] train loss: 0.551
[15,    55] train loss: 0.529
[15,    60] train loss: 0.540
[15,    65] train loss: 0.544
[15,    70] train loss: 0.545
[15,    75] train loss: 0.534
[15,    80] train loss: 0.523
[15,    85] train loss: 0.546
[15,    90] train loss: 0.526
[15,    95] train loss: 0.562
[15,   100] train loss: 0.546
[15,   105] train loss: 0.559
[15,   110] train loss: 0.547
[15,   115] train loss: 0.543
[15,   120] train loss: 0.519
[15,   125] train loss: 0.536
[15,   130] train loss: 0.548
[15,   135] train loss: 0.538
[15,   140] train loss: 0.556
[15,   145] train loss: 0.539
[15,   150] train loss: 0.545
[15,   155] train loss: 0.540
[15,   160] train loss: 0.545
[15,   165] train loss: 0.545
[15,   170] train loss: 0.527
[15,   175] train loss: 0.539
[15,   180] train loss: 0.547
[15,   185] train loss: 0.541
[15,   190] train loss: 0.545
[15,   195] train loss: 0.549
[15,   200] train loss: 0.536
[15,   205] train loss: 0.544
[15,   210] train loss: 0.540
[15,   215] train loss: 0.530
[15,   220] train loss: 0.530
[15,   225] train loss: 0.541
[15,   230] train loss: 0.555
[15,   235] train loss: 0.570
[15,   240] train loss: 0.536
[15,   245] train loss: 0.555
[15,   250] train loss: 0.547
[15,   255] train loss: 0.561
[15,   260] train loss: 0.542
[15,   265] train loss: 0.535
[15,   270] train loss: 0.543
[15,   275] train loss: 0.553
[15,   280] train loss: 0.528
[15,   285] train loss: 0.547
[15,   290] train loss: 0.530
[15,   295] train loss: 0.529
[15,   300] train loss: 0.545
[15,   305] train loss: 0.533
[15,   310] train loss: 0.520
[15,   315] train loss: 0.562
[15,   320] train loss: 0.541
[15,   325] train loss: 0.564
[15,   330] train loss: 0.530
Finished Training
[15,     5] test loss: 0.571
[15,    10] test loss: 0.588
[15,    15] test loss: 0.567
[15,    20] test loss: 0.565
[15,    25] test loss: 0.575
[15,    30] test loss: 0.566
[15,    35] test loss: 0.583
[15,    40] test loss: 0.565
[15,    45] test loss: 0.593
[15,    50] test loss: 0.569
[15,    55] test loss: 0.586
[15,    60] test loss: 0.560
[15,    65] test loss: 0.559
[15,    70] test loss: 0.588
[15,    75] test loss: 0.561
[15,    80] test loss: 0.564
[15,    85] test loss: 0.606
[15,    90] test loss: 0.595
[15,    95] test loss: 0.583
[15,   100] test loss: 0.549
[15,   105] test loss: 0.595
[15,   110] test loss: 0.582
-----------------------------------------------------------------------------------------
Micro-Precision: 0.3560561239719391, Macro-Precision: nan

Micro-Recall: 0.3797498047351837, Macro-Recall: nan

Micro-F1: 0.3675214946269989, Macro-F1: nan

-----------------------------------------------------------------------------------------
-----------------------------------------------------------------------------------------
| end of epoch  14 | time: 133.37s | valid loss  0.58 | valid ppl     1.79
-----------------------------------------------------------------------------------------
[16,     5] train loss: 0.548
[16,    10] train loss: 0.527
[16,    15] train loss: 0.524
[16,    20] train loss: 0.526
[16,    25] train loss: 0.539
[16,    30] train loss: 0.515
[16,    35] train loss: 0.536
[16,    40] train loss: 0.524
[16,    45] train loss: 0.536
[16,    50] train loss: 0.534
[16,    55] train loss: 0.533
[16,    60] train loss: 0.530
[16,    65] train loss: 0.532
[16,    70] train loss: 0.534
[16,    75] train loss: 0.531
[16,    80] train loss: 0.539
[16,    85] train loss: 0.532
[16,    90] train loss: 0.549
[16,    95] train loss: 0.538
[16,   100] train loss: 0.537
[16,   105] train loss: 0.523
[16,   110] train loss: 0.531
[16,   115] train loss: 0.546
[16,   120] train loss: 0.531
[16,   125] train loss: 0.540
[16,   130] train loss: 0.536
[16,   135] train loss: 0.537
[16,   140] train loss: 0.546
[16,   145] train loss: 0.542
[16,   150] train loss: 0.528
[16,   155] train loss: 0.526
[16,   160] train loss: 0.533
[16,   165] train loss: 0.519
[16,   170] train loss: 0.539
[16,   175] train loss: 0.517
[16,   180] train loss: 0.535
[16,   185] train loss: 0.533
[16,   190] train loss: 0.539
[16,   195] train loss: 0.537
[16,   200] train loss: 0.536
[16,   205] train loss: 0.532
[16,   210] train loss: 0.542
[16,   215] train loss: 0.506
[16,   220] train loss: 0.552
[16,   225] train loss: 0.525
[16,   230] train loss: 0.530
[16,   235] train loss: 0.534
[16,   240] train loss: 0.530
[16,   245] train loss: 0.542
[16,   250] train loss: 0.548
[16,   255] train loss: 0.519
[16,   260] train loss: 0.535
[16,   265] train loss: 0.525
[16,   270] train loss: 0.534
[16,   275] train loss: 0.535
[16,   280] train loss: 0.520
[16,   285] train loss: 0.544
[16,   290] train loss: 0.528
[16,   295] train loss: 0.545
[16,   300] train loss: 0.531
[16,   305] train loss: 0.562
[16,   310] train loss: 0.520
[16,   315] train loss: 0.531
[16,   320] train loss: 0.510
[16,   325] train loss: 0.552
[16,   330] train loss: 0.518
Finished Training
[16,     5] test loss: 0.573
[16,    10] test loss: 0.558
[16,    15] test loss: 0.575
[16,    20] test loss: 0.549
[16,    25] test loss: 0.587
[16,    30] test loss: 0.576
[16,    35] test loss: 0.583
[16,    40] test loss: 0.570
[16,    45] test loss: 0.585
[16,    50] test loss: 0.582
[16,    55] test loss: 0.558
[16,    60] test loss: 0.547
[16,    65] test loss: 0.591
[16,    70] test loss: 0.595
[16,    75] test loss: 0.560
[16,    80] test loss: 0.553
[16,    85] test loss: 0.569
[16,    90] test loss: 0.594
[16,    95] test loss: 0.561
[16,   100] test loss: 0.576
[16,   105] test loss: 0.578
[16,   110] test loss: 0.581
-----------------------------------------------------------------------------------------
Micro-Precision: 0.35443004965782166, Macro-Precision: nan

Micro-Recall: 0.386848509311676, Macro-Recall: nan

Micro-F1: 0.3699303865432739, Macro-F1: nan

-----------------------------------------------------------------------------------------
-----------------------------------------------------------------------------------------
| end of epoch  15 | time: 133.22s | valid loss  0.58 | valid ppl     1.78
-----------------------------------------------------------------------------------------
[17,     5] train loss: 0.525
[17,    10] train loss: 0.512
[17,    15] train loss: 0.534
[17,    20] train loss: 0.531
[17,    25] train loss: 0.515
[17,    30] train loss: 0.532
[17,    35] train loss: 0.525
[17,    40] train loss: 0.528
[17,    45] train loss: 0.511
[17,    50] train loss: 0.515
[17,    55] train loss: 0.509
[17,    60] train loss: 0.520
[17,    65] train loss: 0.532
[17,    70] train loss: 0.517
[17,    75] train loss: 0.510
[17,    80] train loss: 0.508
[17,    85] train loss: 0.529
[17,    90] train loss: 0.525
[17,    95] train loss: 0.523
[17,   100] train loss: 0.521
[17,   105] train loss: 0.529
[17,   110] train loss: 0.523
[17,   115] train loss: 0.520
[17,   120] train loss: 0.531
[17,   125] train loss: 0.525
[17,   130] train loss: 0.534
[17,   135] train loss: 0.529
[17,   140] train loss: 0.517
[17,   145] train loss: 0.527
[17,   150] train loss: 0.538
[17,   155] train loss: 0.516
[17,   160] train loss: 0.537
[17,   165] train loss: 0.527
[17,   170] train loss: 0.541
[17,   175] train loss: 0.536
[17,   180] train loss: 0.524
[17,   185] train loss: 0.529
[17,   190] train loss: 0.532
[17,   195] train loss: 0.529
[17,   200] train loss: 0.510
[17,   205] train loss: 0.522
[17,   210] train loss: 0.518
[17,   215] train loss: 0.535
[17,   220] train loss: 0.525
[17,   225] train loss: 0.519
[17,   230] train loss: 0.536
[17,   235] train loss: 0.506
[17,   240] train loss: 0.534
[17,   245] train loss: 0.539
[17,   250] train loss: 0.545
[17,   255] train loss: 0.539
[17,   260] train loss: 0.517
[17,   265] train loss: 0.521
[17,   270] train loss: 0.530
[17,   275] train loss: 0.513
[17,   280] train loss: 0.516
[17,   285] train loss: 0.531
[17,   290] train loss: 0.524
[17,   295] train loss: 0.531
[17,   300] train loss: 0.528
[17,   305] train loss: 0.512
[17,   310] train loss: 0.522
[17,   315] train loss: 0.519
[17,   320] train loss: 0.520
[17,   325] train loss: 0.527
[17,   330] train loss: 0.516
Finished Training
[17,     5] test loss: 0.574
[17,    10] test loss: 0.589
[17,    15] test loss: 0.558
[17,    20] test loss: 0.592
[17,    25] test loss: 0.572
[17,    30] test loss: 0.551
[17,    35] test loss: 0.568
[17,    40] test loss: 0.559
[17,    45] test loss: 0.552
[17,    50] test loss: 0.596
[17,    55] test loss: 0.577
[17,    60] test loss: 0.549
[17,    65] test loss: 0.556
[17,    70] test loss: 0.592
[17,    75] test loss: 0.576
[17,    80] test loss: 0.579
[17,    85] test loss: 0.554
[17,    90] test loss: 0.542
[17,    95] test loss: 0.566
[17,   100] test loss: 0.575
[17,   105] test loss: 0.597
[17,   110] test loss: 0.574
-----------------------------------------------------------------------------------------
Micro-Precision: 0.35888487100601196, Macro-Precision: nan

Micro-Recall: 0.3882068991661072, Macro-Recall: nan

Micro-F1: 0.37297046184539795, Macro-F1: nan

-----------------------------------------------------------------------------------------
-----------------------------------------------------------------------------------------
| end of epoch  16 | time: 133.18s | valid loss  0.58 | valid ppl     1.78
-----------------------------------------------------------------------------------------
[18,     5] train loss: 0.528
[18,    10] train loss: 0.519
[18,    15] train loss: 0.524
[18,    20] train loss: 0.518
[18,    25] train loss: 0.505
[18,    30] train loss: 0.518
[18,    35] train loss: 0.519
[18,    40] train loss: 0.519
[18,    45] train loss: 0.526
[18,    50] train loss: 0.519
[18,    55] train loss: 0.513
[18,    60] train loss: 0.510
[18,    65] train loss: 0.521
[18,    70] train loss: 0.520
[18,    75] train loss: 0.526
[18,    80] train loss: 0.532
[18,    85] train loss: 0.512
[18,    90] train loss: 0.507
[18,    95] train loss: 0.510
[18,   100] train loss: 0.503
[18,   105] train loss: 0.498
[18,   110] train loss: 0.505
[18,   115] train loss: 0.517
[18,   120] train loss: 0.521
[18,   125] train loss: 0.526
[18,   130] train loss: 0.518
[18,   135] train loss: 0.543
[18,   140] train loss: 0.506
[18,   145] train loss: 0.513
[18,   150] train loss: 0.508
[18,   155] train loss: 0.528
[18,   160] train loss: 0.508
[18,   165] train loss: 0.501
[18,   170] train loss: 0.503
[18,   175] train loss: 0.527
[18,   180] train loss: 0.512
[18,   185] train loss: 0.523
[18,   190] train loss: 0.523
[18,   195] train loss: 0.535
[18,   200] train loss: 0.503
[18,   205] train loss: 0.516
[18,   210] train loss: 0.531
[18,   215] train loss: 0.518
[18,   220] train loss: 0.507
[18,   225] train loss: 0.498
[18,   230] train loss: 0.510
[18,   235] train loss: 0.511
[18,   240] train loss: 0.510
[18,   245] train loss: 0.534
[18,   250] train loss: 0.507
[18,   255] train loss: 0.525
[18,   260] train loss: 0.521
[18,   265] train loss: 0.509
[18,   270] train loss: 0.532
[18,   275] train loss: 0.511
[18,   280] train loss: 0.518
[18,   285] train loss: 0.525
[18,   290] train loss: 0.536
[18,   295] train loss: 0.514
[18,   300] train loss: 0.527
[18,   305] train loss: 0.507
[18,   310] train loss: 0.520
[18,   315] train loss: 0.499
[18,   320] train loss: 0.529
[18,   325] train loss: 0.512
[18,   330] train loss: 0.512
Finished Training
[18,     5] test loss: 0.569
[18,    10] test loss: 0.547
[18,    15] test loss: 0.539
[18,    20] test loss: 0.592
[18,    25] test loss: 0.556
[18,    30] test loss: 0.558
[18,    35] test loss: 0.563
[18,    40] test loss: 0.568
[18,    45] test loss: 0.567
[18,    50] test loss: 0.578
[18,    55] test loss: 0.570
[18,    60] test loss: 0.572
[18,    65] test loss: 0.537
[18,    70] test loss: 0.599
[18,    75] test loss: 0.574
[18,    80] test loss: 0.583
[18,    85] test loss: 0.551
[18,    90] test loss: 0.558
[18,    95] test loss: 0.570
[18,   100] test loss: 0.556
[18,   105] test loss: 0.586
[18,   110] test loss: 0.556
-----------------------------------------------------------------------------------------
Micro-Precision: 0.3669227063655853, Macro-Precision: nan

Micro-Recall: 0.3662194311618805, Macro-Recall: nan

Micro-F1: 0.36657074093818665, Macro-F1: nan

-----------------------------------------------------------------------------------------
-----------------------------------------------------------------------------------------
| end of epoch  17 | time: 132.13s | valid loss  0.57 | valid ppl     1.77
-----------------------------------------------------------------------------------------
[19,     5] train loss: 0.491
[19,    10] train loss: 0.484
[19,    15] train loss: 0.506
[19,    20] train loss: 0.506
[19,    25] train loss: 0.495
[19,    30] train loss: 0.509
[19,    35] train loss: 0.517
[19,    40] train loss: 0.521
[19,    45] train loss: 0.512
[19,    50] train loss: 0.497
[19,    55] train loss: 0.504
[19,    60] train loss: 0.506
[19,    65] train loss: 0.515
[19,    70] train loss: 0.518
[19,    75] train loss: 0.513
[19,    80] train loss: 0.490
[19,    85] train loss: 0.514
[19,    90] train loss: 0.524
[19,    95] train loss: 0.514
[19,   100] train loss: 0.514
[19,   105] train loss: 0.515
[19,   110] train loss: 0.514
[19,   115] train loss: 0.519
[19,   120] train loss: 0.509
[19,   125] train loss: 0.517
[19,   130] train loss: 0.515
[19,   135] train loss: 0.506
[19,   140] train loss: 0.526
[19,   145] train loss: 0.499
[19,   150] train loss: 0.504
[19,   155] train loss: 0.530
[19,   160] train loss: 0.515
[19,   165] train loss: 0.510
[19,   170] train loss: 0.531
[19,   175] train loss: 0.504
[19,   180] train loss: 0.519
[19,   185] train loss: 0.497
[19,   190] train loss: 0.501
[19,   195] train loss: 0.518
[19,   200] train loss: 0.515
[19,   205] train loss: 0.512
[19,   210] train loss: 0.503
[19,   215] train loss: 0.492
[19,   220] train loss: 0.517
[19,   225] train loss: 0.500
[19,   230] train loss: 0.487
[19,   235] train loss: 0.492
[19,   240] train loss: 0.486
[19,   245] train loss: 0.491
[19,   250] train loss: 0.505
[19,   255] train loss: 0.516
[19,   260] train loss: 0.521
[19,   265] train loss: 0.493
[19,   270] train loss: 0.502
[19,   275] train loss: 0.527
[19,   280] train loss: 0.533
[19,   285] train loss: 0.506
[19,   290] train loss: 0.510
[19,   295] train loss: 0.517
[19,   300] train loss: 0.520
[19,   305] train loss: 0.513
[19,   310] train loss: 0.522
[19,   315] train loss: 0.508
[19,   320] train loss: 0.495
[19,   325] train loss: 0.506
[19,   330] train loss: 0.494
Finished Training
[19,     5] test loss: 0.534
[19,    10] test loss: 0.575
[19,    15] test loss: 0.577
[19,    20] test loss: 0.570
[19,    25] test loss: 0.540
[19,    30] test loss: 0.570
[19,    35] test loss: 0.540
[19,    40] test loss: 0.554
[19,    45] test loss: 0.565
[19,    50] test loss: 0.574
[19,    55] test loss: 0.547
[19,    60] test loss: 0.547
[19,    65] test loss: 0.564
[19,    70] test loss: 0.566
[19,    75] test loss: 0.535
[19,    80] test loss: 0.564
[19,    85] test loss: 0.552
[19,    90] test loss: 0.589
[19,    95] test loss: 0.600
[19,   100] test loss: 0.549
[19,   105] test loss: 0.609
[19,   110] test loss: 0.571
-----------------------------------------------------------------------------------------
Micro-Precision: 0.3684358298778534, Macro-Precision: nan

Micro-Recall: 0.38394007086753845, Macro-Recall: nan

Micro-F1: 0.3760282099246979, Macro-F1: nan

-----------------------------------------------------------------------------------------
-----------------------------------------------------------------------------------------
| end of epoch  18 | time: 132.70s | valid loss  0.57 | valid ppl     1.77
-----------------------------------------------------------------------------------------
[20,     5] train loss: 0.500
[20,    10] train loss: 0.481
[20,    15] train loss: 0.505
[20,    20] train loss: 0.502
[20,    25] train loss: 0.498
[20,    30] train loss: 0.512
[20,    35] train loss: 0.504
[20,    40] train loss: 0.491
[20,    45] train loss: 0.507
[20,    50] train loss: 0.499
[20,    55] train loss: 0.509
[20,    60] train loss: 0.495
[20,    65] train loss: 0.506
[20,    70] train loss: 0.490
[20,    75] train loss: 0.498
[20,    80] train loss: 0.504
[20,    85] train loss: 0.512
[20,    90] train loss: 0.493
[20,    95] train loss: 0.508
[20,   100] train loss: 0.505
[20,   105] train loss: 0.501
[20,   110] train loss: 0.486
[20,   115] train loss: 0.510
[20,   120] train loss: 0.496
[20,   125] train loss: 0.508
[20,   130] train loss: 0.514
[20,   135] train loss: 0.485
[20,   140] train loss: 0.494
[20,   145] train loss: 0.496
[20,   150] train loss: 0.505
[20,   155] train loss: 0.490
[20,   160] train loss: 0.494
[20,   165] train loss: 0.506
[20,   170] train loss: 0.506
[20,   175] train loss: 0.485
[20,   180] train loss: 0.501
[20,   185] train loss: 0.510
[20,   190] train loss: 0.506
[20,   195] train loss: 0.521
[20,   200] train loss: 0.505
[20,   205] train loss: 0.503
[20,   210] train loss: 0.506
[20,   215] train loss: 0.499
[20,   220] train loss: 0.498
[20,   225] train loss: 0.506
[20,   230] train loss: 0.491
[20,   235] train loss: 0.508
[20,   240] train loss: 0.497
[20,   245] train loss: 0.515
[20,   250] train loss: 0.499
[20,   255] train loss: 0.502
[20,   260] train loss: 0.509
[20,   265] train loss: 0.490
[20,   270] train loss: 0.513
[20,   275] train loss: 0.488
[20,   280] train loss: 0.509
[20,   285] train loss: 0.524
[20,   290] train loss: 0.509
[20,   295] train loss: 0.499
[20,   300] train loss: 0.516
[20,   305] train loss: 0.494
[20,   310] train loss: 0.491
[20,   315] train loss: 0.502
[20,   320] train loss: 0.509
[20,   325] train loss: 0.513
[20,   330] train loss: 0.507
Finished Training
[20,     5] test loss: 0.574
[20,    10] test loss: 0.558
[20,    15] test loss: 0.553
[20,    20] test loss: 0.547
[20,    25] test loss: 0.557
[20,    30] test loss: 0.550
[20,    35] test loss: 0.567
[20,    40] test loss: 0.569
[20,    45] test loss: 0.586
[20,    50] test loss: 0.558
[20,    55] test loss: 0.546
[20,    60] test loss: 0.565
[20,    65] test loss: 0.569
[20,    70] test loss: 0.560
[20,    75] test loss: 0.567
[20,    80] test loss: 0.588
[20,    85] test loss: 0.573
[20,    90] test loss: 0.557
[20,    95] test loss: 0.554
[20,   100] test loss: 0.549
[20,   105] test loss: 0.538
[20,   110] test loss: 0.562
-----------------------------------------------------------------------------------------
Micro-Precision: 0.3683721721172333, Macro-Precision: nan

Micro-Recall: 0.39473530650138855, Macro-Recall: nan

Micro-F1: 0.38109835982322693, Macro-F1: nan

-----------------------------------------------------------------------------------------
-----------------------------------------------------------------------------------------
| end of epoch  19 | time: 133.52s | valid loss  0.57 | valid ppl     1.76
-----------------------------------------------------------------------------------------
[21,     5] train loss: 0.488
[21,    10] train loss: 0.489
[21,    15] train loss: 0.489
[21,    20] train loss: 0.499
[21,    25] train loss: 0.502
[21,    30] train loss: 0.497
[21,    35] train loss: 0.492
[21,    40] train loss: 0.501
[21,    45] train loss: 0.497
[21,    50] train loss: 0.495
[21,    55] train loss: 0.504
[21,    60] train loss: 0.496
[21,    65] train loss: 0.483
[21,    70] train loss: 0.492
[21,    75] train loss: 0.494
[21,    80] train loss: 0.499
[21,    85] train loss: 0.494
[21,    90] train loss: 0.493
[21,    95] train loss: 0.493
[21,   100] train loss: 0.496
[21,   105] train loss: 0.502
[21,   110] train loss: 0.492
[21,   115] train loss: 0.496
[21,   120] train loss: 0.492
[21,   125] train loss: 0.480
[21,   130] train loss: 0.507
[21,   135] train loss: 0.494
[21,   140] train loss: 0.503
[21,   145] train loss: 0.486
[21,   150] train loss: 0.501
[21,   155] train loss: 0.479
[21,   160] train loss: 0.507
[21,   165] train loss: 0.504
[21,   170] train loss: 0.497
[21,   175] train loss: 0.496
[21,   180] train loss: 0.500
[21,   185] train loss: 0.496
[21,   190] train loss: 0.493
[21,   195] train loss: 0.471
[21,   200] train loss: 0.498
[21,   205] train loss: 0.503
[21,   210] train loss: 0.471
[21,   215] train loss: 0.494
[21,   220] train loss: 0.496
[21,   225] train loss: 0.490
[21,   230] train loss: 0.504
[21,   235] train loss: 0.501
[21,   240] train loss: 0.481
[21,   245] train loss: 0.494
[21,   250] train loss: 0.493
[21,   255] train loss: 0.494
[21,   260] train loss: 0.486
[21,   265] train loss: 0.493
[21,   270] train loss: 0.493
[21,   275] train loss: 0.482
[21,   280] train loss: 0.502
[21,   285] train loss: 0.478
[21,   290] train loss: 0.507
[21,   295] train loss: 0.508
[21,   300] train loss: 0.489
[21,   305] train loss: 0.486
[21,   310] train loss: 0.492
[21,   315] train loss: 0.506
[21,   320] train loss: 0.497
[21,   325] train loss: 0.495
[21,   330] train loss: 0.493
Finished Training
[21,     5] test loss: 0.543
[21,    10] test loss: 0.563
[21,    15] test loss: 0.562
[21,    20] test loss: 0.537
[21,    25] test loss: 0.570
[21,    30] test loss: 0.581
[21,    35] test loss: 0.541
[21,    40] test loss: 0.547
[21,    45] test loss: 0.564
[21,    50] test loss: 0.580
[21,    55] test loss: 0.547
[21,    60] test loss: 0.545
[21,    65] test loss: 0.568
[21,    70] test loss: 0.565
[21,    75] test loss: 0.544
[21,    80] test loss: 0.540
[21,    85] test loss: 0.570
[21,    90] test loss: 0.557
[21,    95] test loss: 0.573
[21,   100] test loss: 0.562
[21,   105] test loss: 0.576
[21,   110] test loss: 0.574
-----------------------------------------------------------------------------------------
Micro-Precision: 0.37069636583328247, Macro-Precision: nan

Micro-Recall: 0.397491991519928, Macro-Recall: nan

Micro-F1: 0.3836268484592438, Macro-F1: nan

-----------------------------------------------------------------------------------------
-----------------------------------------------------------------------------------------
| end of epoch  20 | time: 133.64s | valid loss  0.56 | valid ppl     1.76
-----------------------------------------------------------------------------------------
[22,     5] train loss: 0.472
[22,    10] train loss: 0.486
[22,    15] train loss: 0.486
[22,    20] train loss: 0.477
[22,    25] train loss: 0.487
[22,    30] train loss: 0.480
[22,    35] train loss: 0.481
[22,    40] train loss: 0.489
[22,    45] train loss: 0.511
[22,    50] train loss: 0.492
[22,    55] train loss: 0.509
[22,    60] train loss: 0.475
[22,    65] train loss: 0.481
[22,    70] train loss: 0.509
[22,    75] train loss: 0.473
[22,    80] train loss: 0.470
[22,    85] train loss: 0.486
[22,    90] train loss: 0.467
[22,    95] train loss: 0.490
[22,   100] train loss: 0.499
[22,   105] train loss: 0.485
[22,   110] train loss: 0.486
[22,   115] train loss: 0.502
[22,   120] train loss: 0.474
[22,   125] train loss: 0.478
[22,   130] train loss: 0.497
[22,   135] train loss: 0.489
[22,   140] train loss: 0.481
[22,   145] train loss: 0.474
[22,   150] train loss: 0.487
[22,   155] train loss: 0.477
[22,   160] train loss: 0.484
[22,   165] train loss: 0.493
[22,   170] train loss: 0.493
[22,   175] train loss: 0.477
[22,   180] train loss: 0.482
[22,   185] train loss: 0.487
[22,   190] train loss: 0.482
[22,   195] train loss: 0.482
[22,   200] train loss: 0.494
[22,   205] train loss: 0.483
[22,   210] train loss: 0.514
[22,   215] train loss: 0.486
[22,   220] train loss: 0.487
[22,   225] train loss: 0.504
[22,   230] train loss: 0.505
[22,   235] train loss: 0.499
[22,   240] train loss: 0.505
[22,   245] train loss: 0.492
[22,   250] train loss: 0.482
[22,   255] train loss: 0.488
[22,   260] train loss: 0.480
[22,   265] train loss: 0.486
[22,   270] train loss: 0.482
[22,   275] train loss: 0.482
[22,   280] train loss: 0.504
[22,   285] train loss: 0.508
[22,   290] train loss: 0.473
[22,   295] train loss: 0.485
[22,   300] train loss: 0.468
[22,   305] train loss: 0.481
[22,   310] train loss: 0.488
[22,   315] train loss: 0.487
[22,   320] train loss: 0.501
[22,   325] train loss: 0.495
[22,   330] train loss: 0.493
Finished Training
[22,     5] test loss: 0.576
[22,    10] test loss: 0.569
[22,    15] test loss: 0.569
[22,    20] test loss: 0.562
[22,    25] test loss: 0.544
[22,    30] test loss: 0.546
[22,    35] test loss: 0.544
[22,    40] test loss: 0.574
[22,    45] test loss: 0.547
[22,    50] test loss: 0.549
[22,    55] test loss: 0.553
[22,    60] test loss: 0.553
[22,    65] test loss: 0.579
[22,    70] test loss: 0.575
[22,    75] test loss: 0.562
[22,    80] test loss: 0.552
[22,    85] test loss: 0.552
[22,    90] test loss: 0.555
[22,    95] test loss: 0.567
[22,   100] test loss: 0.547
[22,   105] test loss: 0.553
[22,   110] test loss: 0.566
-----------------------------------------------------------------------------------------
Micro-Precision: 0.3737390637397766, Macro-Precision: nan

Micro-Recall: 0.39033669233322144, Macro-Recall: nan

Micro-F1: 0.38185760378837585, Macro-F1: nan

-----------------------------------------------------------------------------------------
-----------------------------------------------------------------------------------------
| end of epoch  21 | time: 132.99s | valid loss  0.56 | valid ppl     1.76
-----------------------------------------------------------------------------------------
[23,     5] train loss: 0.486
[23,    10] train loss: 0.466
[23,    15] train loss: 0.482
[23,    20] train loss: 0.483
[23,    25] train loss: 0.466
[23,    30] train loss: 0.487
[23,    35] train loss: 0.476
[23,    40] train loss: 0.481
[23,    45] train loss: 0.491
[23,    50] train loss: 0.476
[23,    55] train loss: 0.474
[23,    60] train loss: 0.465
[23,    65] train loss: 0.506
[23,    70] train loss: 0.483
[23,    75] train loss: 0.469
[23,    80] train loss: 0.475
[23,    85] train loss: 0.488
[23,    90] train loss: 0.474
[23,    95] train loss: 0.494
[23,   100] train loss: 0.499
[23,   105] train loss: 0.484
[23,   110] train loss: 0.499
[23,   115] train loss: 0.478
[23,   120] train loss: 0.487
[23,   125] train loss: 0.463
[23,   130] train loss: 0.477
[23,   135] train loss: 0.499
[23,   140] train loss: 0.479
[23,   145] train loss: 0.487
[23,   150] train loss: 0.464
[23,   155] train loss: 0.481
[23,   160] train loss: 0.491
[23,   165] train loss: 0.478
[23,   170] train loss: 0.490
[23,   175] train loss: 0.485
[23,   180] train loss: 0.496
[23,   185] train loss: 0.475
[23,   190] train loss: 0.485
[23,   195] train loss: 0.474
[23,   200] train loss: 0.488
[23,   205] train loss: 0.480
[23,   210] train loss: 0.479
[23,   215] train loss: 0.482
[23,   220] train loss: 0.471
[23,   225] train loss: 0.486
[23,   230] train loss: 0.469
[23,   235] train loss: 0.492
[23,   240] train loss: 0.480
[23,   245] train loss: 0.474
[23,   250] train loss: 0.485
[23,   255] train loss: 0.467
[23,   260] train loss: 0.488
[23,   265] train loss: 0.481
[23,   270] train loss: 0.481
[23,   275] train loss: 0.482
[23,   280] train loss: 0.492
[23,   285] train loss: 0.485
[23,   290] train loss: 0.480
[23,   295] train loss: 0.496
[23,   300] train loss: 0.490
[23,   305] train loss: 0.473
[23,   310] train loss: 0.479
[23,   315] train loss: 0.486
[23,   320] train loss: 0.470
[23,   325] train loss: 0.482
[23,   330] train loss: 0.480
Finished Training
[23,     5] test loss: 0.547
[23,    10] test loss: 0.540
[23,    15] test loss: 0.571
[23,    20] test loss: 0.550
[23,    25] test loss: 0.577
[23,    30] test loss: 0.558
[23,    35] test loss: 0.550
[23,    40] test loss: 0.566
[23,    45] test loss: 0.546
[23,    50] test loss: 0.575
[23,    55] test loss: 0.525
[23,    60] test loss: 0.549
[23,    65] test loss: 0.553
[23,    70] test loss: 0.556
[23,    75] test loss: 0.564
[23,    80] test loss: 0.558
[23,    85] test loss: 0.568
[23,    90] test loss: 0.546
[23,    95] test loss: 0.569
[23,   100] test loss: 0.572
[23,   105] test loss: 0.549
[23,   110] test loss: 0.547
-----------------------------------------------------------------------------------------
Micro-Precision: 0.3697233200073242, Macro-Precision: nan

Micro-Recall: 0.40316042304039, Macro-Recall: nan

Micro-F1: 0.38571858406066895, Macro-F1: nan

-----------------------------------------------------------------------------------------
-----------------------------------------------------------------------------------------
| end of epoch  22 | time: 133.49s | valid loss  0.56 | valid ppl     1.75
-----------------------------------------------------------------------------------------
[24,     5] train loss: 0.485
[24,    10] train loss: 0.468
[24,    15] train loss: 0.487
[24,    20] train loss: 0.468
[24,    25] train loss: 0.491
[24,    30] train loss: 0.480
[24,    35] train loss: 0.475
[24,    40] train loss: 0.486
[24,    45] train loss: 0.470
[24,    50] train loss: 0.469
[24,    55] train loss: 0.471
[24,    60] train loss: 0.500
[24,    65] train loss: 0.484
[24,    70] train loss: 0.471
[24,    75] train loss: 0.475
[24,    80] train loss: 0.460
[24,    85] train loss: 0.461
[24,    90] train loss: 0.453
[24,    95] train loss: 0.476
[24,   100] train loss: 0.471
[24,   105] train loss: 0.487
[24,   110] train loss: 0.494
[24,   115] train loss: 0.484
[24,   120] train loss: 0.468
[24,   125] train loss: 0.485
[24,   130] train loss: 0.462
[24,   135] train loss: 0.472
[24,   140] train loss: 0.488
[24,   145] train loss: 0.478
[24,   150] train loss: 0.482
[24,   155] train loss: 0.458
[24,   160] train loss: 0.485
[24,   165] train loss: 0.478
[24,   170] train loss: 0.461
[24,   175] train loss: 0.457
[24,   180] train loss: 0.481
[24,   185] train loss: 0.475
[24,   190] train loss: 0.465
[24,   195] train loss: 0.464
[24,   200] train loss: 0.472
[24,   205] train loss: 0.474
[24,   210] train loss: 0.481
[24,   215] train loss: 0.469
[24,   220] train loss: 0.473
[24,   225] train loss: 0.482
[24,   230] train loss: 0.465
[24,   235] train loss: 0.477
[24,   240] train loss: 0.486
[24,   245] train loss: 0.484
[24,   250] train loss: 0.483
[24,   255] train loss: 0.472
[24,   260] train loss: 0.495
[24,   265] train loss: 0.468
[24,   270] train loss: 0.490
[24,   275] train loss: 0.479
[24,   280] train loss: 0.481
[24,   285] train loss: 0.475
[24,   290] train loss: 0.472
[24,   295] train loss: 0.473
[24,   300] train loss: 0.480
[24,   305] train loss: 0.460
[24,   310] train loss: 0.477
[24,   315] train loss: 0.468
[24,   320] train loss: 0.473
[24,   325] train loss: 0.460
[24,   330] train loss: 0.486
Finished Training
[24,     5] test loss: 0.540
[24,    10] test loss: 0.570
[24,    15] test loss: 0.538
[24,    20] test loss: 0.523
[24,    25] test loss: 0.567
[24,    30] test loss: 0.563
[24,    35] test loss: 0.553
[24,    40] test loss: 0.546
[24,    45] test loss: 0.568
[24,    50] test loss: 0.542
[24,    55] test loss: 0.580
[24,    60] test loss: 0.570
[24,    65] test loss: 0.534
[24,    70] test loss: 0.551
[24,    75] test loss: 0.569
[24,    80] test loss: 0.573
[24,    85] test loss: 0.510
[24,    90] test loss: 0.547
[24,    95] test loss: 0.542
[24,   100] test loss: 0.559
[24,   105] test loss: 0.534
[24,   110] test loss: 0.583
-----------------------------------------------------------------------------------------
Micro-Precision: 0.38027647137641907, Macro-Precision: nan

Micro-Recall: 0.3908087909221649, Macro-Recall: nan

Micro-F1: 0.3854707181453705, Macro-F1: nan

-----------------------------------------------------------------------------------------
-----------------------------------------------------------------------------------------
| end of epoch  23 | time: 133.10s | valid loss  0.56 | valid ppl     1.75
-----------------------------------------------------------------------------------------
[25,     5] train loss: 0.462
[25,    10] train loss: 0.485
[25,    15] train loss: 0.479
[25,    20] train loss: 0.481
[25,    25] train loss: 0.466
[25,    30] train loss: 0.463
[25,    35] train loss: 0.474
[25,    40] train loss: 0.458
[25,    45] train loss: 0.459
[25,    50] train loss: 0.480
[25,    55] train loss: 0.467
[25,    60] train loss: 0.446
[25,    65] train loss: 0.464
[25,    70] train loss: 0.461
[25,    75] train loss: 0.475
[25,    80] train loss: 0.462
[25,    85] train loss: 0.465
[25,    90] train loss: 0.459
[25,    95] train loss: 0.468
[25,   100] train loss: 0.452
[25,   105] train loss: 0.449
[25,   110] train loss: 0.473
[25,   115] train loss: 0.470
[25,   120] train loss: 0.479
[25,   125] train loss: 0.451
[25,   130] train loss: 0.462
[25,   135] train loss: 0.460
[25,   140] train loss: 0.472
[25,   145] train loss: 0.466
[25,   150] train loss: 0.475
[25,   155] train loss: 0.469
[25,   160] train loss: 0.469
[25,   165] train loss: 0.471
[25,   170] train loss: 0.480
[25,   175] train loss: 0.476
[25,   180] train loss: 0.478
[25,   185] train loss: 0.465
[25,   190] train loss: 0.474
[25,   195] train loss: 0.476
[25,   200] train loss: 0.466
[25,   205] train loss: 0.467
[25,   210] train loss: 0.474
[25,   215] train loss: 0.472
[25,   220] train loss: 0.463
[25,   225] train loss: 0.472
[25,   230] train loss: 0.468
[25,   235] train loss: 0.464
[25,   240] train loss: 0.479
[25,   245] train loss: 0.461
[25,   250] train loss: 0.476
[25,   255] train loss: 0.483
[25,   260] train loss: 0.467
[25,   265] train loss: 0.469
[25,   270] train loss: 0.461
[25,   275] train loss: 0.483
[25,   280] train loss: 0.471
[25,   285] train loss: 0.470
[25,   290] train loss: 0.477
[25,   295] train loss: 0.485
[25,   300] train loss: 0.468
[25,   305] train loss: 0.482
[25,   310] train loss: 0.480
[25,   315] train loss: 0.475
[25,   320] train loss: 0.474
[25,   325] train loss: 0.463
[25,   330] train loss: 0.457
Finished Training
[25,     5] test loss: 0.550
[25,    10] test loss: 0.560
[25,    15] test loss: 0.549
[25,    20] test loss: 0.554
[25,    25] test loss: 0.547
[25,    30] test loss: 0.565
[25,    35] test loss: 0.564
[25,    40] test loss: 0.546
[25,    45] test loss: 0.531
[25,    50] test loss: 0.534
[25,    55] test loss: 0.537
[25,    60] test loss: 0.545
[25,    65] test loss: 0.564
[25,    70] test loss: 0.534
[25,    75] test loss: 0.542
[25,    80] test loss: 0.554
[25,    85] test loss: 0.605
[25,    90] test loss: 0.530
[25,    95] test loss: 0.556
[25,   100] test loss: 0.558
[25,   105] test loss: 0.555
[25,   110] test loss: 0.538
-----------------------------------------------------------------------------------------
Micro-Precision: 0.3774401843547821, Macro-Precision: nan

Micro-Recall: 0.3966433107852936, Macro-Recall: nan

Micro-F1: 0.3868035674095154, Macro-F1: nan

-----------------------------------------------------------------------------------------
-----------------------------------------------------------------------------------------
| end of epoch  24 | time: 133.13s | valid loss  0.56 | valid ppl     1.74
-----------------------------------------------------------------------------------------
